{
  "stats": {
    "suites": 1,
    "tests": 8,
    "passes": 8,
    "pending": 0,
    "failures": 0,
    "start": "2025-01-07T18:56:45.836Z",
    "end": "2025-01-07T18:56:48.565Z",
    "duration": 2729,
    "testsRegistered": 8,
    "passPercent": 100,
    "pendingPercent": 0,
    "other": 0,
    "hasOther": false,
    "skipped": 0,
    "hasSkipped": false
  },
  "results": [
    {
      "uuid": "4034a9a1-3dc8-49ec-b293-f7bf15f9f433",
      "title": "",
      "fullFile": "cypress/e2e/features/boards/boards_tests.cy.ts",
      "file": "cypress/e2e/features/boards/boards_tests.cy.ts",
      "beforeHooks": [],
      "afterHooks": [],
      "tests": [],
      "suites": [
        {
          "uuid": "af300b74-541f-4e08-b421-5663729f1eb2",
          "title": "Funcionalidade de Board, que representa o quadro no Trello.",
          "fullFile": "",
          "file": "",
          "beforeHooks": [],
          "afterHooks": [],
          "tests": [
            {
              "title": "CT001 - Cenário - Criação de um novo Board no Trello - Teste Positivo",
              "fullTitle": "Funcionalidade de Board, que representa o quadro no Trello. CT001 - Cenário - Criação de um novo Board no Trello - Teste Positivo",
              "timedOut": null,
              "duration": 374,
              "state": "passed",
              "speed": "fast",
              "pass": true,
              "fail": false,
              "pending": false,
              "context": "{\n  \"title\": \"cypress-mochawesome-reporter-videos-passed\",\n  \"value\": \"cypress/e2e/features/boards/boards_tests.cy.ts\"\n}",
              "code": "const project = {\n    name: `${_faker_js_faker__WEBPACK_IMPORTED_MODULE_2__.a.company.name()}`,\n};\ncy.create_a_board(project)\n    .then(response => {\n    board_id = response.body.id;\n    board_name = response.body.name;\n    const idLength = board_id.toString().length;\n    expect(response.status).to.equal(200);\n    expect(response.body.name).to.equal(project.name);\n    expect(response.body.desc).to.equal(description);\n    expect(idLength).to.eq(24); // Validar se o id do board tem 24 caracteres.\n    // Validar o schema dos dados de retorno do endpoint.\n    expect(response.body).to.be.jsonSchema(_support_schemas_create_board__WEBPACK_IMPORTED_MODULE_0__[\"default\"]);\n});",
              "err": {},
              "uuid": "6babe468-0eb2-481e-87f8-da46800c5741",
              "parentUUID": "af300b74-541f-4e08-b421-5663729f1eb2",
              "isHook": false,
              "skipped": false
            },
            {
              "title": "CT002 - Cenário - Criação de um novo Board no Trello com project name vazio - Teste Negativo",
              "fullTitle": "Funcionalidade de Board, que representa o quadro no Trello. CT002 - Cenário - Criação de um novo Board no Trello com project name vazio - Teste Negativo",
              "timedOut": null,
              "duration": 108,
              "state": "passed",
              "speed": "fast",
              "pass": true,
              "fail": false,
              "pending": false,
              "context": "{\n  \"title\": \"cypress-mochawesome-reporter-videos-passed\",\n  \"value\": \"cypress/e2e/features/boards/boards_tests.cy.ts\"\n}",
              "code": "const project = {\n    name: ``,\n};\ncy.create_a_board(project)\n    .then(response => {\n    expect(response.status).to.equal(400);\n    expect(response.body.message).to.equal(\"invalid value for name\");\n    expect(response.body.error).to.equal(\"ERROR\");\n});",
              "err": {},
              "uuid": "03a8c041-009c-4588-b1a4-862c557edc3a",
              "parentUUID": "af300b74-541f-4e08-b421-5663729f1eb2",
              "isHook": false,
              "skipped": false
            },
            {
              "title": "CT003 - Cenário - Consulta do novo Board criado no Trello - Teste Positivo",
              "fullTitle": "Funcionalidade de Board, que representa o quadro no Trello. CT003 - Cenário - Consulta do novo Board criado no Trello - Teste Positivo",
              "timedOut": null,
              "duration": 116,
              "state": "passed",
              "speed": "fast",
              "pass": true,
              "fail": false,
              "pending": false,
              "context": "{\n  \"title\": \"cypress-mochawesome-reporter-videos-passed\",\n  \"value\": \"cypress/e2e/features/boards/boards_tests.cy.ts\"\n}",
              "code": "cy.get_board(board_id)\n    .then(response => {\n    expect(response.status).to.equal(200);\n    expect(response.body.name).to.equal(board_name);\n    expect(response.body.id).to.eq(board_id); // Validar se o id do board tem 24 caracteres.\n    // Validar o schema dos dados de retorno do endpoint.\n    expect(response.body).to.be.jsonSchema(_support_schemas_get_board__WEBPACK_IMPORTED_MODULE_1__[\"default\"]);\n});",
              "err": {},
              "uuid": "6ba678f5-b2bc-4796-8736-743c3f945531",
              "parentUUID": "af300b74-541f-4e08-b421-5663729f1eb2",
              "isHook": false,
              "skipped": false
            },
            {
              "title": "CT004 - Cenário - Consulta do novo Board criado no Trello com board_id invalido - Teste Negativo",
              "fullTitle": "Funcionalidade de Board, que representa o quadro no Trello. CT004 - Cenário - Consulta do novo Board criado no Trello com board_id invalido - Teste Negativo",
              "timedOut": null,
              "duration": 135,
              "state": "passed",
              "speed": "fast",
              "pass": true,
              "fail": false,
              "pending": false,
              "context": "{\n  \"title\": \"cypress-mochawesome-reporter-videos-passed\",\n  \"value\": \"cypress/e2e/features/boards/boards_tests.cy.ts\"\n}",
              "code": "cy.get_board(0)\n    .then(response => {\n    expect(response.status).to.equal(400);\n    expect(response.body).to.equal(\"invalid id\");\n});",
              "err": {},
              "uuid": "4ffecb2a-6a3d-4e41-b902-ac30d5408dd1",
              "parentUUID": "af300b74-541f-4e08-b421-5663729f1eb2",
              "isHook": false,
              "skipped": false
            },
            {
              "title": "CT005 - Cenário - Update no Board no Trello - Teste Positivo",
              "fullTitle": "Funcionalidade de Board, que representa o quadro no Trello. CT005 - Cenário - Update no Board no Trello - Teste Positivo",
              "timedOut": null,
              "duration": 189,
              "state": "passed",
              "speed": "fast",
              "pass": true,
              "fail": false,
              "pending": false,
              "context": "{\n  \"title\": \"cypress-mochawesome-reporter-videos-passed\",\n  \"value\": \"cypress/e2e/features/boards/boards_tests.cy.ts\"\n}",
              "code": "var board_name = \"Automação Cypress - Trello\";\nvar description = \"Teste de Update no Board\";\ncy.update_board(board_id, board_name, description)\n    .then(response => {\n    expect(response.status).to.equal(200);\n    expect(response.body.name).to.equal(board_name);\n    expect(response.body.desc).to.equal(description);\n    expect(response.body.id).to.eq(board_id); // Validar se o id do board tem 24 caracteres.\n    // Validar o schema dos dados de retorno do endpoint.\n    expect(response.body).to.be.jsonSchema(_support_schemas_get_board__WEBPACK_IMPORTED_MODULE_1__[\"default\"]);\n});",
              "err": {},
              "uuid": "701bc303-607f-4e01-b674-c32873000f8b",
              "parentUUID": "af300b74-541f-4e08-b421-5663729f1eb2",
              "isHook": false,
              "skipped": false
            },
            {
              "title": "CT006 - Cenário - Update no Board no Trello com id inválido - Teste Negativo",
              "fullTitle": "Funcionalidade de Board, que representa o quadro no Trello. CT006 - Cenário - Update no Board no Trello com id inválido - Teste Negativo",
              "timedOut": null,
              "duration": 88,
              "state": "passed",
              "speed": "fast",
              "pass": true,
              "fail": false,
              "pending": false,
              "context": "{\n  \"title\": \"cypress-mochawesome-reporter-videos-passed\",\n  \"value\": \"cypress/e2e/features/boards/boards_tests.cy.ts\"\n}",
              "code": "var board_name = \"Automação Cypress - Trello\";\nvar description = \"Teste de Update no Board\";\ncy.update_board(0, board_name, description)\n    .then(response => {\n    expect(response.status).to.equal(400);\n    expect(response.body).to.equal(\"invalid id\");\n});",
              "err": {},
              "uuid": "ee26b59d-9f13-47ed-bc81-5fd922117427",
              "parentUUID": "af300b74-541f-4e08-b421-5663729f1eb2",
              "isHook": false,
              "skipped": false
            },
            {
              "title": "CT007 - Cenário - Deletar um Board no Trello - Teste Positivo",
              "fullTitle": "Funcionalidade de Board, que representa o quadro no Trello. CT007 - Cenário - Deletar um Board no Trello - Teste Positivo",
              "timedOut": null,
              "duration": 1477,
              "state": "passed",
              "speed": "fast",
              "pass": true,
              "fail": false,
              "pending": false,
              "context": "{\n  \"title\": \"cypress-mochawesome-reporter-videos-passed\",\n  \"value\": \"cypress/e2e/features/boards/boards_tests.cy.ts\"\n}",
              "code": "cy.open_boards();\ncy.delete_board(board_id)\n    .then(response => {\n    expect(response.status).to.equal(200);\n});",
              "err": {},
              "uuid": "36ceb476-af8b-4dcc-9517-80a784e66b94",
              "parentUUID": "af300b74-541f-4e08-b421-5663729f1eb2",
              "isHook": false,
              "skipped": false
            },
            {
              "title": "CT008 - Cenário - Deletar um Board no Trello com um board_id inválido - Teste Negativo",
              "fullTitle": "Funcionalidade de Board, que representa o quadro no Trello. CT008 - Cenário - Deletar um Board no Trello com um board_id inválido - Teste Negativo",
              "timedOut": null,
              "duration": 202,
              "state": "passed",
              "speed": "fast",
              "pass": true,
              "fail": false,
              "pending": false,
              "context": "{\n  \"title\": \"cypress-mochawesome-reporter-videos-passed\",\n  \"value\": \"cypress/e2e/features/boards/boards_tests.cy.ts\"\n}",
              "code": "cy.open_boards();\ncy.delete_board(0)\n    .then(response => {\n    expect(response.status).to.equal(400);\n    expect(response.body).to.equal(\"invalid id\");\n});",
              "err": {},
              "uuid": "9456a85f-92f6-4f2d-ad65-49f036c07aa9",
              "parentUUID": "af300b74-541f-4e08-b421-5663729f1eb2",
              "isHook": false,
              "skipped": false
            }
          ],
          "suites": [],
          "passes": [
            "6babe468-0eb2-481e-87f8-da46800c5741",
            "03a8c041-009c-4588-b1a4-862c557edc3a",
            "6ba678f5-b2bc-4796-8736-743c3f945531",
            "4ffecb2a-6a3d-4e41-b902-ac30d5408dd1",
            "701bc303-607f-4e01-b674-c32873000f8b",
            "ee26b59d-9f13-47ed-bc81-5fd922117427",
            "36ceb476-af8b-4dcc-9517-80a784e66b94",
            "9456a85f-92f6-4f2d-ad65-49f036c07aa9"
          ],
          "failures": [],
          "pending": [],
          "skipped": [],
          "duration": 2689,
          "root": false,
          "rootEmpty": false,
          "_timeout": 2000
        }
      ],
      "passes": [],
      "failures": [],
      "pending": [],
      "skipped": [],
      "duration": 0,
      "root": true,
      "rootEmpty": true,
      "_timeout": 2000
    }
  ],
  "meta": {
    "mocha": {
      "version": "7.0.1"
    },
    "mochawesome": {
      "options": {
        "quiet": false,
        "reportFilename": "mochawesome",
        "saveHtml": false,
        "saveJson": true,
        "consoleReporter": "spec",
        "useInlineDiffs": false,
        "code": true
      },
      "version": "7.1.3"
    },
    "marge": {
      "options": {
        "overwrite": false,
        "html": false,
        "json": true
      },
      "version": "6.2.0"
    }
  }
}