{
  "stats": {
    "suites": 1,
    "tests": 12,
    "passes": 12,
    "pending": 0,
    "failures": 0,
    "start": "2025-01-12T00:41:32.323Z",
    "end": "2025-01-12T00:41:37.842Z",
    "duration": 5519,
    "testsRegistered": 12,
    "passPercent": 100,
    "pendingPercent": 0,
    "other": 0,
    "hasOther": false,
    "skipped": 0,
    "hasSkipped": false
  },
  "results": [
    {
      "uuid": "b677ec35-6ae2-4005-afd1-68f86c5f6872",
      "title": "",
      "fullFile": "cypress/e2e/features/boards_tests.cy.ts",
      "file": "cypress/e2e/features/boards_tests.cy.ts",
      "beforeHooks": [],
      "afterHooks": [],
      "tests": [],
      "suites": [
        {
          "uuid": "167df143-9214-4ad7-98a4-a963583a7efd",
          "title": "Funcionalidade de Board, que representa o quadro no Trello.",
          "fullFile": "",
          "file": "",
          "beforeHooks": [],
          "afterHooks": [],
          "tests": [
            {
              "title": "CT001 - Cenário - Criação de um novo Board no Trello - Teste Positivo",
              "fullTitle": "Funcionalidade de Board, que representa o quadro no Trello. CT001 - Cenário - Criação de um novo Board no Trello - Teste Positivo",
              "timedOut": null,
              "duration": 427,
              "state": "passed",
              "speed": "fast",
              "pass": true,
              "fail": false,
              "pending": false,
              "context": "{\n  \"title\": \"cypress-mochawesome-reporter-videos-passed\",\n  \"value\": \"cypress/e2e/features/boards_tests.cy.ts\"\n}",
              "code": "const project = {\n    name: `${_faker_js_faker__WEBPACK_IMPORTED_MODULE_2__.a.company.name()}`,\n};\ncy.create_a_board(project, API_TOKEN, API_KEY)\n    .then(response => {\n    board_id = response.body.id;\n    board_name = response.body.name;\n    const idLength = board_id.toString().length;\n    expect(response.status).to.equal(200);\n    expect(response.body.name).to.equal(project.name);\n    expect(response.body.desc).to.equal(description);\n    expect(idLength).to.eq(24); // Validar se o id do board tem 24 caracteres.\n    // Validar o schema dos dados de retorno do endpoint.\n    expect(response.body).to.be.jsonSchema(_support_schemas_create_board__WEBPACK_IMPORTED_MODULE_0__[\"default\"]);\n});",
              "err": {},
              "uuid": "06a92353-1ae9-4ab1-93b5-af3005f79c1e",
              "parentUUID": "167df143-9214-4ad7-98a4-a963583a7efd",
              "isHook": false,
              "skipped": false
            },
            {
              "title": "CT002 - Cenário - Criação de um novo Board no Trello com project name vazio - Teste Negativo",
              "fullTitle": "Funcionalidade de Board, que representa o quadro no Trello. CT002 - Cenário - Criação de um novo Board no Trello com project name vazio - Teste Negativo",
              "timedOut": null,
              "duration": 163,
              "state": "passed",
              "speed": "fast",
              "pass": true,
              "fail": false,
              "pending": false,
              "context": "{\n  \"title\": \"cypress-mochawesome-reporter-videos-passed\",\n  \"value\": \"cypress/e2e/features/boards_tests.cy.ts\"\n}",
              "code": "const project = {\n    name: ``,\n};\ncy.create_a_board(project, API_TOKEN, API_KEY)\n    .then(response => {\n    expect(response.status).to.equal(400);\n    expect(response.body.message).to.equal(\"invalid value for name\");\n    expect(response.body.error).to.equal(\"ERROR\");\n});",
              "err": {},
              "uuid": "296cb884-6e9a-44a3-81d4-f0aef350f7e1",
              "parentUUID": "167df143-9214-4ad7-98a4-a963583a7efd",
              "isHook": false,
              "skipped": false
            },
            {
              "title": "CT003 - Cenário - Criação de um novo Board com API_TOKEN inválido - Teste Negativo",
              "fullTitle": "Funcionalidade de Board, que representa o quadro no Trello. CT003 - Cenário - Criação de um novo Board com API_TOKEN inválido - Teste Negativo",
              "timedOut": null,
              "duration": 155,
              "state": "passed",
              "speed": "fast",
              "pass": true,
              "fail": false,
              "pending": false,
              "context": "{\n  \"title\": \"cypress-mochawesome-reporter-videos-passed\",\n  \"value\": \"cypress/e2e/features/boards_tests.cy.ts\"\n}",
              "code": "const project = {\n    name: `${_faker_js_faker__WEBPACK_IMPORTED_MODULE_2__.a.company.name()}`,\n};\ncy.create_a_board(project, 0, API_KEY)\n    .then(response => {\n    expect(response.status).to.equal(401);\n    expect(response.body).to.equal(\"invalid app token\");\n});",
              "err": {},
              "uuid": "b1fad6f7-29ed-4656-9fab-f90826eeb0fd",
              "parentUUID": "167df143-9214-4ad7-98a4-a963583a7efd",
              "isHook": false,
              "skipped": false
            },
            {
              "title": "CT004 - Cenário - Criação de um novo Board com API_KEY inválido - Teste Negativo",
              "fullTitle": "Funcionalidade de Board, que representa o quadro no Trello. CT004 - Cenário - Criação de um novo Board com API_KEY inválido - Teste Negativo",
              "timedOut": null,
              "duration": 273,
              "state": "passed",
              "speed": "fast",
              "pass": true,
              "fail": false,
              "pending": false,
              "context": "{\n  \"title\": \"cypress-mochawesome-reporter-videos-passed\",\n  \"value\": \"cypress/e2e/features/boards_tests.cy.ts\"\n}",
              "code": "const project = {\n    name: `${_faker_js_faker__WEBPACK_IMPORTED_MODULE_2__.a.company.name()}`,\n};\ncy.create_a_board(project, API_TOKEN, 0)\n    .then(response => {\n    expect(response.status).to.equal(401);\n    expect(response.body).to.equal(\"invalid key\");\n});",
              "err": {},
              "uuid": "497f60d3-6667-4f01-a6c6-03d03f7e0d03",
              "parentUUID": "167df143-9214-4ad7-98a4-a963583a7efd",
              "isHook": false,
              "skipped": false
            },
            {
              "title": "CT005 - Cenário - Consulta do novo Board criado no Trello - Teste Positivo",
              "fullTitle": "Funcionalidade de Board, que representa o quadro no Trello. CT005 - Cenário - Consulta do novo Board criado no Trello - Teste Positivo",
              "timedOut": null,
              "duration": 191,
              "state": "passed",
              "speed": "fast",
              "pass": true,
              "fail": false,
              "pending": false,
              "context": "{\n  \"title\": \"cypress-mochawesome-reporter-videos-passed\",\n  \"value\": \"cypress/e2e/features/boards_tests.cy.ts\"\n}",
              "code": "cy.get_board(board_id, API_TOKEN, API_KEY)\n    .then(response => {\n    expect(response.status).to.equal(200);\n    expect(response.body.name).to.equal(board_name);\n    expect(response.body.id).to.eq(board_id); // Validar se o id do board tem 24 caracteres.\n    // Validar o schema dos dados de retorno do endpoint.\n    expect(response.body).to.be.jsonSchema(_support_schemas_get_board__WEBPACK_IMPORTED_MODULE_1__[\"default\"]);\n});",
              "err": {},
              "uuid": "375a9bf1-76ba-4e03-9ea4-ce379ffe5df0",
              "parentUUID": "167df143-9214-4ad7-98a4-a963583a7efd",
              "isHook": false,
              "skipped": false
            },
            {
              "title": "CT006 - Cenário - Consulta do novo Board criado no Trello com board_id invalido - Teste Negativo",
              "fullTitle": "Funcionalidade de Board, que representa o quadro no Trello. CT006 - Cenário - Consulta do novo Board criado no Trello com board_id invalido - Teste Negativo",
              "timedOut": null,
              "duration": 169,
              "state": "passed",
              "speed": "fast",
              "pass": true,
              "fail": false,
              "pending": false,
              "context": "{\n  \"title\": \"cypress-mochawesome-reporter-videos-passed\",\n  \"value\": \"cypress/e2e/features/boards_tests.cy.ts\"\n}",
              "code": "cy.get_board(0, API_TOKEN, API_KEY)\n    .then(response => {\n    expect(response.status).to.equal(400);\n    expect(response.body).to.equal(\"invalid id\");\n});",
              "err": {},
              "uuid": "098df686-4e4d-4483-8a61-0d3a91e7d535",
              "parentUUID": "167df143-9214-4ad7-98a4-a963583a7efd",
              "isHook": false,
              "skipped": false
            },
            {
              "title": "CT007 - Cenário - Update no Board no Trello - Teste Positivo",
              "fullTitle": "Funcionalidade de Board, que representa o quadro no Trello. CT007 - Cenário - Update no Board no Trello - Teste Positivo",
              "timedOut": null,
              "duration": 243,
              "state": "passed",
              "speed": "fast",
              "pass": true,
              "fail": false,
              "pending": false,
              "context": "{\n  \"title\": \"cypress-mochawesome-reporter-videos-passed\",\n  \"value\": \"cypress/e2e/features/boards_tests.cy.ts\"\n}",
              "code": "var board_name = \"Automação Cypress - Trello\";\nvar description = \"Teste de Update no Board\";\ncy.update_board(board_id, board_name, description, API_TOKEN, API_KEY)\n    .then(response => {\n    expect(response.status).to.equal(200);\n    expect(response.body.name).to.equal(board_name);\n    expect(response.body.desc).to.equal(description);\n    expect(response.body.id).to.eq(board_id); // Validar se o id do board tem 24 caracteres.\n    // Validar o schema dos dados de retorno do endpoint.\n    expect(response.body).to.be.jsonSchema(_support_schemas_get_board__WEBPACK_IMPORTED_MODULE_1__[\"default\"]);\n});",
              "err": {},
              "uuid": "dbf8fd3d-f8f9-45ef-bb6d-b892173abbe2",
              "parentUUID": "167df143-9214-4ad7-98a4-a963583a7efd",
              "isHook": false,
              "skipped": false
            },
            {
              "title": "CT008 - Cenário - Update no Board no Trello com id inválido - Teste Negativo",
              "fullTitle": "Funcionalidade de Board, que representa o quadro no Trello. CT008 - Cenário - Update no Board no Trello com id inválido - Teste Negativo",
              "timedOut": null,
              "duration": 159,
              "state": "passed",
              "speed": "fast",
              "pass": true,
              "fail": false,
              "pending": false,
              "context": "{\n  \"title\": \"cypress-mochawesome-reporter-videos-passed\",\n  \"value\": \"cypress/e2e/features/boards_tests.cy.ts\"\n}",
              "code": "var board_name = \"Automação Cypress - Trello\";\nvar description = \"Teste de Update no Board\";\ncy.update_board(0, board_name, description, API_TOKEN, API_KEY)\n    .then(response => {\n    expect(response.status).to.equal(400);\n    expect(response.body).to.equal(\"invalid id\");\n});",
              "err": {},
              "uuid": "4046e2ba-8eef-4778-9c3a-533c9e325f52",
              "parentUUID": "167df143-9214-4ad7-98a4-a963583a7efd",
              "isHook": false,
              "skipped": false
            },
            {
              "title": "CT009 - Cenário - Deletar um Board no Trello - Teste Positivo",
              "fullTitle": "Funcionalidade de Board, que representa o quadro no Trello. CT009 - Cenário - Deletar um Board no Trello - Teste Positivo",
              "timedOut": null,
              "duration": 3215,
              "state": "passed",
              "speed": "fast",
              "pass": true,
              "fail": false,
              "pending": false,
              "context": "{\n  \"title\": \"cypress-mochawesome-reporter-videos-passed\",\n  \"value\": \"cypress/e2e/features/boards_tests.cy.ts\"\n}",
              "code": "cy.delete_board(board_id, API_TOKEN, API_KEY)\n    .then(response => {\n    expect(response.status).to.equal(200);\n});",
              "err": {},
              "uuid": "85255bc0-a000-4cde-ac07-6d882e88d66c",
              "parentUUID": "167df143-9214-4ad7-98a4-a963583a7efd",
              "isHook": false,
              "skipped": false
            },
            {
              "title": "CT010 - Cenário - Deletar um Board no Trello com um board_id inválido - Teste Negativo",
              "fullTitle": "Funcionalidade de Board, que representa o quadro no Trello. CT010 - Cenário - Deletar um Board no Trello com um board_id inválido - Teste Negativo",
              "timedOut": null,
              "duration": 177,
              "state": "passed",
              "speed": "fast",
              "pass": true,
              "fail": false,
              "pending": false,
              "context": "{\n  \"title\": \"cypress-mochawesome-reporter-videos-passed\",\n  \"value\": \"cypress/e2e/features/boards_tests.cy.ts\"\n}",
              "code": "cy.delete_board(0, API_TOKEN, API_KEY)\n    .then(response => {\n    expect(response.status).to.equal(400);\n    expect(response.body).to.equal(\"invalid id\");\n});",
              "err": {},
              "uuid": "10661b21-475a-445c-9c9e-8e22b2feefac",
              "parentUUID": "167df143-9214-4ad7-98a4-a963583a7efd",
              "isHook": false,
              "skipped": false
            },
            {
              "title": "CT011 - Cenário - Deletar um Board no Trello com um API_TOKEN inválido - Teste Negativo",
              "fullTitle": "Funcionalidade de Board, que representa o quadro no Trello. CT011 - Cenário - Deletar um Board no Trello com um API_TOKEN inválido - Teste Negativo",
              "timedOut": null,
              "duration": 153,
              "state": "passed",
              "speed": "fast",
              "pass": true,
              "fail": false,
              "pending": false,
              "context": "{\n  \"title\": \"cypress-mochawesome-reporter-videos-passed\",\n  \"value\": \"cypress/e2e/features/boards_tests.cy.ts\"\n}",
              "code": "cy.delete_board(board_id, 0, API_KEY)\n    .then(response => {\n    expect(response.status).to.equal(401);\n    expect(response.body).to.equal(\"invalid app token\");\n});",
              "err": {},
              "uuid": "fcd41d4d-721e-4d6f-ac86-9fdda0d90049",
              "parentUUID": "167df143-9214-4ad7-98a4-a963583a7efd",
              "isHook": false,
              "skipped": false
            },
            {
              "title": "CT012 - Cenário - Deletar um Board no Trello com um API_KEY inválido - Teste Negativo",
              "fullTitle": "Funcionalidade de Board, que representa o quadro no Trello. CT012 - Cenário - Deletar um Board no Trello com um API_KEY inválido - Teste Negativo",
              "timedOut": null,
              "duration": 151,
              "state": "passed",
              "speed": "fast",
              "pass": true,
              "fail": false,
              "pending": false,
              "context": "{\n  \"title\": \"cypress-mochawesome-reporter-videos-passed\",\n  \"value\": \"cypress/e2e/features/boards_tests.cy.ts\"\n}",
              "code": "cy.delete_board(board_id, API_TOKEN, 0)\n    .then(response => {\n    expect(response.status).to.equal(401);\n    expect(response.body).to.equal(\"invalid key\");\n});",
              "err": {},
              "uuid": "d3fc897d-9d92-4714-b525-2f0b9e0438e3",
              "parentUUID": "167df143-9214-4ad7-98a4-a963583a7efd",
              "isHook": false,
              "skipped": false
            }
          ],
          "suites": [],
          "passes": [
            "06a92353-1ae9-4ab1-93b5-af3005f79c1e",
            "296cb884-6e9a-44a3-81d4-f0aef350f7e1",
            "b1fad6f7-29ed-4656-9fab-f90826eeb0fd",
            "497f60d3-6667-4f01-a6c6-03d03f7e0d03",
            "375a9bf1-76ba-4e03-9ea4-ce379ffe5df0",
            "098df686-4e4d-4483-8a61-0d3a91e7d535",
            "dbf8fd3d-f8f9-45ef-bb6d-b892173abbe2",
            "4046e2ba-8eef-4778-9c3a-533c9e325f52",
            "85255bc0-a000-4cde-ac07-6d882e88d66c",
            "10661b21-475a-445c-9c9e-8e22b2feefac",
            "fcd41d4d-721e-4d6f-ac86-9fdda0d90049",
            "d3fc897d-9d92-4714-b525-2f0b9e0438e3"
          ],
          "failures": [],
          "pending": [],
          "skipped": [],
          "duration": 5476,
          "root": false,
          "rootEmpty": false,
          "_timeout": 2000
        }
      ],
      "passes": [],
      "failures": [],
      "pending": [],
      "skipped": [],
      "duration": 0,
      "root": true,
      "rootEmpty": true,
      "_timeout": 2000
    }
  ],
  "meta": {
    "mocha": {
      "version": "7.0.1"
    },
    "mochawesome": {
      "options": {
        "quiet": false,
        "reportFilename": "mochawesome",
        "saveHtml": false,
        "saveJson": true,
        "consoleReporter": "spec",
        "useInlineDiffs": false,
        "code": true
      },
      "version": "7.1.3"
    },
    "marge": {
      "options": {
        "overwrite": false,
        "html": false,
        "json": true
      },
      "version": "6.2.0"
    }
  }
}