{
  "stats": {
    "suites": 1,
    "tests": 2,
    "passes": 2,
    "pending": 0,
    "failures": 0,
    "start": "2025-01-07T15:35:30.657Z",
    "end": "2025-01-07T15:35:32.486Z",
    "duration": 1829,
    "testsRegistered": 2,
    "passPercent": 100,
    "pendingPercent": 0,
    "other": 0,
    "hasOther": false,
    "skipped": 0,
    "hasSkipped": false
  },
  "results": [
    {
      "uuid": "550aa50d-fbc3-4ce6-a479-7a1c1a8e9c66",
      "title": "",
      "fullFile": "cypress/e2e/features/boards/card_tests.cy.ts",
      "file": "cypress/e2e/features/boards/card_tests.cy.ts",
      "beforeHooks": [],
      "afterHooks": [],
      "tests": [],
      "suites": [
        {
          "uuid": "add104b5-ed77-48f2-8342-cb38a61c517c",
          "title": "Feature Card",
          "fullFile": "",
          "file": "",
          "beforeHooks": [],
          "afterHooks": [],
          "tests": [
            {
              "title": "Validated new Card",
              "fullTitle": "Feature Card Validated new Card",
              "timedOut": null,
              "duration": 1001,
              "state": "passed",
              "speed": "fast",
              "pass": true,
              "fail": false,
              "pending": false,
              "context": "{\n  \"title\": \"cypress-mochawesome-reporter-videos-passed\",\n  \"value\": \"cypress/e2e/features/boards/card_tests.cy.ts\"\n}",
              "code": "cy.create_a_new_list(board_id)\n    .then(response => {\n    expect(response.status).to.equal(200);\n    list_id = response.body.id;\n});\ncy.create_a_card(list_id)\n    .then(response => {\n    expect(response.status).to.equal(200);\n    // Validar o schema dos dados de retorno do endpoint.\n    expect(response.body).to.be.jsonSchema(_support_schemas_create_card__WEBPACK_IMPORTED_MODULE_0__[\"default\"]);\n    card_id = response.body.id;\n});",
              "err": {},
              "uuid": "b72c5110-967c-499b-b548-c2178d713a68",
              "parentUUID": "add104b5-ed77-48f2-8342-cb38a61c517c",
              "isHook": false,
              "skipped": false
            },
            {
              "title": "Validated delete Card",
              "fullTitle": "Feature Card Validated delete Card",
              "timedOut": null,
              "duration": 811,
              "state": "passed",
              "speed": "fast",
              "pass": true,
              "fail": false,
              "pending": false,
              "context": "{\n  \"title\": \"cypress-mochawesome-reporter-videos-passed\",\n  \"value\": \"cypress/e2e/features/boards/card_tests.cy.ts\"\n}",
              "code": "cy.open_boards();\ncy.delete_card(card_id)\n    .then(response => {\n    expect(response.status).to.equal(200);\n});",
              "err": {},
              "uuid": "715094e4-12a0-4eb2-b697-16f0ed7b0206",
              "parentUUID": "add104b5-ed77-48f2-8342-cb38a61c517c",
              "isHook": false,
              "skipped": false
            }
          ],
          "suites": [],
          "passes": [
            "b72c5110-967c-499b-b548-c2178d713a68",
            "715094e4-12a0-4eb2-b697-16f0ed7b0206"
          ],
          "failures": [],
          "pending": [],
          "skipped": [],
          "duration": 1812,
          "root": false,
          "rootEmpty": false,
          "_timeout": 2000
        }
      ],
      "passes": [],
      "failures": [],
      "pending": [],
      "skipped": [],
      "duration": 0,
      "root": true,
      "rootEmpty": true,
      "_timeout": 2000
    }
  ],
  "meta": {
    "mocha": {
      "version": "7.0.1"
    },
    "mochawesome": {
      "options": {
        "quiet": false,
        "reportFilename": "mochawesome",
        "saveHtml": false,
        "saveJson": true,
        "consoleReporter": "spec",
        "useInlineDiffs": false,
        "code": true
      },
      "version": "7.1.3"
    },
    "marge": {
      "options": {
        "overwrite": false,
        "html": false,
        "json": true
      },
      "version": "6.2.0"
    }
  }
}