{
  "stats": {
    "suites": 1,
    "tests": 12,
    "passes": 12,
    "pending": 0,
    "failures": 0,
    "start": "2025-01-12T00:41:42.161Z",
    "end": "2025-01-12T00:41:45.351Z",
    "duration": 3190,
    "testsRegistered": 12,
    "passPercent": 100,
    "pendingPercent": 0,
    "other": 0,
    "hasOther": false,
    "skipped": 0,
    "hasSkipped": false
  },
  "results": [
    {
      "uuid": "a7c6685c-c1aa-468f-8615-6099dafb2740",
      "title": "",
      "fullFile": "cypress/e2e/features/card_tests.cy.ts",
      "file": "cypress/e2e/features/card_tests.cy.ts",
      "beforeHooks": [],
      "afterHooks": [],
      "tests": [],
      "suites": [
        {
          "uuid": "eccb37a8-2eb5-4c4d-b616-1c9b50440703",
          "title": "Funcionalidade de Card",
          "fullFile": "",
          "file": "",
          "beforeHooks": [],
          "afterHooks": [],
          "tests": [
            {
              "title": "CT001 - Cenário - Criação de um novo Card no Board do Trello - Teste Positivo",
              "fullTitle": "Funcionalidade de Card CT001 - Cenário - Criação de um novo Card no Board do Trello - Teste Positivo",
              "timedOut": null,
              "duration": 806,
              "state": "passed",
              "speed": "fast",
              "pass": true,
              "fail": false,
              "pending": false,
              "context": "{\n  \"title\": \"cypress-mochawesome-reporter-videos-passed\",\n  \"value\": \"cypress/e2e/features/card_tests.cy.ts\"\n}",
              "code": "cy.create_a_card(list_id, nome_card, API_TOKEN, API_KEY)\n    .then(response => {\n    card_id = response.body.id;\n    const idLength = card_id.toString().length;\n    expect(response.status).to.equal(200);\n    expect(response.body.name).to.equal(nome_card);\n    expect(response.body.idList).to.equal(list_id);\n    expect(response.body.idBoard).to.equal(BOARD_ID);\n    expect(idLength).to.eq(24); // Validar se o id do board tem 24 caracteres.\n    // Validar o schema dos dados de retorno do endpoint.\n    expect(response.body).to.be.jsonSchema(_support_schemas_create_card__WEBPACK_IMPORTED_MODULE_0__[\"default\"]);\n});",
              "err": {},
              "uuid": "74717047-2284-45fa-9600-8fe2c49a189e",
              "parentUUID": "eccb37a8-2eb5-4c4d-b616-1c9b50440703",
              "isHook": false,
              "skipped": false
            },
            {
              "title": "CT002 - Cenário - Criação de um novo Card no Board com list_id inválido - Teste Negativo",
              "fullTitle": "Funcionalidade de Card CT002 - Cenário - Criação de um novo Card no Board com list_id inválido - Teste Negativo",
              "timedOut": null,
              "duration": 179,
              "state": "passed",
              "speed": "fast",
              "pass": true,
              "fail": false,
              "pending": false,
              "context": "{\n  \"title\": \"cypress-mochawesome-reporter-videos-passed\",\n  \"value\": \"cypress/e2e/features/card_tests.cy.ts\"\n}",
              "code": "cy.create_a_card(1, nome_card, API_TOKEN, API_KEY)\n    .then(response => {\n    expect(response.status).to.equal(400);\n    expect(response.body).to.equal(\"invalid value for idList\");\n});",
              "err": {},
              "uuid": "5f6cebbc-89f0-468c-8200-38c804f6c2ea",
              "parentUUID": "eccb37a8-2eb5-4c4d-b616-1c9b50440703",
              "isHook": false,
              "skipped": false
            },
            {
              "title": "CT003 - Cenário - Consulta Card criado no Trello - Teste Positivo",
              "fullTitle": "Funcionalidade de Card CT003 - Cenário - Consulta Card criado no Trello - Teste Positivo",
              "timedOut": null,
              "duration": 200,
              "state": "passed",
              "speed": "fast",
              "pass": true,
              "fail": false,
              "pending": false,
              "context": "{\n  \"title\": \"cypress-mochawesome-reporter-videos-passed\",\n  \"value\": \"cypress/e2e/features/card_tests.cy.ts\"\n}",
              "code": "cy.get_card(card_id, API_TOKEN, API_KEY)\n    .then(response => {\n    expect(response.status).to.equal(200);\n    expect(response.body.name).to.equal(nome_card);\n    expect(response.body.id).to.eq(card_id); // Validar se o id do board tem 24 caracteres.\n    // Validar o schema dos dados de retorno do endpoint.\n    expect(response.body).to.be.jsonSchema(_support_schemas_get_card__WEBPACK_IMPORTED_MODULE_1__[\"default\"]);\n});",
              "err": {},
              "uuid": "93eef96a-595f-4f10-889b-64402391ceed",
              "parentUUID": "eccb37a8-2eb5-4c4d-b616-1c9b50440703",
              "isHook": false,
              "skipped": false
            },
            {
              "title": "CT004 - Cenário - Consulta um Card criado no Trello com card_id invalido - Teste Negativo",
              "fullTitle": "Funcionalidade de Card CT004 - Cenário - Consulta um Card criado no Trello com card_id invalido - Teste Negativo",
              "timedOut": null,
              "duration": 170,
              "state": "passed",
              "speed": "fast",
              "pass": true,
              "fail": false,
              "pending": false,
              "context": "{\n  \"title\": \"cypress-mochawesome-reporter-videos-passed\",\n  \"value\": \"cypress/e2e/features/card_tests.cy.ts\"\n}",
              "code": "cy.get_card(0, API_TOKEN, API_KEY)\n    .then(response => {\n    expect(response.status).to.equal(400);\n    expect(response.body).to.equal(\"invalid id\");\n});",
              "err": {},
              "uuid": "35d13eab-c8af-4ca9-97ef-360acee9acb5",
              "parentUUID": "eccb37a8-2eb5-4c4d-b616-1c9b50440703",
              "isHook": false,
              "skipped": false
            },
            {
              "title": "CT005 - Cenário - Criação de um novo Card no Board com API_TOKEN inválido - Teste Negativo",
              "fullTitle": "Funcionalidade de Card CT005 - Cenário - Criação de um novo Card no Board com API_TOKEN inválido - Teste Negativo",
              "timedOut": null,
              "duration": 158,
              "state": "passed",
              "speed": "fast",
              "pass": true,
              "fail": false,
              "pending": false,
              "context": "{\n  \"title\": \"cypress-mochawesome-reporter-videos-passed\",\n  \"value\": \"cypress/e2e/features/card_tests.cy.ts\"\n}",
              "code": "cy.create_a_card(list_id, nome_card, 12345, API_KEY)\n    .then(response => {\n    expect(response.status).to.equal(401);\n    expect(response.body).to.equal(\"invalid app token\");\n});",
              "err": {},
              "uuid": "ca79c038-7f81-4ee6-b7c6-25cb110b26be",
              "parentUUID": "eccb37a8-2eb5-4c4d-b616-1c9b50440703",
              "isHook": false,
              "skipped": false
            },
            {
              "title": "CT006 - Cenário - Criação de um novo Card no Board com API_KEY inválido - Teste Negativo",
              "fullTitle": "Funcionalidade de Card CT006 - Cenário - Criação de um novo Card no Board com API_KEY inválido - Teste Negativo",
              "timedOut": null,
              "duration": 157,
              "state": "passed",
              "speed": "fast",
              "pass": true,
              "fail": false,
              "pending": false,
              "context": "{\n  \"title\": \"cypress-mochawesome-reporter-videos-passed\",\n  \"value\": \"cypress/e2e/features/card_tests.cy.ts\"\n}",
              "code": "cy.create_a_card(list_id, nome_card, API_TOKEN, 12345)\n    .then(response => {\n    expect(response.status).to.equal(401);\n    expect(response.body).to.equal(\"invalid key\");\n});",
              "err": {},
              "uuid": "90296a1d-b590-4579-98b4-3880917f8201",
              "parentUUID": "eccb37a8-2eb5-4c4d-b616-1c9b50440703",
              "isHook": false,
              "skipped": false
            },
            {
              "title": "CT007 - Cenário - Atualizar um Card no Trello - Teste Positivo",
              "fullTitle": "Funcionalidade de Card CT007 - Cenário - Atualizar um Card no Trello - Teste Positivo",
              "timedOut": null,
              "duration": 278,
              "state": "passed",
              "speed": "fast",
              "pass": true,
              "fail": false,
              "pending": false,
              "context": "{\n  \"title\": \"cypress-mochawesome-reporter-videos-passed\",\n  \"value\": \"cypress/e2e/features/card_tests.cy.ts\"\n}",
              "code": "cy.update_card(card_id, board_name, description, API_TOKEN, API_KEY)\n    .then(response => {\n    expect(response.status).to.equal(200);\n    expect(response.body.name).to.equal(board_name);\n    expect(response.body.desc).to.equal(description);\n    expect(response.body.id).to.eq(card_id); // Validar se o id do board tem 24 caracteres.\n    // Validar o schema dos dados de retorno do endpoint.\n    expect(response.body).to.be.jsonSchema(_support_schemas_get_card__WEBPACK_IMPORTED_MODULE_1__[\"default\"]);\n});",
              "err": {},
              "uuid": "afb12f49-48d8-40be-a19f-3f9d5bbc16d9",
              "parentUUID": "eccb37a8-2eb5-4c4d-b616-1c9b50440703",
              "isHook": false,
              "skipped": false
            },
            {
              "title": "CT008 - Cenário - Update um Card no Trello com id inválido - Teste Negativo",
              "fullTitle": "Funcionalidade de Card CT008 - Cenário - Update um Card no Trello com id inválido - Teste Negativo",
              "timedOut": null,
              "duration": 172,
              "state": "passed",
              "speed": "fast",
              "pass": true,
              "fail": false,
              "pending": false,
              "context": "{\n  \"title\": \"cypress-mochawesome-reporter-videos-passed\",\n  \"value\": \"cypress/e2e/features/card_tests.cy.ts\"\n}",
              "code": "cy.update_board(0, board_name, description, API_TOKEN, API_KEY)\n    .then(response => {\n    expect(response.status).to.equal(400);\n    expect(response.body).to.equal(\"invalid id\");\n});",
              "err": {},
              "uuid": "7797464b-087e-480a-9081-79c289479c81",
              "parentUUID": "eccb37a8-2eb5-4c4d-b616-1c9b50440703",
              "isHook": false,
              "skipped": false
            },
            {
              "title": "CT009 - Cenário - Exclusão de um Card no Board do Trello - Teste Positivo",
              "fullTitle": "Funcionalidade de Card CT009 - Cenário - Exclusão de um Card no Board do Trello - Teste Positivo",
              "timedOut": null,
              "duration": 531,
              "state": "passed",
              "speed": "fast",
              "pass": true,
              "fail": false,
              "pending": false,
              "context": "{\n  \"title\": \"cypress-mochawesome-reporter-videos-passed\",\n  \"value\": \"cypress/e2e/features/card_tests.cy.ts\"\n}",
              "code": "cy.delete_card(card_id, API_TOKEN, API_KEY)\n    .then(response => {\n    expect(response.status).to.equal(200);\n});",
              "err": {},
              "uuid": "ce972937-3d84-4c14-9fb9-30ddad7d9059",
              "parentUUID": "eccb37a8-2eb5-4c4d-b616-1c9b50440703",
              "isHook": false,
              "skipped": false
            },
            {
              "title": "CT010 - Cenário - Exclusão de um Card no Board com card_id inexistente - Teste Negativo",
              "fullTitle": "Funcionalidade de Card CT010 - Cenário - Exclusão de um Card no Board com card_id inexistente - Teste Negativo",
              "timedOut": null,
              "duration": 170,
              "state": "passed",
              "speed": "fast",
              "pass": true,
              "fail": false,
              "pending": false,
              "context": "{\n  \"title\": \"cypress-mochawesome-reporter-videos-passed\",\n  \"value\": \"cypress/e2e/features/card_tests.cy.ts\"\n}",
              "code": "cy.delete_card(1, API_TOKEN, API_KEY)\n    .then(response => {\n    expect(response.status).to.equal(400);\n    expect(response.body).to.equal(\"invalid id\");\n});",
              "err": {},
              "uuid": "39e77d2e-9cee-4227-bc8c-6c9ab9383076",
              "parentUUID": "eccb37a8-2eb5-4c4d-b616-1c9b50440703",
              "isHook": false,
              "skipped": false
            },
            {
              "title": "CT011 - Cenário - Exclusão de um Card no Board com API_TOKEN inválido - Teste Negativo",
              "fullTitle": "Funcionalidade de Card CT011 - Cenário - Exclusão de um Card no Board com API_TOKEN inválido - Teste Negativo",
              "timedOut": null,
              "duration": 154,
              "state": "passed",
              "speed": "fast",
              "pass": true,
              "fail": false,
              "pending": false,
              "context": "{\n  \"title\": \"cypress-mochawesome-reporter-videos-passed\",\n  \"value\": \"cypress/e2e/features/card_tests.cy.ts\"\n}",
              "code": "cy.delete_card(1, 12345, API_KEY)\n    .then(response => {\n    expect(response.status).to.equal(401);\n    expect(response.body).to.equal(\"invalid app token\");\n});",
              "err": {},
              "uuid": "6b0c759c-e31c-4b01-b766-30d271e2fb4e",
              "parentUUID": "eccb37a8-2eb5-4c4d-b616-1c9b50440703",
              "isHook": false,
              "skipped": false
            },
            {
              "title": "CT012 - Cenário - Exclusão de um Card no Board com API_KEY inválido - Teste Negativo",
              "fullTitle": "Funcionalidade de Card CT012 - Cenário - Exclusão de um Card no Board com API_KEY inválido - Teste Negativo",
              "timedOut": null,
              "duration": 165,
              "state": "passed",
              "speed": "fast",
              "pass": true,
              "fail": false,
              "pending": false,
              "context": "{\n  \"title\": \"cypress-mochawesome-reporter-videos-passed\",\n  \"value\": \"cypress/e2e/features/card_tests.cy.ts\"\n}",
              "code": "cy.delete_card(1, API_TOKEN, 123)\n    .then(response => {\n    expect(response.status).to.equal(401);\n    expect(response.body).to.equal(\"invalid key\");\n});",
              "err": {},
              "uuid": "2090b7a3-19c6-4eea-a9d8-d3df0b3a65f7",
              "parentUUID": "eccb37a8-2eb5-4c4d-b616-1c9b50440703",
              "isHook": false,
              "skipped": false
            }
          ],
          "suites": [],
          "passes": [
            "74717047-2284-45fa-9600-8fe2c49a189e",
            "5f6cebbc-89f0-468c-8200-38c804f6c2ea",
            "93eef96a-595f-4f10-889b-64402391ceed",
            "35d13eab-c8af-4ca9-97ef-360acee9acb5",
            "ca79c038-7f81-4ee6-b7c6-25cb110b26be",
            "90296a1d-b590-4579-98b4-3880917f8201",
            "afb12f49-48d8-40be-a19f-3f9d5bbc16d9",
            "7797464b-087e-480a-9081-79c289479c81",
            "ce972937-3d84-4c14-9fb9-30ddad7d9059",
            "39e77d2e-9cee-4227-bc8c-6c9ab9383076",
            "6b0c759c-e31c-4b01-b766-30d271e2fb4e",
            "2090b7a3-19c6-4eea-a9d8-d3df0b3a65f7"
          ],
          "failures": [],
          "pending": [],
          "skipped": [],
          "duration": 3140,
          "root": false,
          "rootEmpty": false,
          "_timeout": 2000
        }
      ],
      "passes": [],
      "failures": [],
      "pending": [],
      "skipped": [],
      "duration": 0,
      "root": true,
      "rootEmpty": true,
      "_timeout": 2000
    }
  ],
  "meta": {
    "mocha": {
      "version": "7.0.1"
    },
    "mochawesome": {
      "options": {
        "quiet": false,
        "reportFilename": "mochawesome",
        "saveHtml": false,
        "saveJson": true,
        "consoleReporter": "spec",
        "useInlineDiffs": false,
        "code": true
      },
      "version": "7.1.3"
    },
    "marge": {
      "options": {
        "overwrite": false,
        "html": false,
        "json": true
      },
      "version": "6.2.0"
    }
  }
}