{
  "stats": {
    "suites": 1,
    "tests": 12,
    "passes": 12,
    "pending": 0,
    "failures": 0,
    "start": "2025-01-13T12:02:48.788Z",
    "end": "2025-01-13T12:02:51.887Z",
    "duration": 3099,
    "testsRegistered": 12,
    "passPercent": 100,
    "pendingPercent": 0,
    "other": 0,
    "hasOther": false,
    "skipped": 0,
    "hasSkipped": false
  },
  "results": [
    {
      "uuid": "8d40e78c-ac99-4285-a7e1-4c226ddcde87",
      "title": "",
      "fullFile": "cypress/e2e/features/card_tests.cy.ts",
      "file": "cypress/e2e/features/card_tests.cy.ts",
      "beforeHooks": [],
      "afterHooks": [],
      "tests": [],
      "suites": [
        {
          "uuid": "5cd4a722-1cd7-4466-a6c0-a6097220c4bf",
          "title": "Funcionalidade de Card",
          "fullFile": "",
          "file": "",
          "beforeHooks": [],
          "afterHooks": [],
          "tests": [
            {
              "title": "CT001 - Cenário - Criação de um novo Card no Board do Trello - Teste Positivo",
              "fullTitle": "Funcionalidade de Card CT001 - Cenário - Criação de um novo Card no Board do Trello - Teste Positivo",
              "timedOut": null,
              "duration": 948,
              "state": "passed",
              "speed": "fast",
              "pass": true,
              "fail": false,
              "pending": false,
              "context": "{\n  \"title\": \"cypress-mochawesome-reporter-videos-passed\",\n  \"value\": \"cypress/e2e/features/card_tests.cy.ts\"\n}",
              "code": "cy.create_a_card(list_id, nome_card, API_TOKEN, API_KEY)\n    .then(response => {\n    card_id = response.body.id;\n    const idLength = card_id.toString().length;\n    expect(response.status).to.equal(200);\n    expect(response.body.name).to.equal(nome_card);\n    expect(response.body.idList).to.equal(list_id);\n    expect(response.body.idBoard).to.equal(BOARD_ID);\n    expect(idLength).to.eq(24); // Validar se o id do board tem 24 caracteres.\n    // Validar o schema dos dados de retorno do endpoint.\n    expect(response.body).to.be.jsonSchema(_support_schemas_create_card__WEBPACK_IMPORTED_MODULE_0__[\"default\"]);\n});",
              "err": {},
              "uuid": "72c3342e-1b16-4dae-809d-0cbd45b422b0",
              "parentUUID": "5cd4a722-1cd7-4466-a6c0-a6097220c4bf",
              "isHook": false,
              "skipped": false
            },
            {
              "title": "CT002 - Cenário - Criação de um novo Card no Board com list_id inválido - Teste Negativo",
              "fullTitle": "Funcionalidade de Card CT002 - Cenário - Criação de um novo Card no Board com list_id inválido - Teste Negativo",
              "timedOut": null,
              "duration": 121,
              "state": "passed",
              "speed": "fast",
              "pass": true,
              "fail": false,
              "pending": false,
              "context": "{\n  \"title\": \"cypress-mochawesome-reporter-videos-passed\",\n  \"value\": \"cypress/e2e/features/card_tests.cy.ts\"\n}",
              "code": "cy.create_a_card(1, nome_card, API_TOKEN, API_KEY)\n    .then(response => {\n    expect(response.status).to.equal(400);\n    expect(response.body).to.equal(\"invalid value for idList\");\n});",
              "err": {},
              "uuid": "7378fb72-46f3-4cf5-a451-c62e2df17ffa",
              "parentUUID": "5cd4a722-1cd7-4466-a6c0-a6097220c4bf",
              "isHook": false,
              "skipped": false
            },
            {
              "title": "CT003 - Cenário - Consulta Card criado no Trello - Teste Positivo",
              "fullTitle": "Funcionalidade de Card CT003 - Cenário - Consulta Card criado no Trello - Teste Positivo",
              "timedOut": null,
              "duration": 152,
              "state": "passed",
              "speed": "fast",
              "pass": true,
              "fail": false,
              "pending": false,
              "context": "{\n  \"title\": \"cypress-mochawesome-reporter-videos-passed\",\n  \"value\": \"cypress/e2e/features/card_tests.cy.ts\"\n}",
              "code": "cy.get_card(card_id, API_TOKEN, API_KEY)\n    .then(response => {\n    expect(response.status).to.equal(200);\n    expect(response.body.name).to.equal(nome_card);\n    expect(response.body.id).to.eq(card_id);\n    // Validar o schema dos dados de retorno do endpoint.\n    expect(response.body).to.be.jsonSchema(_support_schemas_get_card__WEBPACK_IMPORTED_MODULE_1__[\"default\"]);\n});",
              "err": {},
              "uuid": "c36b545b-f4b2-436b-bc9c-3545da2738b6",
              "parentUUID": "5cd4a722-1cd7-4466-a6c0-a6097220c4bf",
              "isHook": false,
              "skipped": false
            },
            {
              "title": "CT004 - Cenário - Consulta um Card criado no Trello com card_id invalido - Teste Negativo",
              "fullTitle": "Funcionalidade de Card CT004 - Cenário - Consulta um Card criado no Trello com card_id invalido - Teste Negativo",
              "timedOut": null,
              "duration": 202,
              "state": "passed",
              "speed": "fast",
              "pass": true,
              "fail": false,
              "pending": false,
              "context": "{\n  \"title\": \"cypress-mochawesome-reporter-videos-passed\",\n  \"value\": \"cypress/e2e/features/card_tests.cy.ts\"\n}",
              "code": "cy.get_card(0, API_TOKEN, API_KEY)\n    .then(response => {\n    expect(response.status).to.equal(400);\n    expect(response.body).to.equal(\"invalid id\");\n});",
              "err": {},
              "uuid": "4e3a24ae-c13c-4354-97e9-9c3e3df054b8",
              "parentUUID": "5cd4a722-1cd7-4466-a6c0-a6097220c4bf",
              "isHook": false,
              "skipped": false
            },
            {
              "title": "CT005 - Cenário - Criação de um novo Card no Board com API_TOKEN inválido - Teste Negativo",
              "fullTitle": "Funcionalidade de Card CT005 - Cenário - Criação de um novo Card no Board com API_TOKEN inválido - Teste Negativo",
              "timedOut": null,
              "duration": 98,
              "state": "passed",
              "speed": "fast",
              "pass": true,
              "fail": false,
              "pending": false,
              "context": "{\n  \"title\": \"cypress-mochawesome-reporter-videos-passed\",\n  \"value\": \"cypress/e2e/features/card_tests.cy.ts\"\n}",
              "code": "cy.create_a_card(list_id, nome_card, 12345, API_KEY)\n    .then(response => {\n    expect(response.status).to.equal(401);\n    expect(response.body).to.equal(\"invalid app token\");\n});",
              "err": {},
              "uuid": "ca3940ef-3a7c-46a0-bb33-e9a7051fa46b",
              "parentUUID": "5cd4a722-1cd7-4466-a6c0-a6097220c4bf",
              "isHook": false,
              "skipped": false
            },
            {
              "title": "CT006 - Cenário - Criação de um novo Card no Board com API_KEY inválido - Teste Negativo",
              "fullTitle": "Funcionalidade de Card CT006 - Cenário - Criação de um novo Card no Board com API_KEY inválido - Teste Negativo",
              "timedOut": null,
              "duration": 99,
              "state": "passed",
              "speed": "fast",
              "pass": true,
              "fail": false,
              "pending": false,
              "context": "{\n  \"title\": \"cypress-mochawesome-reporter-videos-passed\",\n  \"value\": \"cypress/e2e/features/card_tests.cy.ts\"\n}",
              "code": "cy.create_a_card(list_id, nome_card, API_TOKEN, 12345)\n    .then(response => {\n    expect(response.status).to.equal(401);\n    expect(response.body).to.equal(\"invalid key\");\n});",
              "err": {},
              "uuid": "be3001b3-54fe-4c16-853f-9b2624c9ba6b",
              "parentUUID": "5cd4a722-1cd7-4466-a6c0-a6097220c4bf",
              "isHook": false,
              "skipped": false
            },
            {
              "title": "CT007 - Cenário - Atualizar um Card no Trello - Teste Positivo",
              "fullTitle": "Funcionalidade de Card CT007 - Cenário - Atualizar um Card no Trello - Teste Positivo",
              "timedOut": null,
              "duration": 306,
              "state": "passed",
              "speed": "fast",
              "pass": true,
              "fail": false,
              "pending": false,
              "context": "{\n  \"title\": \"cypress-mochawesome-reporter-videos-passed\",\n  \"value\": \"cypress/e2e/features/card_tests.cy.ts\"\n}",
              "code": "cy.update_card(card_id, board_name, description, API_TOKEN, API_KEY)\n    .then(response => {\n    expect(response.status).to.equal(200);\n    expect(response.body.name).to.equal(board_name);\n    expect(response.body.desc).to.equal(description);\n    expect(response.body.id).to.eq(card_id);\n    // Validar o schema dos dados de retorno do endpoint.\n    expect(response.body).to.be.jsonSchema(_support_schemas_get_card__WEBPACK_IMPORTED_MODULE_1__[\"default\"]);\n});",
              "err": {},
              "uuid": "722bb513-e8b7-442c-ae5a-e03198f8fa9c",
              "parentUUID": "5cd4a722-1cd7-4466-a6c0-a6097220c4bf",
              "isHook": false,
              "skipped": false
            },
            {
              "title": "CT008 - Cenário - Update um Card no Trello com id inválido - Teste Negativo",
              "fullTitle": "Funcionalidade de Card CT008 - Cenário - Update um Card no Trello com id inválido - Teste Negativo",
              "timedOut": null,
              "duration": 138,
              "state": "passed",
              "speed": "fast",
              "pass": true,
              "fail": false,
              "pending": false,
              "context": "{\n  \"title\": \"cypress-mochawesome-reporter-videos-passed\",\n  \"value\": \"cypress/e2e/features/card_tests.cy.ts\"\n}",
              "code": "cy.update_board(0, board_name, description, API_TOKEN, API_KEY)\n    .then(response => {\n    expect(response.status).to.equal(400);\n    expect(response.body).to.equal(\"invalid id\");\n});",
              "err": {},
              "uuid": "271c2508-6b02-4927-b47b-05288c4f4d59",
              "parentUUID": "5cd4a722-1cd7-4466-a6c0-a6097220c4bf",
              "isHook": false,
              "skipped": false
            },
            {
              "title": "CT009 - Cenário - Exclusão de um Card no Board do Trello - Teste Positivo",
              "fullTitle": "Funcionalidade de Card CT009 - Cenário - Exclusão de um Card no Board do Trello - Teste Positivo",
              "timedOut": null,
              "duration": 687,
              "state": "passed",
              "speed": "fast",
              "pass": true,
              "fail": false,
              "pending": false,
              "context": "{\n  \"title\": \"cypress-mochawesome-reporter-videos-passed\",\n  \"value\": \"cypress/e2e/features/card_tests.cy.ts\"\n}",
              "code": "cy.delete_card(card_id, API_TOKEN, API_KEY)\n    .then(response => {\n    expect(response.status).to.equal(200);\n});",
              "err": {},
              "uuid": "ae849ec5-ce45-402a-91bf-ec945134e8c2",
              "parentUUID": "5cd4a722-1cd7-4466-a6c0-a6097220c4bf",
              "isHook": false,
              "skipped": false
            },
            {
              "title": "CT010 - Cenário - Exclusão de um Card no Board com card_id inexistente - Teste Negativo",
              "fullTitle": "Funcionalidade de Card CT010 - Cenário - Exclusão de um Card no Board com card_id inexistente - Teste Negativo",
              "timedOut": null,
              "duration": 115,
              "state": "passed",
              "speed": "fast",
              "pass": true,
              "fail": false,
              "pending": false,
              "context": "{\n  \"title\": \"cypress-mochawesome-reporter-videos-passed\",\n  \"value\": \"cypress/e2e/features/card_tests.cy.ts\"\n}",
              "code": "cy.delete_card(1, API_TOKEN, API_KEY)\n    .then(response => {\n    expect(response.status).to.equal(400);\n    expect(response.body).to.equal(\"invalid id\");\n});",
              "err": {},
              "uuid": "59c53da7-d289-4501-803d-3fceaf0540c7",
              "parentUUID": "5cd4a722-1cd7-4466-a6c0-a6097220c4bf",
              "isHook": false,
              "skipped": false
            },
            {
              "title": "CT011 - Cenário - Exclusão de um Card no Board com API_TOKEN inválido - Teste Negativo",
              "fullTitle": "Funcionalidade de Card CT011 - Cenário - Exclusão de um Card no Board com API_TOKEN inválido - Teste Negativo",
              "timedOut": null,
              "duration": 95,
              "state": "passed",
              "speed": "fast",
              "pass": true,
              "fail": false,
              "pending": false,
              "context": "{\n  \"title\": \"cypress-mochawesome-reporter-videos-passed\",\n  \"value\": \"cypress/e2e/features/card_tests.cy.ts\"\n}",
              "code": "cy.delete_card(1, 12345, API_KEY)\n    .then(response => {\n    expect(response.status).to.equal(401);\n    expect(response.body).to.equal(\"invalid app token\");\n});",
              "err": {},
              "uuid": "6349246e-327e-4afd-988f-a39ff1750638",
              "parentUUID": "5cd4a722-1cd7-4466-a6c0-a6097220c4bf",
              "isHook": false,
              "skipped": false
            },
            {
              "title": "CT012 - Cenário - Exclusão de um Card no Board com API_KEY inválido - Teste Negativo",
              "fullTitle": "Funcionalidade de Card CT012 - Cenário - Exclusão de um Card no Board com API_KEY inválido - Teste Negativo",
              "timedOut": null,
              "duration": 88,
              "state": "passed",
              "speed": "fast",
              "pass": true,
              "fail": false,
              "pending": false,
              "context": "{\n  \"title\": \"cypress-mochawesome-reporter-videos-passed\",\n  \"value\": \"cypress/e2e/features/card_tests.cy.ts\"\n}",
              "code": "cy.delete_card(1, API_TOKEN, 123)\n    .then(response => {\n    expect(response.status).to.equal(401);\n    expect(response.body).to.equal(\"invalid key\");\n});",
              "err": {},
              "uuid": "c5cc6ee4-93ab-4b12-abb1-e74ebc70a950",
              "parentUUID": "5cd4a722-1cd7-4466-a6c0-a6097220c4bf",
              "isHook": false,
              "skipped": false
            }
          ],
          "suites": [],
          "passes": [
            "72c3342e-1b16-4dae-809d-0cbd45b422b0",
            "7378fb72-46f3-4cf5-a451-c62e2df17ffa",
            "c36b545b-f4b2-436b-bc9c-3545da2738b6",
            "4e3a24ae-c13c-4354-97e9-9c3e3df054b8",
            "ca3940ef-3a7c-46a0-bb33-e9a7051fa46b",
            "be3001b3-54fe-4c16-853f-9b2624c9ba6b",
            "722bb513-e8b7-442c-ae5a-e03198f8fa9c",
            "271c2508-6b02-4927-b47b-05288c4f4d59",
            "ae849ec5-ce45-402a-91bf-ec945134e8c2",
            "59c53da7-d289-4501-803d-3fceaf0540c7",
            "6349246e-327e-4afd-988f-a39ff1750638",
            "c5cc6ee4-93ab-4b12-abb1-e74ebc70a950"
          ],
          "failures": [],
          "pending": [],
          "skipped": [],
          "duration": 3049,
          "root": false,
          "rootEmpty": false,
          "_timeout": 2000
        }
      ],
      "passes": [],
      "failures": [],
      "pending": [],
      "skipped": [],
      "duration": 0,
      "root": true,
      "rootEmpty": true,
      "_timeout": 2000
    }
  ],
  "meta": {
    "mocha": {
      "version": "7.0.1"
    },
    "mochawesome": {
      "options": {
        "quiet": false,
        "reportFilename": "mochawesomeReport_[datetime]-[name]",
        "saveHtml": false,
        "saveJson": true,
        "consoleReporter": "spec",
        "useInlineDiffs": false,
        "code": true
      },
      "version": "7.1.3"
    },
    "marge": {
      "options": {
        "overwrite": false,
        "html": false,
        "json": true,
        "reportFilename": "mochawesomeReport_[datetime]-[name]",
        "timestamp": "longDate"
      },
      "version": "6.2.0"
    }
  }
}