{
  "stats": {
    "suites": 1,
    "tests": 2,
    "passes": 2,
    "pending": 0,
    "failures": 0,
    "start": "2025-01-07T18:13:37.639Z",
    "end": "2025-01-07T18:13:39.158Z",
    "duration": 1519,
    "testsRegistered": 2,
    "passPercent": 100,
    "pendingPercent": 0,
    "other": 0,
    "hasOther": false,
    "skipped": 0,
    "hasSkipped": false
  },
  "results": [
    {
      "uuid": "24e4603a-6461-4bee-a80c-0bc480313c8f",
      "title": "",
      "fullFile": "cypress/e2e/features/boards/card_tests.cy.ts",
      "file": "cypress/e2e/features/boards/card_tests.cy.ts",
      "beforeHooks": [],
      "afterHooks": [],
      "tests": [],
      "suites": [
        {
          "uuid": "c06e8a56-1039-4802-b3d9-213266957770",
          "title": "Funcionalidade de Card",
          "fullFile": "",
          "file": "",
          "beforeHooks": [],
          "afterHooks": [],
          "tests": [
            {
              "title": "CT001 - Cenário - Criação de um novo Card no Board do Trello - Teste Positivo",
              "fullTitle": "Funcionalidade de Card CT001 - Cenário - Criação de um novo Card no Board do Trello - Teste Positivo",
              "timedOut": null,
              "duration": 717,
              "state": "passed",
              "speed": "fast",
              "pass": true,
              "fail": false,
              "pending": false,
              "context": "{\n  \"title\": \"cypress-mochawesome-reporter-videos-passed\",\n  \"value\": \"cypress/e2e/features/boards/card_tests.cy.ts\"\n}",
              "code": "cy.create_a_new_list(board_id)\n    .then(response => {\n    expect(response.status).to.equal(200);\n    list_id = response.body.id;\n});\ncy.create_a_card(list_id)\n    .then(response => {\n    expect(response.status).to.equal(200);\n    // Validar o schema dos dados de retorno do endpoint.\n    expect(response.body).to.be.jsonSchema(_support_schemas_create_card__WEBPACK_IMPORTED_MODULE_0__[\"default\"]);\n    card_id = response.body.id;\n});",
              "err": {},
              "uuid": "ddfeddf2-3b6e-47f9-b024-a35d56e6849b",
              "parentUUID": "c06e8a56-1039-4802-b3d9-213266957770",
              "isHook": false,
              "skipped": false
            },
            {
              "title": "CT002 - Cenário - Exclusão de um Card no Board do Trello - Teste Positivo",
              "fullTitle": "Funcionalidade de Card CT002 - Cenário - Exclusão de um Card no Board do Trello - Teste Positivo",
              "timedOut": null,
              "duration": 779,
              "state": "passed",
              "speed": "fast",
              "pass": true,
              "fail": false,
              "pending": false,
              "context": "{\n  \"title\": \"cypress-mochawesome-reporter-videos-passed\",\n  \"value\": \"cypress/e2e/features/boards/card_tests.cy.ts\"\n}",
              "code": "cy.open_boards();\ncy.delete_card(card_id)\n    .then(response => {\n    expect(response.status).to.equal(200);\n});",
              "err": {},
              "uuid": "18c9f80d-1318-4354-8722-bbb5af750918",
              "parentUUID": "c06e8a56-1039-4802-b3d9-213266957770",
              "isHook": false,
              "skipped": false
            }
          ],
          "suites": [],
          "passes": [
            "ddfeddf2-3b6e-47f9-b024-a35d56e6849b",
            "18c9f80d-1318-4354-8722-bbb5af750918"
          ],
          "failures": [],
          "pending": [],
          "skipped": [],
          "duration": 1496,
          "root": false,
          "rootEmpty": false,
          "_timeout": 2000
        }
      ],
      "passes": [],
      "failures": [],
      "pending": [],
      "skipped": [],
      "duration": 0,
      "root": true,
      "rootEmpty": true,
      "_timeout": 2000
    }
  ],
  "meta": {
    "mocha": {
      "version": "7.0.1"
    },
    "mochawesome": {
      "options": {
        "quiet": false,
        "reportFilename": "mochawesome",
        "saveHtml": false,
        "saveJson": true,
        "consoleReporter": "spec",
        "useInlineDiffs": false,
        "code": true
      },
      "version": "7.1.3"
    },
    "marge": {
      "options": {
        "overwrite": false,
        "html": false,
        "json": true
      },
      "version": "6.2.0"
    }
  }
}