{
  "stats": {
    "suites": 1,
    "tests": 12,
    "passes": 12,
    "pending": 0,
    "failures": 0,
    "start": "2025-01-13T12:42:18.555Z",
    "end": "2025-01-13T12:42:22.302Z",
    "duration": 3747,
    "testsRegistered": 12,
    "passPercent": 100,
    "pendingPercent": 0,
    "other": 0,
    "hasOther": false,
    "skipped": 0,
    "hasSkipped": false
  },
  "results": [
    {
      "uuid": "2301e6a3-134a-4859-9a25-24dda113d95d",
      "title": "",
      "fullFile": "cypress/e2e/features/card_tests.cy.ts",
      "file": "cypress/e2e/features/card_tests.cy.ts",
      "beforeHooks": [],
      "afterHooks": [],
      "tests": [],
      "suites": [
        {
          "uuid": "51c6e6a4-7cbd-471a-9ec3-6919db6fca0f",
          "title": "Funcionalidade de Card",
          "fullFile": "",
          "file": "",
          "beforeHooks": [],
          "afterHooks": [],
          "tests": [
            {
              "title": "CT001 - Cenário - Criação de um novo Card no Board do Trello - Teste Positivo",
              "fullTitle": "Funcionalidade de Card CT001 - Cenário - Criação de um novo Card no Board do Trello - Teste Positivo",
              "timedOut": null,
              "duration": 1027,
              "state": "passed",
              "speed": "fast",
              "pass": true,
              "fail": false,
              "pending": false,
              "context": "{\n  \"title\": \"cypress-mochawesome-reporter-videos-passed\",\n  \"value\": \"cypress/e2e/features/card_tests.cy.ts\"\n}",
              "code": "cy.create_a_card(_fixtures_cards_data_json__WEBPACK_IMPORTED_MODULE_2__.list_id, nome_card, API_TOKEN, API_KEY)\n    .then(response => {\n    card_id = response.body.id;\n    const idLength = card_id.toString().length;\n    expect(response.status).to.equal(200);\n    expect(response.body.name).to.equal(nome_card);\n    expect(response.body.idList).to.equal(_fixtures_cards_data_json__WEBPACK_IMPORTED_MODULE_2__.list_id);\n    expect(response.body.idBoard).to.equal(_fixtures_cards_data_json__WEBPACK_IMPORTED_MODULE_2__.board_id);\n    expect(idLength).to.eq(24); // Validar se o id do board tem 24 caracteres.\n    // Validar o schema dos dados de retorno do endpoint.\n    expect(response.body).to.be.jsonSchema(_support_schemas_create_card__WEBPACK_IMPORTED_MODULE_0__[\"default\"]);\n});",
              "err": {},
              "uuid": "a6de736e-60ca-4340-8d41-787fc644e9d0",
              "parentUUID": "51c6e6a4-7cbd-471a-9ec3-6919db6fca0f",
              "isHook": false,
              "skipped": false
            },
            {
              "title": "CT002 - Cenário - Criação de um novo Card no Board com list_id inválido - Teste Negativo",
              "fullTitle": "Funcionalidade de Card CT002 - Cenário - Criação de um novo Card no Board com list_id inválido - Teste Negativo",
              "timedOut": null,
              "duration": 170,
              "state": "passed",
              "speed": "fast",
              "pass": true,
              "fail": false,
              "pending": false,
              "context": "{\n  \"title\": \"cypress-mochawesome-reporter-videos-passed\",\n  \"value\": \"cypress/e2e/features/card_tests.cy.ts\"\n}",
              "code": "cy.create_a_card(1, nome_card, API_TOKEN, API_KEY)\n    .then(response => {\n    expect(response.status).to.equal(400);\n    expect(response.body).to.equal(\"invalid value for idList\");\n});",
              "err": {},
              "uuid": "36627a5b-1142-4ec7-81e6-f3ad40aa52c1",
              "parentUUID": "51c6e6a4-7cbd-471a-9ec3-6919db6fca0f",
              "isHook": false,
              "skipped": false
            },
            {
              "title": "CT003 - Cenário - Consulta Card criado no Trello - Teste Positivo",
              "fullTitle": "Funcionalidade de Card CT003 - Cenário - Consulta Card criado no Trello - Teste Positivo",
              "timedOut": null,
              "duration": 248,
              "state": "passed",
              "speed": "fast",
              "pass": true,
              "fail": false,
              "pending": false,
              "context": "{\n  \"title\": \"cypress-mochawesome-reporter-videos-passed\",\n  \"value\": \"cypress/e2e/features/card_tests.cy.ts\"\n}",
              "code": "cy.get_card(card_id, API_TOKEN, API_KEY)\n    .then(response => {\n    expect(response.status).to.equal(200);\n    expect(response.body.name).to.equal(nome_card);\n    expect(response.body.id).to.eq(card_id);\n    // Validar o schema dos dados de retorno do endpoint.\n    expect(response.body).to.be.jsonSchema(_support_schemas_get_card__WEBPACK_IMPORTED_MODULE_1__[\"default\"]);\n});",
              "err": {},
              "uuid": "048c3d95-a00f-4355-a5d8-cde8bf889b4c",
              "parentUUID": "51c6e6a4-7cbd-471a-9ec3-6919db6fca0f",
              "isHook": false,
              "skipped": false
            },
            {
              "title": "CT004 - Cenário - Consulta um Card criado no Trello com card_id invalido - Teste Negativo",
              "fullTitle": "Funcionalidade de Card CT004 - Cenário - Consulta um Card criado no Trello com card_id invalido - Teste Negativo",
              "timedOut": null,
              "duration": 184,
              "state": "passed",
              "speed": "fast",
              "pass": true,
              "fail": false,
              "pending": false,
              "context": "{\n  \"title\": \"cypress-mochawesome-reporter-videos-passed\",\n  \"value\": \"cypress/e2e/features/card_tests.cy.ts\"\n}",
              "code": "cy.get_card(0, API_TOKEN, API_KEY)\n    .then(response => {\n    expect(response.status).to.equal(400);\n    expect(response.body).to.equal(\"invalid id\");\n});",
              "err": {},
              "uuid": "4f535186-c88e-477b-b198-a0f510568b45",
              "parentUUID": "51c6e6a4-7cbd-471a-9ec3-6919db6fca0f",
              "isHook": false,
              "skipped": false
            },
            {
              "title": "CT005 - Cenário - Criação de um novo Card no Board com API_TOKEN inválido - Teste Negativo",
              "fullTitle": "Funcionalidade de Card CT005 - Cenário - Criação de um novo Card no Board com API_TOKEN inválido - Teste Negativo",
              "timedOut": null,
              "duration": 155,
              "state": "passed",
              "speed": "fast",
              "pass": true,
              "fail": false,
              "pending": false,
              "context": "{\n  \"title\": \"cypress-mochawesome-reporter-videos-passed\",\n  \"value\": \"cypress/e2e/features/card_tests.cy.ts\"\n}",
              "code": "cy.create_a_card(_fixtures_cards_data_json__WEBPACK_IMPORTED_MODULE_2__.list_id, nome_card, 12345, API_KEY)\n    .then(response => {\n    expect(response.status).to.equal(401);\n    expect(response.body).to.equal(\"invalid app token\");\n});",
              "err": {},
              "uuid": "90bdf79a-a0a5-42f6-9d5c-ae2518dc0fba",
              "parentUUID": "51c6e6a4-7cbd-471a-9ec3-6919db6fca0f",
              "isHook": false,
              "skipped": false
            },
            {
              "title": "CT006 - Cenário - Criação de um novo Card no Board com API_KEY inválido - Teste Negativo",
              "fullTitle": "Funcionalidade de Card CT006 - Cenário - Criação de um novo Card no Board com API_KEY inválido - Teste Negativo",
              "timedOut": null,
              "duration": 149,
              "state": "passed",
              "speed": "fast",
              "pass": true,
              "fail": false,
              "pending": false,
              "context": "{\n  \"title\": \"cypress-mochawesome-reporter-videos-passed\",\n  \"value\": \"cypress/e2e/features/card_tests.cy.ts\"\n}",
              "code": "cy.create_a_card(_fixtures_cards_data_json__WEBPACK_IMPORTED_MODULE_2__.list_id, nome_card, API_TOKEN, 12345)\n    .then(response => {\n    expect(response.status).to.equal(401);\n    expect(response.body).to.equal(\"invalid key\");\n});",
              "err": {},
              "uuid": "3d079aba-5bf7-412e-844e-07d8630fcef7",
              "parentUUID": "51c6e6a4-7cbd-471a-9ec3-6919db6fca0f",
              "isHook": false,
              "skipped": false
            },
            {
              "title": "CT007 - Cenário - Atualizar um Card no Trello - Teste Positivo",
              "fullTitle": "Funcionalidade de Card CT007 - Cenário - Atualizar um Card no Trello - Teste Positivo",
              "timedOut": null,
              "duration": 345,
              "state": "passed",
              "speed": "fast",
              "pass": true,
              "fail": false,
              "pending": false,
              "context": "{\n  \"title\": \"cypress-mochawesome-reporter-videos-passed\",\n  \"value\": \"cypress/e2e/features/card_tests.cy.ts\"\n}",
              "code": "cy.update_card(card_id, _fixtures_cards_data_json__WEBPACK_IMPORTED_MODULE_2__.board_name, _fixtures_cards_data_json__WEBPACK_IMPORTED_MODULE_2__.description, API_TOKEN, API_KEY)\n    .then(response => {\n    expect(response.status).to.equal(200);\n    expect(response.body.name).to.equal(_fixtures_cards_data_json__WEBPACK_IMPORTED_MODULE_2__.board_name);\n    expect(response.body.desc).to.equal(_fixtures_cards_data_json__WEBPACK_IMPORTED_MODULE_2__.description);\n    expect(response.body.id).to.eq(card_id);\n    // Validar o schema dos dados de retorno do endpoint.\n    expect(response.body).to.be.jsonSchema(_support_schemas_get_card__WEBPACK_IMPORTED_MODULE_1__[\"default\"]);\n});",
              "err": {},
              "uuid": "f733a322-b3d4-4086-9e88-f9d51af20407",
              "parentUUID": "51c6e6a4-7cbd-471a-9ec3-6919db6fca0f",
              "isHook": false,
              "skipped": false
            },
            {
              "title": "CT008 - Cenário - Update um Card no Trello com id inválido - Teste Negativo",
              "fullTitle": "Funcionalidade de Card CT008 - Cenário - Update um Card no Trello com id inválido - Teste Negativo",
              "timedOut": null,
              "duration": 160,
              "state": "passed",
              "speed": "fast",
              "pass": true,
              "fail": false,
              "pending": false,
              "context": "{\n  \"title\": \"cypress-mochawesome-reporter-videos-passed\",\n  \"value\": \"cypress/e2e/features/card_tests.cy.ts\"\n}",
              "code": "cy.update_board(0, _fixtures_cards_data_json__WEBPACK_IMPORTED_MODULE_2__.board_name, _fixtures_cards_data_json__WEBPACK_IMPORTED_MODULE_2__.description, API_TOKEN, API_KEY)\n    .then(response => {\n    expect(response.status).to.equal(400);\n    expect(response.body).to.equal(\"invalid id\");\n});",
              "err": {},
              "uuid": "58a77853-2a8a-48da-b623-16496afc197e",
              "parentUUID": "51c6e6a4-7cbd-471a-9ec3-6919db6fca0f",
              "isHook": false,
              "skipped": false
            },
            {
              "title": "CT009 - Cenário - Exclusão de um Card no Board do Trello - Teste Positivo",
              "fullTitle": "Funcionalidade de Card CT009 - Cenário - Exclusão de um Card no Board do Trello - Teste Positivo",
              "timedOut": null,
              "duration": 768,
              "state": "passed",
              "speed": "fast",
              "pass": true,
              "fail": false,
              "pending": false,
              "context": "{\n  \"title\": \"cypress-mochawesome-reporter-videos-passed\",\n  \"value\": \"cypress/e2e/features/card_tests.cy.ts\"\n}",
              "code": "cy.delete_card(card_id, API_TOKEN, API_KEY)\n    .then(response => {\n    expect(response.status).to.equal(200);\n});",
              "err": {},
              "uuid": "c71a905c-0ad3-462d-86ae-278977cd24c6",
              "parentUUID": "51c6e6a4-7cbd-471a-9ec3-6919db6fca0f",
              "isHook": false,
              "skipped": false
            },
            {
              "title": "CT010 - Cenário - Exclusão de um Card no Board com card_id inexistente - Teste Negativo",
              "fullTitle": "Funcionalidade de Card CT010 - Cenário - Exclusão de um Card no Board com card_id inexistente - Teste Negativo",
              "timedOut": null,
              "duration": 188,
              "state": "passed",
              "speed": "fast",
              "pass": true,
              "fail": false,
              "pending": false,
              "context": "{\n  \"title\": \"cypress-mochawesome-reporter-videos-passed\",\n  \"value\": \"cypress/e2e/features/card_tests.cy.ts\"\n}",
              "code": "cy.delete_card(1, API_TOKEN, API_KEY)\n    .then(response => {\n    expect(response.status).to.equal(400);\n    expect(response.body).to.equal(\"invalid id\");\n});",
              "err": {},
              "uuid": "21e50673-a3bb-4fad-9a2d-00d74a61a65c",
              "parentUUID": "51c6e6a4-7cbd-471a-9ec3-6919db6fca0f",
              "isHook": false,
              "skipped": false
            },
            {
              "title": "CT011 - Cenário - Exclusão de um Card no Board com API_TOKEN inválido - Teste Negativo",
              "fullTitle": "Funcionalidade de Card CT011 - Cenário - Exclusão de um Card no Board com API_TOKEN inválido - Teste Negativo",
              "timedOut": null,
              "duration": 149,
              "state": "passed",
              "speed": "fast",
              "pass": true,
              "fail": false,
              "pending": false,
              "context": "{\n  \"title\": \"cypress-mochawesome-reporter-videos-passed\",\n  \"value\": \"cypress/e2e/features/card_tests.cy.ts\"\n}",
              "code": "cy.delete_card(1, 12345, API_KEY)\n    .then(response => {\n    expect(response.status).to.equal(401);\n    expect(response.body).to.equal(\"invalid app token\");\n});",
              "err": {},
              "uuid": "4a1ac5b7-3195-41b0-9530-427da187d067",
              "parentUUID": "51c6e6a4-7cbd-471a-9ec3-6919db6fca0f",
              "isHook": false,
              "skipped": false
            },
            {
              "title": "CT012 - Cenário - Exclusão de um Card no Board com API_KEY inválido - Teste Negativo",
              "fullTitle": "Funcionalidade de Card CT012 - Cenário - Exclusão de um Card no Board com API_KEY inválido - Teste Negativo",
              "timedOut": null,
              "duration": 157,
              "state": "passed",
              "speed": "fast",
              "pass": true,
              "fail": false,
              "pending": false,
              "context": "{\n  \"title\": \"cypress-mochawesome-reporter-videos-passed\",\n  \"value\": \"cypress/e2e/features/card_tests.cy.ts\"\n}",
              "code": "cy.delete_card(1, API_TOKEN, 123)\n    .then(response => {\n    expect(response.status).to.equal(401);\n    expect(response.body).to.equal(\"invalid key\");\n});",
              "err": {},
              "uuid": "408ee62c-6d43-48d6-a862-6e011e40fd9f",
              "parentUUID": "51c6e6a4-7cbd-471a-9ec3-6919db6fca0f",
              "isHook": false,
              "skipped": false
            }
          ],
          "suites": [],
          "passes": [
            "a6de736e-60ca-4340-8d41-787fc644e9d0",
            "36627a5b-1142-4ec7-81e6-f3ad40aa52c1",
            "048c3d95-a00f-4355-a5d8-cde8bf889b4c",
            "4f535186-c88e-477b-b198-a0f510568b45",
            "90bdf79a-a0a5-42f6-9d5c-ae2518dc0fba",
            "3d079aba-5bf7-412e-844e-07d8630fcef7",
            "f733a322-b3d4-4086-9e88-f9d51af20407",
            "58a77853-2a8a-48da-b623-16496afc197e",
            "c71a905c-0ad3-462d-86ae-278977cd24c6",
            "21e50673-a3bb-4fad-9a2d-00d74a61a65c",
            "4a1ac5b7-3195-41b0-9530-427da187d067",
            "408ee62c-6d43-48d6-a862-6e011e40fd9f"
          ],
          "failures": [],
          "pending": [],
          "skipped": [],
          "duration": 3700,
          "root": false,
          "rootEmpty": false,
          "_timeout": 2000
        }
      ],
      "passes": [],
      "failures": [],
      "pending": [],
      "skipped": [],
      "duration": 0,
      "root": true,
      "rootEmpty": true,
      "_timeout": 2000
    }
  ],
  "meta": {
    "mocha": {
      "version": "7.0.1"
    },
    "mochawesome": {
      "options": {
        "quiet": false,
        "reportFilename": "mochawesomeReport_[datetime]-[name]",
        "saveHtml": false,
        "saveJson": true,
        "consoleReporter": "spec",
        "useInlineDiffs": false,
        "code": true
      },
      "version": "7.1.3"
    },
    "marge": {
      "options": {
        "overwrite": false,
        "html": false,
        "json": true,
        "reportFilename": "mochawesomeReport_[datetime]-[name]",
        "timestamp": "longDate"
      },
      "version": "6.2.0"
    }
  }
}