{
  "stats": {
    "suites": 1,
    "tests": 12,
    "passes": 12,
    "pending": 0,
    "failures": 0,
    "start": "2025-01-13T12:42:03.615Z",
    "end": "2025-01-13T12:42:07.760Z",
    "duration": 4145,
    "testsRegistered": 12,
    "passPercent": 100,
    "pendingPercent": 0,
    "other": 0,
    "hasOther": false,
    "skipped": 0,
    "hasSkipped": false
  },
  "results": [
    {
      "uuid": "41b21e83-16cf-4b13-9880-00315796aba6",
      "title": "",
      "fullFile": "cypress/e2e/features/boards_tests.cy.ts",
      "file": "cypress/e2e/features/boards_tests.cy.ts",
      "beforeHooks": [],
      "afterHooks": [],
      "tests": [],
      "suites": [
        {
          "uuid": "6d54ced4-9e13-4bab-b9b3-d4650f6c9ef4",
          "title": "Funcionalidade de Board, que representa o quadro no Trello.",
          "fullFile": "",
          "file": "",
          "beforeHooks": [],
          "afterHooks": [],
          "tests": [
            {
              "title": "CT001 - Cenário - Criação de um novo Board no Trello - Teste Positivo",
              "fullTitle": "Funcionalidade de Board, que representa o quadro no Trello. CT001 - Cenário - Criação de um novo Board no Trello - Teste Positivo",
              "timedOut": null,
              "duration": 464,
              "state": "passed",
              "speed": "fast",
              "pass": true,
              "fail": false,
              "pending": false,
              "context": "{\n  \"title\": \"cypress-mochawesome-reporter-videos-passed\",\n  \"value\": \"cypress/e2e/features/boards_tests.cy.ts\"\n}",
              "code": "const project = {\n    name: `${_faker_js_faker__WEBPACK_IMPORTED_MODULE_2__.a.company.name()}`,\n};\ncy.create_a_board(project, API_TOKEN, API_KEY)\n    .then(response => {\n    board_id = response.body.id;\n    board_name = response.body.name;\n    const idLength = board_id.toString().length;\n    expect(response.status).to.equal(200);\n    expect(response.body.name).to.equal(project.name);\n    expect(response.body.desc).to.equal(description);\n    expect(idLength).to.eq(24); // Validar se o id do board tem 24 caracteres.\n    // Validar o schema dos dados de retorno do endpoint.\n    expect(response.body).to.be.jsonSchema(_support_schemas_create_board__WEBPACK_IMPORTED_MODULE_0__[\"default\"]);\n});",
              "err": {},
              "uuid": "937a60de-07fc-4db4-8455-30e01e11b403",
              "parentUUID": "6d54ced4-9e13-4bab-b9b3-d4650f6c9ef4",
              "isHook": false,
              "skipped": false
            },
            {
              "title": "CT002 - Cenário - Criação de um novo Board no Trello com project name vazio - Teste Negativo",
              "fullTitle": "Funcionalidade de Board, que representa o quadro no Trello. CT002 - Cenário - Criação de um novo Board no Trello com project name vazio - Teste Negativo",
              "timedOut": null,
              "duration": 182,
              "state": "passed",
              "speed": "fast",
              "pass": true,
              "fail": false,
              "pending": false,
              "context": "{\n  \"title\": \"cypress-mochawesome-reporter-videos-passed\",\n  \"value\": \"cypress/e2e/features/boards_tests.cy.ts\"\n}",
              "code": "const project = {\n    name: ``,\n};\ncy.create_a_board(project, API_TOKEN, API_KEY)\n    .then(response => {\n    expect(response.status).to.equal(400);\n    expect(response.body.message).to.equal(\"invalid value for name\");\n    expect(response.body.error).to.equal(\"ERROR\");\n});",
              "err": {},
              "uuid": "245bd458-56dc-4d1f-a2e2-8ff146a81fa2",
              "parentUUID": "6d54ced4-9e13-4bab-b9b3-d4650f6c9ef4",
              "isHook": false,
              "skipped": false
            },
            {
              "title": "CT003 - Cenário - Criação de um novo Board com API_TOKEN inválido - Teste Negativo",
              "fullTitle": "Funcionalidade de Board, que representa o quadro no Trello. CT003 - Cenário - Criação de um novo Board com API_TOKEN inválido - Teste Negativo",
              "timedOut": null,
              "duration": 163,
              "state": "passed",
              "speed": "fast",
              "pass": true,
              "fail": false,
              "pending": false,
              "context": "{\n  \"title\": \"cypress-mochawesome-reporter-videos-passed\",\n  \"value\": \"cypress/e2e/features/boards_tests.cy.ts\"\n}",
              "code": "const project = {\n    name: `${_faker_js_faker__WEBPACK_IMPORTED_MODULE_2__.a.company.name()}`,\n};\ncy.create_a_board(project, 0, API_KEY)\n    .then(response => {\n    expect(response.status).to.equal(401);\n    expect(response.body).to.equal(\"invalid app token\");\n});",
              "err": {},
              "uuid": "465839e1-cbf3-4781-96b4-5f003aa04279",
              "parentUUID": "6d54ced4-9e13-4bab-b9b3-d4650f6c9ef4",
              "isHook": false,
              "skipped": false
            },
            {
              "title": "CT004 - Cenário - Criação de um novo Board com API_KEY inválido - Teste Negativo",
              "fullTitle": "Funcionalidade de Board, que representa o quadro no Trello. CT004 - Cenário - Criação de um novo Board com API_KEY inválido - Teste Negativo",
              "timedOut": null,
              "duration": 157,
              "state": "passed",
              "speed": "fast",
              "pass": true,
              "fail": false,
              "pending": false,
              "context": "{\n  \"title\": \"cypress-mochawesome-reporter-videos-passed\",\n  \"value\": \"cypress/e2e/features/boards_tests.cy.ts\"\n}",
              "code": "const project = {\n    name: `${_faker_js_faker__WEBPACK_IMPORTED_MODULE_2__.a.company.name()}`,\n};\ncy.create_a_board(project, API_TOKEN, 0)\n    .then(response => {\n    expect(response.status).to.equal(401);\n    expect(response.body).to.equal(\"invalid key\");\n});",
              "err": {},
              "uuid": "f169e9db-9916-4eb4-82de-c6feba05e486",
              "parentUUID": "6d54ced4-9e13-4bab-b9b3-d4650f6c9ef4",
              "isHook": false,
              "skipped": false
            },
            {
              "title": "CT005 - Cenário - Consulta do novo Board criado no Trello - Teste Positivo",
              "fullTitle": "Funcionalidade de Board, que representa o quadro no Trello. CT005 - Cenário - Consulta do novo Board criado no Trello - Teste Positivo",
              "timedOut": null,
              "duration": 243,
              "state": "passed",
              "speed": "fast",
              "pass": true,
              "fail": false,
              "pending": false,
              "context": "{\n  \"title\": \"cypress-mochawesome-reporter-videos-passed\",\n  \"value\": \"cypress/e2e/features/boards_tests.cy.ts\"\n}",
              "code": "cy.get_board(board_id, API_TOKEN, API_KEY)\n    .then(response => {\n    expect(response.status).to.equal(200);\n    expect(response.body.name).to.equal(board_name);\n    expect(response.body.id).to.eq(board_id);\n    // Validar o schema dos dados de retorno do endpoint.\n    expect(response.body).to.be.jsonSchema(_support_schemas_get_board__WEBPACK_IMPORTED_MODULE_1__[\"default\"]);\n});",
              "err": {},
              "uuid": "1a69a11f-59da-4989-beaa-0092a188f7fb",
              "parentUUID": "6d54ced4-9e13-4bab-b9b3-d4650f6c9ef4",
              "isHook": false,
              "skipped": false
            },
            {
              "title": "CT006 - Cenário - Consulta do novo Board criado no Trello com board_id invalido - Teste Negativo",
              "fullTitle": "Funcionalidade de Board, que representa o quadro no Trello. CT006 - Cenário - Consulta do novo Board criado no Trello com board_id invalido - Teste Negativo",
              "timedOut": null,
              "duration": 175,
              "state": "passed",
              "speed": "fast",
              "pass": true,
              "fail": false,
              "pending": false,
              "context": "{\n  \"title\": \"cypress-mochawesome-reporter-videos-passed\",\n  \"value\": \"cypress/e2e/features/boards_tests.cy.ts\"\n}",
              "code": "cy.get_board(0, API_TOKEN, API_KEY)\n    .then(response => {\n    expect(response.status).to.equal(400);\n    expect(response.body).to.equal(\"invalid id\");\n});",
              "err": {},
              "uuid": "05215a42-b022-4e20-9433-f6ebdf5cd488",
              "parentUUID": "6d54ced4-9e13-4bab-b9b3-d4650f6c9ef4",
              "isHook": false,
              "skipped": false
            },
            {
              "title": "CT007 - Cenário - Update no Board no Trello - Teste Positivo",
              "fullTitle": "Funcionalidade de Board, que representa o quadro no Trello. CT007 - Cenário - Update no Board no Trello - Teste Positivo",
              "timedOut": null,
              "duration": 275,
              "state": "passed",
              "speed": "fast",
              "pass": true,
              "fail": false,
              "pending": false,
              "context": "{\n  \"title\": \"cypress-mochawesome-reporter-videos-passed\",\n  \"value\": \"cypress/e2e/features/boards_tests.cy.ts\"\n}",
              "code": "var board_name = \"Automação Cypress - Trello\";\nvar description = \"Teste de Update no Board\";\ncy.update_board(board_id, board_name, description, API_TOKEN, API_KEY)\n    .then(response => {\n    expect(response.status).to.equal(200);\n    expect(response.body.name).to.equal(board_name);\n    expect(response.body.desc).to.equal(description);\n    expect(response.body.id).to.eq(board_id);\n    // Validar o schema dos dados de retorno do endpoint.\n    expect(response.body).to.be.jsonSchema(_support_schemas_get_board__WEBPACK_IMPORTED_MODULE_1__[\"default\"]);\n});",
              "err": {},
              "uuid": "e0445f55-6a2d-42ec-aae3-cfaf4c154bb2",
              "parentUUID": "6d54ced4-9e13-4bab-b9b3-d4650f6c9ef4",
              "isHook": false,
              "skipped": false
            },
            {
              "title": "CT008 - Cenário - Update no Board no Trello com id inválido - Teste Negativo",
              "fullTitle": "Funcionalidade de Board, que representa o quadro no Trello. CT008 - Cenário - Update no Board no Trello com id inválido - Teste Negativo",
              "timedOut": null,
              "duration": 162,
              "state": "passed",
              "speed": "fast",
              "pass": true,
              "fail": false,
              "pending": false,
              "context": "{\n  \"title\": \"cypress-mochawesome-reporter-videos-passed\",\n  \"value\": \"cypress/e2e/features/boards_tests.cy.ts\"\n}",
              "code": "var board_name = \"Automação Cypress - Trello\";\nvar description = \"Teste de Update no Board\";\ncy.update_board(0, board_name, description, API_TOKEN, API_KEY)\n    .then(response => {\n    expect(response.status).to.equal(400);\n    expect(response.body).to.equal(\"invalid id\");\n});",
              "err": {},
              "uuid": "3af2e9e0-bafa-4630-af13-acce596a52de",
              "parentUUID": "6d54ced4-9e13-4bab-b9b3-d4650f6c9ef4",
              "isHook": false,
              "skipped": false
            },
            {
              "title": "CT009 - Cenário - Deletar um Board no Trello - Teste Positivo",
              "fullTitle": "Funcionalidade de Board, que representa o quadro no Trello. CT009 - Cenário - Deletar um Board no Trello - Teste Positivo",
              "timedOut": null,
              "duration": 1355,
              "state": "passed",
              "speed": "fast",
              "pass": true,
              "fail": false,
              "pending": false,
              "context": "{\n  \"title\": \"cypress-mochawesome-reporter-videos-passed\",\n  \"value\": \"cypress/e2e/features/boards_tests.cy.ts\"\n}",
              "code": "cy.delete_board(board_id, API_TOKEN, API_KEY)\n    .then(response => {\n    expect(response.status).to.equal(200);\n});",
              "err": {},
              "uuid": "58b7c5e7-cdb0-4310-815c-87ca5cbece59",
              "parentUUID": "6d54ced4-9e13-4bab-b9b3-d4650f6c9ef4",
              "isHook": false,
              "skipped": false
            },
            {
              "title": "CT010 - Cenário - Deletar um Board no Trello com um board_id inválido - Teste Negativo",
              "fullTitle": "Funcionalidade de Board, que representa o quadro no Trello. CT010 - Cenário - Deletar um Board no Trello com um board_id inválido - Teste Negativo",
              "timedOut": null,
              "duration": 164,
              "state": "passed",
              "speed": "fast",
              "pass": true,
              "fail": false,
              "pending": false,
              "context": "{\n  \"title\": \"cypress-mochawesome-reporter-videos-passed\",\n  \"value\": \"cypress/e2e/features/boards_tests.cy.ts\"\n}",
              "code": "cy.delete_board(0, API_TOKEN, API_KEY)\n    .then(response => {\n    expect(response.status).to.equal(400);\n    expect(response.body).to.equal(\"invalid id\");\n});",
              "err": {},
              "uuid": "56d1b4f6-494c-4c93-938f-18115a733bf7",
              "parentUUID": "6d54ced4-9e13-4bab-b9b3-d4650f6c9ef4",
              "isHook": false,
              "skipped": false
            },
            {
              "title": "CT011 - Cenário - Deletar um Board no Trello com um API_TOKEN inválido - Teste Negativo",
              "fullTitle": "Funcionalidade de Board, que representa o quadro no Trello. CT011 - Cenário - Deletar um Board no Trello com um API_TOKEN inválido - Teste Negativo",
              "timedOut": null,
              "duration": 151,
              "state": "passed",
              "speed": "fast",
              "pass": true,
              "fail": false,
              "pending": false,
              "context": "{\n  \"title\": \"cypress-mochawesome-reporter-videos-passed\",\n  \"value\": \"cypress/e2e/features/boards_tests.cy.ts\"\n}",
              "code": "cy.delete_board(board_id, 0, API_KEY)\n    .then(response => {\n    expect(response.status).to.equal(401);\n    expect(response.body).to.equal(\"invalid app token\");\n});",
              "err": {},
              "uuid": "d4177847-3c71-4e84-8f45-d00f9eee9a65",
              "parentUUID": "6d54ced4-9e13-4bab-b9b3-d4650f6c9ef4",
              "isHook": false,
              "skipped": false
            },
            {
              "title": "CT012 - Cenário - Deletar um Board no Trello com um API_KEY inválido - Teste Negativo",
              "fullTitle": "Funcionalidade de Board, que representa o quadro no Trello. CT012 - Cenário - Deletar um Board no Trello com um API_KEY inválido - Teste Negativo",
              "timedOut": null,
              "duration": 609,
              "state": "passed",
              "speed": "fast",
              "pass": true,
              "fail": false,
              "pending": false,
              "context": "{\n  \"title\": \"cypress-mochawesome-reporter-videos-passed\",\n  \"value\": \"cypress/e2e/features/boards_tests.cy.ts\"\n}",
              "code": "cy.delete_board(board_id, API_TOKEN, 0)\n    .then(response => {\n    expect(response.status).to.equal(401);\n    expect(response.body).to.equal(\"invalid key\");\n});",
              "err": {},
              "uuid": "ea9a3e2d-dc45-4d1d-982b-3850f035f215",
              "parentUUID": "6d54ced4-9e13-4bab-b9b3-d4650f6c9ef4",
              "isHook": false,
              "skipped": false
            }
          ],
          "suites": [],
          "passes": [
            "937a60de-07fc-4db4-8455-30e01e11b403",
            "245bd458-56dc-4d1f-a2e2-8ff146a81fa2",
            "465839e1-cbf3-4781-96b4-5f003aa04279",
            "f169e9db-9916-4eb4-82de-c6feba05e486",
            "1a69a11f-59da-4989-beaa-0092a188f7fb",
            "05215a42-b022-4e20-9433-f6ebdf5cd488",
            "e0445f55-6a2d-42ec-aae3-cfaf4c154bb2",
            "3af2e9e0-bafa-4630-af13-acce596a52de",
            "58b7c5e7-cdb0-4310-815c-87ca5cbece59",
            "56d1b4f6-494c-4c93-938f-18115a733bf7",
            "d4177847-3c71-4e84-8f45-d00f9eee9a65",
            "ea9a3e2d-dc45-4d1d-982b-3850f035f215"
          ],
          "failures": [],
          "pending": [],
          "skipped": [],
          "duration": 4100,
          "root": false,
          "rootEmpty": false,
          "_timeout": 2000
        }
      ],
      "passes": [],
      "failures": [],
      "pending": [],
      "skipped": [],
      "duration": 0,
      "root": true,
      "rootEmpty": true,
      "_timeout": 2000
    }
  ],
  "meta": {
    "mocha": {
      "version": "7.0.1"
    },
    "mochawesome": {
      "options": {
        "quiet": false,
        "reportFilename": "mochawesomeReport_[datetime]-[name]",
        "saveHtml": false,
        "saveJson": true,
        "consoleReporter": "spec",
        "useInlineDiffs": false,
        "code": true
      },
      "version": "7.1.3"
    },
    "marge": {
      "options": {
        "overwrite": false,
        "html": false,
        "json": true,
        "reportFilename": "mochawesomeReport_[datetime]-[name]",
        "timestamp": "longDate"
      },
      "version": "6.2.0"
    }
  }
}