{
  "stats": {
    "suites": 1,
    "tests": 12,
    "passes": 12,
    "pending": 0,
    "failures": 0,
    "start": "2025-01-12T15:59:46.788Z",
    "end": "2025-01-12T15:59:49.976Z",
    "duration": 3188,
    "testsRegistered": 12,
    "passPercent": 100,
    "pendingPercent": 0,
    "other": 0,
    "hasOther": false,
    "skipped": 0,
    "hasSkipped": false
  },
  "results": [
    {
      "uuid": "b6e3aa91-ab9b-4378-96a4-0c88ca3c793d",
      "title": "",
      "fullFile": "cypress/e2e/features/card_tests.cy.ts",
      "file": "cypress/e2e/features/card_tests.cy.ts",
      "beforeHooks": [],
      "afterHooks": [],
      "tests": [],
      "suites": [
        {
          "uuid": "7d499e3e-4402-4975-a784-2d5d53f3ad07",
          "title": "Funcionalidade de Card",
          "fullFile": "",
          "file": "",
          "beforeHooks": [],
          "afterHooks": [],
          "tests": [
            {
              "title": "CT001 - Cenário - Criação de um novo Card no Board do Trello - Teste Positivo",
              "fullTitle": "Funcionalidade de Card CT001 - Cenário - Criação de um novo Card no Board do Trello - Teste Positivo",
              "timedOut": null,
              "duration": 814,
              "state": "passed",
              "speed": "fast",
              "pass": true,
              "fail": false,
              "pending": false,
              "context": "{\n  \"title\": \"cypress-mochawesome-reporter-videos-passed\",\n  \"value\": \"cypress/e2e/features/card_tests.cy.ts\"\n}",
              "code": "cy.create_a_card(list_id, nome_card, API_TOKEN, API_KEY)\n    .then(response => {\n    card_id = response.body.id;\n    const idLength = card_id.toString().length;\n    expect(response.status).to.equal(200);\n    expect(response.body.name).to.equal(nome_card);\n    expect(response.body.idList).to.equal(list_id);\n    expect(response.body.idBoard).to.equal(BOARD_ID);\n    expect(idLength).to.eq(24); // Validar se o id do board tem 24 caracteres.\n    // Validar o schema dos dados de retorno do endpoint.\n    expect(response.body).to.be.jsonSchema(_support_schemas_create_card__WEBPACK_IMPORTED_MODULE_0__[\"default\"]);\n});",
              "err": {},
              "uuid": "65777052-5792-447b-a3e4-016152f1fcdf",
              "parentUUID": "7d499e3e-4402-4975-a784-2d5d53f3ad07",
              "isHook": false,
              "skipped": false
            },
            {
              "title": "CT002 - Cenário - Criação de um novo Card no Board com list_id inválido - Teste Negativo",
              "fullTitle": "Funcionalidade de Card CT002 - Cenário - Criação de um novo Card no Board com list_id inválido - Teste Negativo",
              "timedOut": null,
              "duration": 180,
              "state": "passed",
              "speed": "fast",
              "pass": true,
              "fail": false,
              "pending": false,
              "context": "{\n  \"title\": \"cypress-mochawesome-reporter-videos-passed\",\n  \"value\": \"cypress/e2e/features/card_tests.cy.ts\"\n}",
              "code": "cy.create_a_card(1, nome_card, API_TOKEN, API_KEY)\n    .then(response => {\n    expect(response.status).to.equal(400);\n    expect(response.body).to.equal(\"invalid value for idList\");\n});",
              "err": {},
              "uuid": "6512506e-4abc-429b-bf1a-f1c097325981",
              "parentUUID": "7d499e3e-4402-4975-a784-2d5d53f3ad07",
              "isHook": false,
              "skipped": false
            },
            {
              "title": "CT003 - Cenário - Consulta Card criado no Trello - Teste Positivo",
              "fullTitle": "Funcionalidade de Card CT003 - Cenário - Consulta Card criado no Trello - Teste Positivo",
              "timedOut": null,
              "duration": 204,
              "state": "passed",
              "speed": "fast",
              "pass": true,
              "fail": false,
              "pending": false,
              "context": "{\n  \"title\": \"cypress-mochawesome-reporter-videos-passed\",\n  \"value\": \"cypress/e2e/features/card_tests.cy.ts\"\n}",
              "code": "cy.get_card(card_id, API_TOKEN, API_KEY)\n    .then(response => {\n    expect(response.status).to.equal(200);\n    expect(response.body.name).to.equal(nome_card);\n    expect(response.body.id).to.eq(card_id); // Validar se o id do board tem 24 caracteres.\n    // Validar o schema dos dados de retorno do endpoint.\n    expect(response.body).to.be.jsonSchema(_support_schemas_get_card__WEBPACK_IMPORTED_MODULE_1__[\"default\"]);\n});",
              "err": {},
              "uuid": "2f016bbd-b0cb-4cc5-a3ea-b4b0a0b8e7dd",
              "parentUUID": "7d499e3e-4402-4975-a784-2d5d53f3ad07",
              "isHook": false,
              "skipped": false
            },
            {
              "title": "CT004 - Cenário - Consulta um Card criado no Trello com card_id invalido - Teste Negativo",
              "fullTitle": "Funcionalidade de Card CT004 - Cenário - Consulta um Card criado no Trello com card_id invalido - Teste Negativo",
              "timedOut": null,
              "duration": 171,
              "state": "passed",
              "speed": "fast",
              "pass": true,
              "fail": false,
              "pending": false,
              "context": "{\n  \"title\": \"cypress-mochawesome-reporter-videos-passed\",\n  \"value\": \"cypress/e2e/features/card_tests.cy.ts\"\n}",
              "code": "cy.get_card(0, API_TOKEN, API_KEY)\n    .then(response => {\n    expect(response.status).to.equal(400);\n    expect(response.body).to.equal(\"invalid id\");\n});",
              "err": {},
              "uuid": "29460be2-8b80-4a37-806c-f2ee7b2b3856",
              "parentUUID": "7d499e3e-4402-4975-a784-2d5d53f3ad07",
              "isHook": false,
              "skipped": false
            },
            {
              "title": "CT005 - Cenário - Criação de um novo Card no Board com API_TOKEN inválido - Teste Negativo",
              "fullTitle": "Funcionalidade de Card CT005 - Cenário - Criação de um novo Card no Board com API_TOKEN inválido - Teste Negativo",
              "timedOut": null,
              "duration": 164,
              "state": "passed",
              "speed": "fast",
              "pass": true,
              "fail": false,
              "pending": false,
              "context": "{\n  \"title\": \"cypress-mochawesome-reporter-videos-passed\",\n  \"value\": \"cypress/e2e/features/card_tests.cy.ts\"\n}",
              "code": "cy.create_a_card(list_id, nome_card, 12345, API_KEY)\n    .then(response => {\n    expect(response.status).to.equal(401);\n    expect(response.body).to.equal(\"invalid app token\");\n});",
              "err": {},
              "uuid": "daa84aaf-f1e6-4689-bd00-8e6190a86445",
              "parentUUID": "7d499e3e-4402-4975-a784-2d5d53f3ad07",
              "isHook": false,
              "skipped": false
            },
            {
              "title": "CT006 - Cenário - Criação de um novo Card no Board com API_KEY inválido - Teste Negativo",
              "fullTitle": "Funcionalidade de Card CT006 - Cenário - Criação de um novo Card no Board com API_KEY inválido - Teste Negativo",
              "timedOut": null,
              "duration": 154,
              "state": "passed",
              "speed": "fast",
              "pass": true,
              "fail": false,
              "pending": false,
              "context": "{\n  \"title\": \"cypress-mochawesome-reporter-videos-passed\",\n  \"value\": \"cypress/e2e/features/card_tests.cy.ts\"\n}",
              "code": "cy.create_a_card(list_id, nome_card, API_TOKEN, 12345)\n    .then(response => {\n    expect(response.status).to.equal(401);\n    expect(response.body).to.equal(\"invalid key\");\n});",
              "err": {},
              "uuid": "5f5a1361-9cbb-44fb-ad7f-ed810d0f0714",
              "parentUUID": "7d499e3e-4402-4975-a784-2d5d53f3ad07",
              "isHook": false,
              "skipped": false
            },
            {
              "title": "CT007 - Cenário - Atualizar um Card no Trello - Teste Positivo",
              "fullTitle": "Funcionalidade de Card CT007 - Cenário - Atualizar um Card no Trello - Teste Positivo",
              "timedOut": null,
              "duration": 271,
              "state": "passed",
              "speed": "fast",
              "pass": true,
              "fail": false,
              "pending": false,
              "context": "{\n  \"title\": \"cypress-mochawesome-reporter-videos-passed\",\n  \"value\": \"cypress/e2e/features/card_tests.cy.ts\"\n}",
              "code": "cy.update_card(card_id, board_name, description, API_TOKEN, API_KEY)\n    .then(response => {\n    expect(response.status).to.equal(200);\n    expect(response.body.name).to.equal(board_name);\n    expect(response.body.desc).to.equal(description);\n    expect(response.body.id).to.eq(card_id); // Validar se o id do board tem 24 caracteres.\n    // Validar o schema dos dados de retorno do endpoint.\n    expect(response.body).to.be.jsonSchema(_support_schemas_get_card__WEBPACK_IMPORTED_MODULE_1__[\"default\"]);\n});",
              "err": {},
              "uuid": "7cf013a0-7478-461c-a89f-9e59f1fc6b03",
              "parentUUID": "7d499e3e-4402-4975-a784-2d5d53f3ad07",
              "isHook": false,
              "skipped": false
            },
            {
              "title": "CT008 - Cenário - Update um Card no Trello com id inválido - Teste Negativo",
              "fullTitle": "Funcionalidade de Card CT008 - Cenário - Update um Card no Trello com id inválido - Teste Negativo",
              "timedOut": null,
              "duration": 195,
              "state": "passed",
              "speed": "fast",
              "pass": true,
              "fail": false,
              "pending": false,
              "context": "{\n  \"title\": \"cypress-mochawesome-reporter-videos-passed\",\n  \"value\": \"cypress/e2e/features/card_tests.cy.ts\"\n}",
              "code": "cy.update_board(0, board_name, description, API_TOKEN, API_KEY)\n    .then(response => {\n    expect(response.status).to.equal(400);\n    expect(response.body).to.equal(\"invalid id\");\n});",
              "err": {},
              "uuid": "3110de62-f9e7-4e46-ace8-6a971d0e081e",
              "parentUUID": "7d499e3e-4402-4975-a784-2d5d53f3ad07",
              "isHook": false,
              "skipped": false
            },
            {
              "title": "CT009 - Cenário - Exclusão de um Card no Board do Trello - Teste Positivo",
              "fullTitle": "Funcionalidade de Card CT009 - Cenário - Exclusão de um Card no Board do Trello - Teste Positivo",
              "timedOut": null,
              "duration": 524,
              "state": "passed",
              "speed": "fast",
              "pass": true,
              "fail": false,
              "pending": false,
              "context": "{\n  \"title\": \"cypress-mochawesome-reporter-videos-passed\",\n  \"value\": \"cypress/e2e/features/card_tests.cy.ts\"\n}",
              "code": "cy.delete_card(card_id, API_TOKEN, API_KEY)\n    .then(response => {\n    expect(response.status).to.equal(200);\n});",
              "err": {},
              "uuid": "33a6042e-eaea-45ca-a37d-2eed9899c5bb",
              "parentUUID": "7d499e3e-4402-4975-a784-2d5d53f3ad07",
              "isHook": false,
              "skipped": false
            },
            {
              "title": "CT010 - Cenário - Exclusão de um Card no Board com card_id inexistente - Teste Negativo",
              "fullTitle": "Funcionalidade de Card CT010 - Cenário - Exclusão de um Card no Board com card_id inexistente - Teste Negativo",
              "timedOut": null,
              "duration": 164,
              "state": "passed",
              "speed": "fast",
              "pass": true,
              "fail": false,
              "pending": false,
              "context": "{\n  \"title\": \"cypress-mochawesome-reporter-videos-passed\",\n  \"value\": \"cypress/e2e/features/card_tests.cy.ts\"\n}",
              "code": "cy.delete_card(1, API_TOKEN, API_KEY)\n    .then(response => {\n    expect(response.status).to.equal(400);\n    expect(response.body).to.equal(\"invalid id\");\n});",
              "err": {},
              "uuid": "40bd98a2-63be-4823-92b2-8a1e22097cd6",
              "parentUUID": "7d499e3e-4402-4975-a784-2d5d53f3ad07",
              "isHook": false,
              "skipped": false
            },
            {
              "title": "CT011 - Cenário - Exclusão de um Card no Board com API_TOKEN inválido - Teste Negativo",
              "fullTitle": "Funcionalidade de Card CT011 - Cenário - Exclusão de um Card no Board com API_TOKEN inválido - Teste Negativo",
              "timedOut": null,
              "duration": 148,
              "state": "passed",
              "speed": "fast",
              "pass": true,
              "fail": false,
              "pending": false,
              "context": "{\n  \"title\": \"cypress-mochawesome-reporter-videos-passed\",\n  \"value\": \"cypress/e2e/features/card_tests.cy.ts\"\n}",
              "code": "cy.delete_card(1, 12345, API_KEY)\n    .then(response => {\n    expect(response.status).to.equal(401);\n    expect(response.body).to.equal(\"invalid app token\");\n});",
              "err": {},
              "uuid": "4b8899bc-dca5-44e3-9ce3-7d1638237476",
              "parentUUID": "7d499e3e-4402-4975-a784-2d5d53f3ad07",
              "isHook": false,
              "skipped": false
            },
            {
              "title": "CT012 - Cenário - Exclusão de um Card no Board com API_KEY inválido - Teste Negativo",
              "fullTitle": "Funcionalidade de Card CT012 - Cenário - Exclusão de um Card no Board com API_KEY inválido - Teste Negativo",
              "timedOut": null,
              "duration": 153,
              "state": "passed",
              "speed": "fast",
              "pass": true,
              "fail": false,
              "pending": false,
              "context": "{\n  \"title\": \"cypress-mochawesome-reporter-videos-passed\",\n  \"value\": \"cypress/e2e/features/card_tests.cy.ts\"\n}",
              "code": "cy.delete_card(1, API_TOKEN, 123)\n    .then(response => {\n    expect(response.status).to.equal(401);\n    expect(response.body).to.equal(\"invalid key\");\n});",
              "err": {},
              "uuid": "c76f3181-170f-4671-af44-a59603b2e180",
              "parentUUID": "7d499e3e-4402-4975-a784-2d5d53f3ad07",
              "isHook": false,
              "skipped": false
            }
          ],
          "suites": [],
          "passes": [
            "65777052-5792-447b-a3e4-016152f1fcdf",
            "6512506e-4abc-429b-bf1a-f1c097325981",
            "2f016bbd-b0cb-4cc5-a3ea-b4b0a0b8e7dd",
            "29460be2-8b80-4a37-806c-f2ee7b2b3856",
            "daa84aaf-f1e6-4689-bd00-8e6190a86445",
            "5f5a1361-9cbb-44fb-ad7f-ed810d0f0714",
            "7cf013a0-7478-461c-a89f-9e59f1fc6b03",
            "3110de62-f9e7-4e46-ace8-6a971d0e081e",
            "33a6042e-eaea-45ca-a37d-2eed9899c5bb",
            "40bd98a2-63be-4823-92b2-8a1e22097cd6",
            "4b8899bc-dca5-44e3-9ce3-7d1638237476",
            "c76f3181-170f-4671-af44-a59603b2e180"
          ],
          "failures": [],
          "pending": [],
          "skipped": [],
          "duration": 3142,
          "root": false,
          "rootEmpty": false,
          "_timeout": 2000
        }
      ],
      "passes": [],
      "failures": [],
      "pending": [],
      "skipped": [],
      "duration": 0,
      "root": true,
      "rootEmpty": true,
      "_timeout": 2000
    }
  ],
  "meta": {
    "mocha": {
      "version": "7.0.1"
    },
    "mochawesome": {
      "options": {
        "quiet": false,
        "reportFilename": "mochawesomeReport_[datetime]-[name]",
        "saveHtml": false,
        "saveJson": true,
        "consoleReporter": "spec",
        "useInlineDiffs": false,
        "code": true
      },
      "version": "7.1.3"
    },
    "marge": {
      "options": {
        "overwrite": false,
        "html": false,
        "json": true,
        "reportFilename": "mochawesomeReport_[datetime]-[name]",
        "timestamp": "longDate"
      },
      "version": "6.2.0"
    }
  }
}