{
  "stats": {
    "suites": 1,
    "tests": 4,
    "passes": 4,
    "pending": 0,
    "failures": 0,
    "start": "2025-01-07T18:56:52.167Z",
    "end": "2025-01-07T18:56:53.817Z",
    "duration": 1650,
    "testsRegistered": 4,
    "passPercent": 100,
    "pendingPercent": 0,
    "other": 0,
    "hasOther": false,
    "skipped": 0,
    "hasSkipped": false
  },
  "results": [
    {
      "uuid": "7485435c-85d4-42d0-9bae-8c8ccdb6084a",
      "title": "",
      "fullFile": "cypress/e2e/features/boards/card_tests.cy.ts",
      "file": "cypress/e2e/features/boards/card_tests.cy.ts",
      "beforeHooks": [],
      "afterHooks": [],
      "tests": [],
      "suites": [
        {
          "uuid": "5caa3622-cbb0-4871-9438-eb3ed19454c4",
          "title": "Funcionalidade de Card",
          "fullFile": "",
          "file": "",
          "beforeHooks": [],
          "afterHooks": [],
          "tests": [
            {
              "title": "CT001 - Cenário - Criação de um novo Card no Board do Trello - Teste Positivo",
              "fullTitle": "Funcionalidade de Card CT001 - Cenário - Criação de um novo Card no Board do Trello - Teste Positivo",
              "timedOut": null,
              "duration": 659,
              "state": "passed",
              "speed": "fast",
              "pass": true,
              "fail": false,
              "pending": false,
              "context": "{\n  \"title\": \"cypress-mochawesome-reporter-videos-passed\",\n  \"value\": \"cypress/e2e/features/boards/card_tests.cy.ts\"\n}",
              "code": "cy.create_a_new_list(board_id)\n    .then(response => {\n    expect(response.status).to.equal(200);\n    list_id = response.body.id;\n});\ncy.create_a_card(list_id)\n    .then(response => {\n    expect(response.status).to.equal(200);\n    // Validar o schema dos dados de retorno do endpoint.\n    expect(response.body).to.be.jsonSchema(_support_schemas_create_card__WEBPACK_IMPORTED_MODULE_0__[\"default\"]);\n    card_id = response.body.id;\n});",
              "err": {},
              "uuid": "275bb2f9-09bc-4110-9b87-776d5ceec387",
              "parentUUID": "5caa3622-cbb0-4871-9438-eb3ed19454c4",
              "isHook": false,
              "skipped": false
            },
            {
              "title": "CT002 - Cenário - Criação de um novo Card no Board com list_id invalido - Teste Negativo",
              "fullTitle": "Funcionalidade de Card CT002 - Cenário - Criação de um novo Card no Board com list_id invalido - Teste Negativo",
              "timedOut": null,
              "duration": 85,
              "state": "passed",
              "speed": "fast",
              "pass": true,
              "fail": false,
              "pending": false,
              "context": "{\n  \"title\": \"cypress-mochawesome-reporter-videos-passed\",\n  \"value\": \"cypress/e2e/features/boards/card_tests.cy.ts\"\n}",
              "code": "cy.create_a_card(1)\n    .then(response => {\n    expect(response.status).to.equal(400);\n    expect(response.body).to.equal(\"invalid value for idList\");\n});",
              "err": {},
              "uuid": "b82b6ce1-1dbd-4885-a49f-5e3dd49ae060",
              "parentUUID": "5caa3622-cbb0-4871-9438-eb3ed19454c4",
              "isHook": false,
              "skipped": false
            },
            {
              "title": "CT003 - Cenário - Exclusão de um Card no Board do Trello - Teste Positivo",
              "fullTitle": "Funcionalidade de Card CT003 - Cenário - Exclusão de um Card no Board do Trello - Teste Positivo",
              "timedOut": null,
              "duration": 690,
              "state": "passed",
              "speed": "fast",
              "pass": true,
              "fail": false,
              "pending": false,
              "context": "{\n  \"title\": \"cypress-mochawesome-reporter-videos-passed\",\n  \"value\": \"cypress/e2e/features/boards/card_tests.cy.ts\"\n}",
              "code": "cy.open_boards();\ncy.delete_card(card_id)\n    .then(response => {\n    expect(response.status).to.equal(200);\n});",
              "err": {},
              "uuid": "f03d421e-00f5-4590-9ad8-e83e5608035d",
              "parentUUID": "5caa3622-cbb0-4871-9438-eb3ed19454c4",
              "isHook": false,
              "skipped": false
            },
            {
              "title": "CT004 - Cenário - Exclusão de um Card no Board com card_id inexistente - Teste Positivo",
              "fullTitle": "Funcionalidade de Card CT004 - Cenário - Exclusão de um Card no Board com card_id inexistente - Teste Positivo",
              "timedOut": null,
              "duration": 195,
              "state": "passed",
              "speed": "fast",
              "pass": true,
              "fail": false,
              "pending": false,
              "context": "{\n  \"title\": \"cypress-mochawesome-reporter-videos-passed\",\n  \"value\": \"cypress/e2e/features/boards/card_tests.cy.ts\"\n}",
              "code": "cy.open_boards();\ncy.delete_card(1)\n    .then(response => {\n    expect(response.status).to.equal(400);\n    expect(response.body).to.equal(\"invalid id\");\n});",
              "err": {},
              "uuid": "08bb7a00-0a7a-4d11-9994-b781ec3a0e38",
              "parentUUID": "5caa3622-cbb0-4871-9438-eb3ed19454c4",
              "isHook": false,
              "skipped": false
            }
          ],
          "suites": [],
          "passes": [
            "275bb2f9-09bc-4110-9b87-776d5ceec387",
            "b82b6ce1-1dbd-4885-a49f-5e3dd49ae060",
            "f03d421e-00f5-4590-9ad8-e83e5608035d",
            "08bb7a00-0a7a-4d11-9994-b781ec3a0e38"
          ],
          "failures": [],
          "pending": [],
          "skipped": [],
          "duration": 1629,
          "root": false,
          "rootEmpty": false,
          "_timeout": 2000
        }
      ],
      "passes": [],
      "failures": [],
      "pending": [],
      "skipped": [],
      "duration": 0,
      "root": true,
      "rootEmpty": true,
      "_timeout": 2000
    }
  ],
  "meta": {
    "mocha": {
      "version": "7.0.1"
    },
    "mochawesome": {
      "options": {
        "quiet": false,
        "reportFilename": "mochawesome",
        "saveHtml": false,
        "saveJson": true,
        "consoleReporter": "spec",
        "useInlineDiffs": false,
        "code": true
      },
      "version": "7.1.3"
    },
    "marge": {
      "options": {
        "overwrite": false,
        "html": false,
        "json": true
      },
      "version": "6.2.0"
    }
  }
}