{
  "stats": {
    "suites": 1,
    "tests": 8,
    "passes": 8,
    "pending": 0,
    "failures": 0,
    "start": "2025-01-07T19:22:39.473Z",
    "end": "2025-01-07T19:22:42.885Z",
    "duration": 3412,
    "testsRegistered": 8,
    "passPercent": 100,
    "pendingPercent": 0,
    "other": 0,
    "hasOther": false,
    "skipped": 0,
    "hasSkipped": false
  },
  "results": [
    {
      "uuid": "3b6a28d8-ce69-46f7-9e23-be69dd7604f0",
      "title": "",
      "fullFile": "cypress/e2e/features/boards/card_tests.cy.ts",
      "file": "cypress/e2e/features/boards/card_tests.cy.ts",
      "beforeHooks": [],
      "afterHooks": [],
      "tests": [],
      "suites": [
        {
          "uuid": "64093ab4-f11e-4001-8680-84d952ce2087",
          "title": "Funcionalidade de Card",
          "fullFile": "",
          "file": "",
          "beforeHooks": [],
          "afterHooks": [],
          "tests": [
            {
              "title": "CT001 - Cenário - Criação de um novo Card no Board do Trello - Teste Positivo",
              "fullTitle": "Funcionalidade de Card CT001 - Cenário - Criação de um novo Card no Board do Trello - Teste Positivo",
              "timedOut": null,
              "duration": 874,
              "state": "passed",
              "speed": "fast",
              "pass": true,
              "fail": false,
              "pending": false,
              "context": "{\n  \"title\": \"cypress-mochawesome-reporter-videos-passed\",\n  \"value\": \"cypress/e2e/features/boards/card_tests.cy.ts\"\n}",
              "code": "cy.create_a_new_list(board_id)\n    .then(response => {\n    expect(response.status).to.equal(200);\n    list_id = response.body.id;\n});\ncy.create_a_card(list_id, API_TOKEN, API_KEY)\n    .then(response => {\n    expect(response.status).to.equal(200);\n    // Validar o schema dos dados de retorno do endpoint.\n    expect(response.body).to.be.jsonSchema(_support_schemas_create_card__WEBPACK_IMPORTED_MODULE_0__[\"default\"]);\n    card_id = response.body.id;\n});",
              "err": {},
              "uuid": "1b139ecd-bb64-4d88-bee2-d90f4a0209c9",
              "parentUUID": "64093ab4-f11e-4001-8680-84d952ce2087",
              "isHook": false,
              "skipped": false
            },
            {
              "title": "CT002 - Cenário - Criação de um novo Card no Board com list_id inválido - Teste Negativo",
              "fullTitle": "Funcionalidade de Card CT002 - Cenário - Criação de um novo Card no Board com list_id inválido - Teste Negativo",
              "timedOut": null,
              "duration": 177,
              "state": "passed",
              "speed": "fast",
              "pass": true,
              "fail": false,
              "pending": false,
              "context": "{\n  \"title\": \"cypress-mochawesome-reporter-videos-passed\",\n  \"value\": \"cypress/e2e/features/boards/card_tests.cy.ts\"\n}",
              "code": "cy.create_a_card(1, API_TOKEN, API_KEY)\n    .then(response => {\n    expect(response.status).to.equal(400);\n    expect(response.body).to.equal(\"invalid value for idList\");\n});",
              "err": {},
              "uuid": "f7393492-9c78-4f78-88a4-db3f0c6372ae",
              "parentUUID": "64093ab4-f11e-4001-8680-84d952ce2087",
              "isHook": false,
              "skipped": false
            },
            {
              "title": "CT003 - Cenário - Criação de um novo Card no Board com API_TOKEN inválido - Teste Negativo",
              "fullTitle": "Funcionalidade de Card CT003 - Cenário - Criação de um novo Card no Board com API_TOKEN inválido - Teste Negativo",
              "timedOut": null,
              "duration": 156,
              "state": "passed",
              "speed": "fast",
              "pass": true,
              "fail": false,
              "pending": false,
              "context": "{\n  \"title\": \"cypress-mochawesome-reporter-videos-passed\",\n  \"value\": \"cypress/e2e/features/boards/card_tests.cy.ts\"\n}",
              "code": "cy.create_a_card(1, 12345, API_KEY)\n    .then(response => {\n    expect(response.status).to.equal(401);\n    expect(response.body).to.equal(\"invalid app token\");\n});",
              "err": {},
              "uuid": "9022ae7f-c6bb-4044-8aba-0d7e06f8afd0",
              "parentUUID": "64093ab4-f11e-4001-8680-84d952ce2087",
              "isHook": false,
              "skipped": false
            },
            {
              "title": "CT004 - Cenário - Criação de um novo Card no Board com API_KEY inválido - Teste Negativo",
              "fullTitle": "Funcionalidade de Card CT004 - Cenário - Criação de um novo Card no Board com API_KEY inválido - Teste Negativo",
              "timedOut": null,
              "duration": 160,
              "state": "passed",
              "speed": "fast",
              "pass": true,
              "fail": false,
              "pending": false,
              "context": "{\n  \"title\": \"cypress-mochawesome-reporter-videos-passed\",\n  \"value\": \"cypress/e2e/features/boards/card_tests.cy.ts\"\n}",
              "code": "cy.create_a_card(1, API_TOKEN, 12345)\n    .then(response => {\n    expect(response.status).to.equal(401);\n    expect(response.body).to.equal(\"invalid key\");\n});",
              "err": {},
              "uuid": "cbffd364-faa1-4a8b-8377-a658b365aa9f",
              "parentUUID": "64093ab4-f11e-4001-8680-84d952ce2087",
              "isHook": false,
              "skipped": false
            },
            {
              "title": "CT005 - Cenário - Exclusão de um Card no Board do Trello - Teste Positivo",
              "fullTitle": "Funcionalidade de Card CT005 - Cenário - Exclusão de um Card no Board do Trello - Teste Positivo",
              "timedOut": null,
              "duration": 859,
              "state": "passed",
              "speed": "fast",
              "pass": true,
              "fail": false,
              "pending": false,
              "context": "{\n  \"title\": \"cypress-mochawesome-reporter-videos-passed\",\n  \"value\": \"cypress/e2e/features/boards/card_tests.cy.ts\"\n}",
              "code": "cy.open_boards();\ncy.delete_card(card_id, API_TOKEN, API_KEY)\n    .then(response => {\n    expect(response.status).to.equal(200);\n});",
              "err": {},
              "uuid": "ff772271-0b52-4c37-854e-c509626701de",
              "parentUUID": "64093ab4-f11e-4001-8680-84d952ce2087",
              "isHook": false,
              "skipped": false
            },
            {
              "title": "CT006 - Cenário - Exclusão de um Card no Board com card_id inexistente - Teste Negativo",
              "fullTitle": "Funcionalidade de Card CT006 - Cenário - Exclusão de um Card no Board com card_id inexistente - Teste Negativo",
              "timedOut": null,
              "duration": 412,
              "state": "passed",
              "speed": "fast",
              "pass": true,
              "fail": false,
              "pending": false,
              "context": "{\n  \"title\": \"cypress-mochawesome-reporter-videos-passed\",\n  \"value\": \"cypress/e2e/features/boards/card_tests.cy.ts\"\n}",
              "code": "cy.open_boards();\ncy.delete_card(1, API_TOKEN, API_KEY)\n    .then(response => {\n    expect(response.status).to.equal(400);\n    expect(response.body).to.equal(\"invalid id\");\n});",
              "err": {},
              "uuid": "732e06ad-ed9a-4d9a-9977-57c65d9f0e00",
              "parentUUID": "64093ab4-f11e-4001-8680-84d952ce2087",
              "isHook": false,
              "skipped": false
            },
            {
              "title": "CT007 - Cenário - Exclusão de um Card no Board com API_TOKEN inválido - Teste Negativo",
              "fullTitle": "Funcionalidade de Card CT007 - Cenário - Exclusão de um Card no Board com API_TOKEN inválido - Teste Negativo",
              "timedOut": null,
              "duration": 361,
              "state": "passed",
              "speed": "fast",
              "pass": true,
              "fail": false,
              "pending": false,
              "context": "{\n  \"title\": \"cypress-mochawesome-reporter-videos-passed\",\n  \"value\": \"cypress/e2e/features/boards/card_tests.cy.ts\"\n}",
              "code": "cy.open_boards();\ncy.delete_card(1, 12345, API_KEY)\n    .then(response => {\n    expect(response.status).to.equal(401);\n    expect(response.body).to.equal(\"invalid app token\");\n});",
              "err": {},
              "uuid": "83d65e0e-7b93-4c74-b51d-25020f65965f",
              "parentUUID": "64093ab4-f11e-4001-8680-84d952ce2087",
              "isHook": false,
              "skipped": false
            },
            {
              "title": "CT008 - Cenário - Exclusão de um Card no Board com API_KEY inválido - Teste Negativo",
              "fullTitle": "Funcionalidade de Card CT008 - Cenário - Exclusão de um Card no Board com API_KEY inválido - Teste Negativo",
              "timedOut": null,
              "duration": 378,
              "state": "passed",
              "speed": "fast",
              "pass": true,
              "fail": false,
              "pending": false,
              "context": "{\n  \"title\": \"cypress-mochawesome-reporter-videos-passed\",\n  \"value\": \"cypress/e2e/features/boards/card_tests.cy.ts\"\n}",
              "code": "cy.open_boards();\ncy.delete_card(1, API_TOKEN, 123)\n    .then(response => {\n    expect(response.status).to.equal(401);\n    expect(response.body).to.equal(\"invalid key\");\n});",
              "err": {},
              "uuid": "943f395d-053c-4ff4-bbce-15b8194c2f71",
              "parentUUID": "64093ab4-f11e-4001-8680-84d952ce2087",
              "isHook": false,
              "skipped": false
            }
          ],
          "suites": [],
          "passes": [
            "1b139ecd-bb64-4d88-bee2-d90f4a0209c9",
            "f7393492-9c78-4f78-88a4-db3f0c6372ae",
            "9022ae7f-c6bb-4044-8aba-0d7e06f8afd0",
            "cbffd364-faa1-4a8b-8377-a658b365aa9f",
            "ff772271-0b52-4c37-854e-c509626701de",
            "732e06ad-ed9a-4d9a-9977-57c65d9f0e00",
            "83d65e0e-7b93-4c74-b51d-25020f65965f",
            "943f395d-053c-4ff4-bbce-15b8194c2f71"
          ],
          "failures": [],
          "pending": [],
          "skipped": [],
          "duration": 3377,
          "root": false,
          "rootEmpty": false,
          "_timeout": 2000
        }
      ],
      "passes": [],
      "failures": [],
      "pending": [],
      "skipped": [],
      "duration": 0,
      "root": true,
      "rootEmpty": true,
      "_timeout": 2000
    }
  ],
  "meta": {
    "mocha": {
      "version": "7.0.1"
    },
    "mochawesome": {
      "options": {
        "quiet": false,
        "reportFilename": "mochawesome",
        "saveHtml": false,
        "saveJson": true,
        "consoleReporter": "spec",
        "useInlineDiffs": false,
        "code": true
      },
      "version": "7.1.3"
    },
    "marge": {
      "options": {
        "overwrite": false,
        "html": false,
        "json": true
      },
      "version": "6.2.0"
    }
  }
}