{
  "stats": {
    "suites": 1,
    "tests": 12,
    "passes": 12,
    "pending": 0,
    "failures": 0,
    "start": "2025-01-12T02:23:52.864Z",
    "end": "2025-01-12T02:23:56.682Z",
    "duration": 3818,
    "testsRegistered": 12,
    "passPercent": 100,
    "pendingPercent": 0,
    "other": 0,
    "hasOther": false,
    "skipped": 0,
    "hasSkipped": false
  },
  "results": [
    {
      "uuid": "94dafd1b-d314-42af-bd58-bdb6114f2a1d",
      "title": "",
      "fullFile": "cypress/e2e/features/boards_tests.cy.ts",
      "file": "cypress/e2e/features/boards_tests.cy.ts",
      "beforeHooks": [],
      "afterHooks": [],
      "tests": [],
      "suites": [
        {
          "uuid": "4436d3f6-e382-4ec3-be79-8ee88fbde846",
          "title": "Funcionalidade de Board, que representa o quadro no Trello.",
          "fullFile": "",
          "file": "",
          "beforeHooks": [],
          "afterHooks": [],
          "tests": [
            {
              "title": "CT001 - Cenário - Criação de um novo Board no Trello - Teste Positivo",
              "fullTitle": "Funcionalidade de Board, que representa o quadro no Trello. CT001 - Cenário - Criação de um novo Board no Trello - Teste Positivo",
              "timedOut": null,
              "duration": 576,
              "state": "passed",
              "speed": "fast",
              "pass": true,
              "fail": false,
              "pending": false,
              "context": "{\n  \"title\": \"cypress-mochawesome-reporter-videos-passed\",\n  \"value\": \"cypress/e2e/features/boards_tests.cy.ts\"\n}",
              "code": "const project = {\n    name: `${_faker_js_faker__WEBPACK_IMPORTED_MODULE_2__.a.company.name()}`,\n};\ncy.create_a_board(project, API_TOKEN, API_KEY)\n    .then(response => {\n    board_id = response.body.id;\n    board_name = response.body.name;\n    const idLength = board_id.toString().length;\n    expect(response.status).to.equal(200);\n    expect(response.body.name).to.equal(project.name);\n    expect(response.body.desc).to.equal(description);\n    expect(idLength).to.eq(24); // Validar se o id do board tem 24 caracteres.\n    // Validar o schema dos dados de retorno do endpoint.\n    expect(response.body).to.be.jsonSchema(_support_schemas_create_board__WEBPACK_IMPORTED_MODULE_0__[\"default\"]);\n});",
              "err": {},
              "uuid": "cd7cfb58-ca95-4586-b115-60f7d474cbb2",
              "parentUUID": "4436d3f6-e382-4ec3-be79-8ee88fbde846",
              "isHook": false,
              "skipped": false
            },
            {
              "title": "CT002 - Cenário - Criação de um novo Board no Trello com project name vazio - Teste Negativo",
              "fullTitle": "Funcionalidade de Board, que representa o quadro no Trello. CT002 - Cenário - Criação de um novo Board no Trello com project name vazio - Teste Negativo",
              "timedOut": null,
              "duration": 162,
              "state": "passed",
              "speed": "fast",
              "pass": true,
              "fail": false,
              "pending": false,
              "context": "{\n  \"title\": \"cypress-mochawesome-reporter-videos-passed\",\n  \"value\": \"cypress/e2e/features/boards_tests.cy.ts\"\n}",
              "code": "const project = {\n    name: ``,\n};\ncy.create_a_board(project, API_TOKEN, API_KEY)\n    .then(response => {\n    expect(response.status).to.equal(400);\n    expect(response.body.message).to.equal(\"invalid value for name\");\n    expect(response.body.error).to.equal(\"ERROR\");\n});",
              "err": {},
              "uuid": "3e43d2f6-c885-4a4e-bd4b-29669892f4fc",
              "parentUUID": "4436d3f6-e382-4ec3-be79-8ee88fbde846",
              "isHook": false,
              "skipped": false
            },
            {
              "title": "CT003 - Cenário - Criação de um novo Board com API_TOKEN inválido - Teste Negativo",
              "fullTitle": "Funcionalidade de Board, que representa o quadro no Trello. CT003 - Cenário - Criação de um novo Board com API_TOKEN inválido - Teste Negativo",
              "timedOut": null,
              "duration": 145,
              "state": "passed",
              "speed": "fast",
              "pass": true,
              "fail": false,
              "pending": false,
              "context": "{\n  \"title\": \"cypress-mochawesome-reporter-videos-passed\",\n  \"value\": \"cypress/e2e/features/boards_tests.cy.ts\"\n}",
              "code": "const project = {\n    name: `${_faker_js_faker__WEBPACK_IMPORTED_MODULE_2__.a.company.name()}`,\n};\ncy.create_a_board(project, 0, API_KEY)\n    .then(response => {\n    expect(response.status).to.equal(401);\n    expect(response.body).to.equal(\"invalid app token\");\n});",
              "err": {},
              "uuid": "3e5ea90b-f367-406b-9831-8aa00f12f2fd",
              "parentUUID": "4436d3f6-e382-4ec3-be79-8ee88fbde846",
              "isHook": false,
              "skipped": false
            },
            {
              "title": "CT004 - Cenário - Criação de um novo Board com API_KEY inválido - Teste Negativo",
              "fullTitle": "Funcionalidade de Board, que representa o quadro no Trello. CT004 - Cenário - Criação de um novo Board com API_KEY inválido - Teste Negativo",
              "timedOut": null,
              "duration": 154,
              "state": "passed",
              "speed": "fast",
              "pass": true,
              "fail": false,
              "pending": false,
              "context": "{\n  \"title\": \"cypress-mochawesome-reporter-videos-passed\",\n  \"value\": \"cypress/e2e/features/boards_tests.cy.ts\"\n}",
              "code": "const project = {\n    name: `${_faker_js_faker__WEBPACK_IMPORTED_MODULE_2__.a.company.name()}`,\n};\ncy.create_a_board(project, API_TOKEN, 0)\n    .then(response => {\n    expect(response.status).to.equal(401);\n    expect(response.body).to.equal(\"invalid key\");\n});",
              "err": {},
              "uuid": "07e7a2dd-ba85-4a38-89b4-6d8aac2c9a24",
              "parentUUID": "4436d3f6-e382-4ec3-be79-8ee88fbde846",
              "isHook": false,
              "skipped": false
            },
            {
              "title": "CT005 - Cenário - Consulta do novo Board criado no Trello - Teste Positivo",
              "fullTitle": "Funcionalidade de Board, que representa o quadro no Trello. CT005 - Cenário - Consulta do novo Board criado no Trello - Teste Positivo",
              "timedOut": null,
              "duration": 187,
              "state": "passed",
              "speed": "fast",
              "pass": true,
              "fail": false,
              "pending": false,
              "context": "{\n  \"title\": \"cypress-mochawesome-reporter-videos-passed\",\n  \"value\": \"cypress/e2e/features/boards_tests.cy.ts\"\n}",
              "code": "cy.get_board(board_id, API_TOKEN, API_KEY)\n    .then(response => {\n    expect(response.status).to.equal(200);\n    expect(response.body.name).to.equal(board_name);\n    expect(response.body.id).to.eq(board_id); // Validar se o id do board tem 24 caracteres.\n    // Validar o schema dos dados de retorno do endpoint.\n    expect(response.body).to.be.jsonSchema(_support_schemas_get_board__WEBPACK_IMPORTED_MODULE_1__[\"default\"]);\n});",
              "err": {},
              "uuid": "8695e5ca-6616-4a64-9eed-520803e43bc6",
              "parentUUID": "4436d3f6-e382-4ec3-be79-8ee88fbde846",
              "isHook": false,
              "skipped": false
            },
            {
              "title": "CT006 - Cenário - Consulta do novo Board criado no Trello com board_id invalido - Teste Negativo",
              "fullTitle": "Funcionalidade de Board, que representa o quadro no Trello. CT006 - Cenário - Consulta do novo Board criado no Trello com board_id invalido - Teste Negativo",
              "timedOut": null,
              "duration": 165,
              "state": "passed",
              "speed": "fast",
              "pass": true,
              "fail": false,
              "pending": false,
              "context": "{\n  \"title\": \"cypress-mochawesome-reporter-videos-passed\",\n  \"value\": \"cypress/e2e/features/boards_tests.cy.ts\"\n}",
              "code": "cy.get_board(0, API_TOKEN, API_KEY)\n    .then(response => {\n    expect(response.status).to.equal(400);\n    expect(response.body).to.equal(\"invalid id\");\n});",
              "err": {},
              "uuid": "04ed75ce-3d19-47eb-8d5b-05717675a007",
              "parentUUID": "4436d3f6-e382-4ec3-be79-8ee88fbde846",
              "isHook": false,
              "skipped": false
            },
            {
              "title": "CT007 - Cenário - Update no Board no Trello - Teste Positivo",
              "fullTitle": "Funcionalidade de Board, que representa o quadro no Trello. CT007 - Cenário - Update no Board no Trello - Teste Positivo",
              "timedOut": null,
              "duration": 261,
              "state": "passed",
              "speed": "fast",
              "pass": true,
              "fail": false,
              "pending": false,
              "context": "{\n  \"title\": \"cypress-mochawesome-reporter-videos-passed\",\n  \"value\": \"cypress/e2e/features/boards_tests.cy.ts\"\n}",
              "code": "var board_name = \"Automação Cypress - Trello\";\nvar description = \"Teste de Update no Board\";\ncy.update_board(board_id, board_name, description, API_TOKEN, API_KEY)\n    .then(response => {\n    expect(response.status).to.equal(200);\n    expect(response.body.name).to.equal(board_name);\n    expect(response.body.desc).to.equal(description);\n    expect(response.body.id).to.eq(board_id); // Validar se o id do board tem 24 caracteres.\n    // Validar o schema dos dados de retorno do endpoint.\n    expect(response.body).to.be.jsonSchema(_support_schemas_get_board__WEBPACK_IMPORTED_MODULE_1__[\"default\"]);\n});",
              "err": {},
              "uuid": "c71aed65-b8ab-4558-af71-53fae223856a",
              "parentUUID": "4436d3f6-e382-4ec3-be79-8ee88fbde846",
              "isHook": false,
              "skipped": false
            },
            {
              "title": "CT008 - Cenário - Update no Board no Trello com id inválido - Teste Negativo",
              "fullTitle": "Funcionalidade de Board, que representa o quadro no Trello. CT008 - Cenário - Update no Board no Trello com id inválido - Teste Negativo",
              "timedOut": null,
              "duration": 215,
              "state": "passed",
              "speed": "fast",
              "pass": true,
              "fail": false,
              "pending": false,
              "context": "{\n  \"title\": \"cypress-mochawesome-reporter-videos-passed\",\n  \"value\": \"cypress/e2e/features/boards_tests.cy.ts\"\n}",
              "code": "var board_name = \"Automação Cypress - Trello\";\nvar description = \"Teste de Update no Board\";\ncy.update_board(0, board_name, description, API_TOKEN, API_KEY)\n    .then(response => {\n    expect(response.status).to.equal(400);\n    expect(response.body).to.equal(\"invalid id\");\n});",
              "err": {},
              "uuid": "b2f6a2f5-ae4a-42eb-8f02-218238c04dfd",
              "parentUUID": "4436d3f6-e382-4ec3-be79-8ee88fbde846",
              "isHook": false,
              "skipped": false
            },
            {
              "title": "CT009 - Cenário - Deletar um Board no Trello - Teste Positivo",
              "fullTitle": "Funcionalidade de Board, que representa o quadro no Trello. CT009 - Cenário - Deletar um Board no Trello - Teste Positivo",
              "timedOut": null,
              "duration": 1399,
              "state": "passed",
              "speed": "fast",
              "pass": true,
              "fail": false,
              "pending": false,
              "context": "{\n  \"title\": \"cypress-mochawesome-reporter-videos-passed\",\n  \"value\": \"cypress/e2e/features/boards_tests.cy.ts\"\n}",
              "code": "cy.delete_board(board_id, API_TOKEN, API_KEY)\n    .then(response => {\n    expect(response.status).to.equal(200);\n});",
              "err": {},
              "uuid": "4f55a983-49e3-47f6-be30-937a122c5208",
              "parentUUID": "4436d3f6-e382-4ec3-be79-8ee88fbde846",
              "isHook": false,
              "skipped": false
            },
            {
              "title": "CT010 - Cenário - Deletar um Board no Trello com um board_id inválido - Teste Negativo",
              "fullTitle": "Funcionalidade de Board, que representa o quadro no Trello. CT010 - Cenário - Deletar um Board no Trello com um board_id inválido - Teste Negativo",
              "timedOut": null,
              "duration": 223,
              "state": "passed",
              "speed": "fast",
              "pass": true,
              "fail": false,
              "pending": false,
              "context": "{\n  \"title\": \"cypress-mochawesome-reporter-videos-passed\",\n  \"value\": \"cypress/e2e/features/boards_tests.cy.ts\"\n}",
              "code": "cy.delete_board(0, API_TOKEN, API_KEY)\n    .then(response => {\n    expect(response.status).to.equal(400);\n    expect(response.body).to.equal(\"invalid id\");\n});",
              "err": {},
              "uuid": "d102c159-7704-472f-8a40-396943274944",
              "parentUUID": "4436d3f6-e382-4ec3-be79-8ee88fbde846",
              "isHook": false,
              "skipped": false
            },
            {
              "title": "CT011 - Cenário - Deletar um Board no Trello com um API_TOKEN inválido - Teste Negativo",
              "fullTitle": "Funcionalidade de Board, que representa o quadro no Trello. CT011 - Cenário - Deletar um Board no Trello com um API_TOKEN inválido - Teste Negativo",
              "timedOut": null,
              "duration": 150,
              "state": "passed",
              "speed": "fast",
              "pass": true,
              "fail": false,
              "pending": false,
              "context": "{\n  \"title\": \"cypress-mochawesome-reporter-videos-passed\",\n  \"value\": \"cypress/e2e/features/boards_tests.cy.ts\"\n}",
              "code": "cy.delete_board(board_id, 0, API_KEY)\n    .then(response => {\n    expect(response.status).to.equal(401);\n    expect(response.body).to.equal(\"invalid app token\");\n});",
              "err": {},
              "uuid": "cb08c101-62ed-47f2-bfd7-37d225dd3782",
              "parentUUID": "4436d3f6-e382-4ec3-be79-8ee88fbde846",
              "isHook": false,
              "skipped": false
            },
            {
              "title": "CT012 - Cenário - Deletar um Board no Trello com um API_KEY inválido - Teste Negativo",
              "fullTitle": "Funcionalidade de Board, que representa o quadro no Trello. CT012 - Cenário - Deletar um Board no Trello com um API_KEY inválido - Teste Negativo",
              "timedOut": null,
              "duration": 138,
              "state": "passed",
              "speed": "fast",
              "pass": true,
              "fail": false,
              "pending": false,
              "context": "{\n  \"title\": \"cypress-mochawesome-reporter-videos-passed\",\n  \"value\": \"cypress/e2e/features/boards_tests.cy.ts\"\n}",
              "code": "cy.delete_board(board_id, API_TOKEN, 0)\n    .then(response => {\n    expect(response.status).to.equal(401);\n    expect(response.body).to.equal(\"invalid key\");\n});",
              "err": {},
              "uuid": "b7298413-a009-496e-b52b-923c690fffb7",
              "parentUUID": "4436d3f6-e382-4ec3-be79-8ee88fbde846",
              "isHook": false,
              "skipped": false
            }
          ],
          "suites": [],
          "passes": [
            "cd7cfb58-ca95-4586-b115-60f7d474cbb2",
            "3e43d2f6-c885-4a4e-bd4b-29669892f4fc",
            "3e5ea90b-f367-406b-9831-8aa00f12f2fd",
            "07e7a2dd-ba85-4a38-89b4-6d8aac2c9a24",
            "8695e5ca-6616-4a64-9eed-520803e43bc6",
            "04ed75ce-3d19-47eb-8d5b-05717675a007",
            "c71aed65-b8ab-4558-af71-53fae223856a",
            "b2f6a2f5-ae4a-42eb-8f02-218238c04dfd",
            "4f55a983-49e3-47f6-be30-937a122c5208",
            "d102c159-7704-472f-8a40-396943274944",
            "cb08c101-62ed-47f2-bfd7-37d225dd3782",
            "b7298413-a009-496e-b52b-923c690fffb7"
          ],
          "failures": [],
          "pending": [],
          "skipped": [],
          "duration": 3775,
          "root": false,
          "rootEmpty": false,
          "_timeout": 2000
        }
      ],
      "passes": [],
      "failures": [],
      "pending": [],
      "skipped": [],
      "duration": 0,
      "root": true,
      "rootEmpty": true,
      "_timeout": 2000
    }
  ],
  "meta": {
    "mocha": {
      "version": "7.0.1"
    },
    "mochawesome": {
      "options": {
        "quiet": false,
        "reportFilename": "mochawesomeReport_[datetime]-[name]",
        "saveHtml": false,
        "saveJson": true,
        "consoleReporter": "spec",
        "useInlineDiffs": false,
        "code": true
      },
      "version": "7.1.3"
    },
    "marge": {
      "options": {
        "overwrite": false,
        "html": false,
        "json": true,
        "reportFilename": "mochawesomeReport_[datetime]-[name]",
        "timestamp": "longDate"
      },
      "version": "6.2.0"
    }
  }
}