{
  "stats": {
    "suites": 1,
    "tests": 12,
    "passes": 12,
    "pending": 0,
    "failures": 0,
    "start": "2025-01-13T12:02:48.596Z",
    "end": "2025-01-13T12:02:52.586Z",
    "duration": 3990,
    "testsRegistered": 12,
    "passPercent": 100,
    "pendingPercent": 0,
    "other": 0,
    "hasOther": false,
    "skipped": 0,
    "hasSkipped": false
  },
  "results": [
    {
      "uuid": "43d89701-ba16-4820-92dc-808b885bc228",
      "title": "",
      "fullFile": "cypress/e2e/features/boards_tests.cy.ts",
      "file": "cypress/e2e/features/boards_tests.cy.ts",
      "beforeHooks": [],
      "afterHooks": [],
      "tests": [],
      "suites": [
        {
          "uuid": "c57d34c4-98e7-496f-8b97-f4b1975562a5",
          "title": "Funcionalidade de Board, que representa o quadro no Trello.",
          "fullFile": "",
          "file": "",
          "beforeHooks": [],
          "afterHooks": [],
          "tests": [
            {
              "title": "CT001 - Cenário - Criação de um novo Board no Trello - Teste Positivo",
              "fullTitle": "Funcionalidade de Board, que representa o quadro no Trello. CT001 - Cenário - Criação de um novo Board no Trello - Teste Positivo",
              "timedOut": null,
              "duration": 561,
              "state": "passed",
              "speed": "fast",
              "pass": true,
              "fail": false,
              "pending": false,
              "context": "{\n  \"title\": \"cypress-mochawesome-reporter-videos-passed\",\n  \"value\": \"cypress/e2e/features/boards_tests.cy.ts\"\n}",
              "code": "const project = {\n    name: `${_faker_js_faker__WEBPACK_IMPORTED_MODULE_2__.a.company.name()}`,\n};\ncy.create_a_board(project, API_TOKEN, API_KEY)\n    .then(response => {\n    board_id = response.body.id;\n    board_name = response.body.name;\n    const idLength = board_id.toString().length;\n    expect(response.status).to.equal(200);\n    expect(response.body.name).to.equal(project.name);\n    expect(response.body.desc).to.equal(description);\n    expect(idLength).to.eq(24); // Validar se o id do board tem 24 caracteres.\n    // Validar o schema dos dados de retorno do endpoint.\n    expect(response.body).to.be.jsonSchema(_support_schemas_create_board__WEBPACK_IMPORTED_MODULE_0__[\"default\"]);\n});",
              "err": {},
              "uuid": "51bc3200-6ed9-4f9e-9220-620a1f04a599",
              "parentUUID": "c57d34c4-98e7-496f-8b97-f4b1975562a5",
              "isHook": false,
              "skipped": false
            },
            {
              "title": "CT002 - Cenário - Criação de um novo Board no Trello com project name vazio - Teste Negativo",
              "fullTitle": "Funcionalidade de Board, que representa o quadro no Trello. CT002 - Cenário - Criação de um novo Board no Trello com project name vazio - Teste Negativo",
              "timedOut": null,
              "duration": 106,
              "state": "passed",
              "speed": "fast",
              "pass": true,
              "fail": false,
              "pending": false,
              "context": "{\n  \"title\": \"cypress-mochawesome-reporter-videos-passed\",\n  \"value\": \"cypress/e2e/features/boards_tests.cy.ts\"\n}",
              "code": "const project = {\n    name: ``,\n};\ncy.create_a_board(project, API_TOKEN, API_KEY)\n    .then(response => {\n    expect(response.status).to.equal(400);\n    expect(response.body.message).to.equal(\"invalid value for name\");\n    expect(response.body.error).to.equal(\"ERROR\");\n});",
              "err": {},
              "uuid": "6eb66c4d-a7c9-42ea-ab69-fad8b2cb2971",
              "parentUUID": "c57d34c4-98e7-496f-8b97-f4b1975562a5",
              "isHook": false,
              "skipped": false
            },
            {
              "title": "CT003 - Cenário - Criação de um novo Board com API_TOKEN inválido - Teste Negativo",
              "fullTitle": "Funcionalidade de Board, que representa o quadro no Trello. CT003 - Cenário - Criação de um novo Board com API_TOKEN inválido - Teste Negativo",
              "timedOut": null,
              "duration": 101,
              "state": "passed",
              "speed": "fast",
              "pass": true,
              "fail": false,
              "pending": false,
              "context": "{\n  \"title\": \"cypress-mochawesome-reporter-videos-passed\",\n  \"value\": \"cypress/e2e/features/boards_tests.cy.ts\"\n}",
              "code": "const project = {\n    name: `${_faker_js_faker__WEBPACK_IMPORTED_MODULE_2__.a.company.name()}`,\n};\ncy.create_a_board(project, 0, API_KEY)\n    .then(response => {\n    expect(response.status).to.equal(401);\n    expect(response.body).to.equal(\"invalid app token\");\n});",
              "err": {},
              "uuid": "e2d97d0c-0d53-4719-8afb-c269262514a2",
              "parentUUID": "c57d34c4-98e7-496f-8b97-f4b1975562a5",
              "isHook": false,
              "skipped": false
            },
            {
              "title": "CT004 - Cenário - Criação de um novo Board com API_KEY inválido - Teste Negativo",
              "fullTitle": "Funcionalidade de Board, que representa o quadro no Trello. CT004 - Cenário - Criação de um novo Board com API_KEY inválido - Teste Negativo",
              "timedOut": null,
              "duration": 100,
              "state": "passed",
              "speed": "fast",
              "pass": true,
              "fail": false,
              "pending": false,
              "context": "{\n  \"title\": \"cypress-mochawesome-reporter-videos-passed\",\n  \"value\": \"cypress/e2e/features/boards_tests.cy.ts\"\n}",
              "code": "const project = {\n    name: `${_faker_js_faker__WEBPACK_IMPORTED_MODULE_2__.a.company.name()}`,\n};\ncy.create_a_board(project, API_TOKEN, 0)\n    .then(response => {\n    expect(response.status).to.equal(401);\n    expect(response.body).to.equal(\"invalid key\");\n});",
              "err": {},
              "uuid": "dfc6391c-1cfe-4613-97ae-5f921fa2d32e",
              "parentUUID": "c57d34c4-98e7-496f-8b97-f4b1975562a5",
              "isHook": false,
              "skipped": false
            },
            {
              "title": "CT005 - Cenário - Consulta do novo Board criado no Trello - Teste Positivo",
              "fullTitle": "Funcionalidade de Board, que representa o quadro no Trello. CT005 - Cenário - Consulta do novo Board criado no Trello - Teste Positivo",
              "timedOut": null,
              "duration": 151,
              "state": "passed",
              "speed": "fast",
              "pass": true,
              "fail": false,
              "pending": false,
              "context": "{\n  \"title\": \"cypress-mochawesome-reporter-videos-passed\",\n  \"value\": \"cypress/e2e/features/boards_tests.cy.ts\"\n}",
              "code": "cy.get_board(board_id, API_TOKEN, API_KEY)\n    .then(response => {\n    expect(response.status).to.equal(200);\n    expect(response.body.name).to.equal(board_name);\n    expect(response.body.id).to.eq(board_id);\n    // Validar o schema dos dados de retorno do endpoint.\n    expect(response.body).to.be.jsonSchema(_support_schemas_get_board__WEBPACK_IMPORTED_MODULE_1__[\"default\"]);\n});",
              "err": {},
              "uuid": "3e30dc6c-cca0-4398-bac5-a69a29ee32c6",
              "parentUUID": "c57d34c4-98e7-496f-8b97-f4b1975562a5",
              "isHook": false,
              "skipped": false
            },
            {
              "title": "CT006 - Cenário - Consulta do novo Board criado no Trello com board_id invalido - Teste Negativo",
              "fullTitle": "Funcionalidade de Board, que representa o quadro no Trello. CT006 - Cenário - Consulta do novo Board criado no Trello com board_id invalido - Teste Negativo",
              "timedOut": null,
              "duration": 113,
              "state": "passed",
              "speed": "fast",
              "pass": true,
              "fail": false,
              "pending": false,
              "context": "{\n  \"title\": \"cypress-mochawesome-reporter-videos-passed\",\n  \"value\": \"cypress/e2e/features/boards_tests.cy.ts\"\n}",
              "code": "cy.get_board(0, API_TOKEN, API_KEY)\n    .then(response => {\n    expect(response.status).to.equal(400);\n    expect(response.body).to.equal(\"invalid id\");\n});",
              "err": {},
              "uuid": "31be0bb5-4454-47a4-8ac5-b74405e41bbc",
              "parentUUID": "c57d34c4-98e7-496f-8b97-f4b1975562a5",
              "isHook": false,
              "skipped": false
            },
            {
              "title": "CT007 - Cenário - Update no Board no Trello - Teste Positivo",
              "fullTitle": "Funcionalidade de Board, que representa o quadro no Trello. CT007 - Cenário - Update no Board no Trello - Teste Positivo",
              "timedOut": null,
              "duration": 221,
              "state": "passed",
              "speed": "fast",
              "pass": true,
              "fail": false,
              "pending": false,
              "context": "{\n  \"title\": \"cypress-mochawesome-reporter-videos-passed\",\n  \"value\": \"cypress/e2e/features/boards_tests.cy.ts\"\n}",
              "code": "var board_name = \"Automação Cypress - Trello\";\nvar description = \"Teste de Update no Board\";\ncy.update_board(board_id, board_name, description, API_TOKEN, API_KEY)\n    .then(response => {\n    expect(response.status).to.equal(200);\n    expect(response.body.name).to.equal(board_name);\n    expect(response.body.desc).to.equal(description);\n    expect(response.body.id).to.eq(board_id);\n    // Validar o schema dos dados de retorno do endpoint.\n    expect(response.body).to.be.jsonSchema(_support_schemas_get_board__WEBPACK_IMPORTED_MODULE_1__[\"default\"]);\n});",
              "err": {},
              "uuid": "e0af434a-bd09-42f4-9539-476e6dbaadfb",
              "parentUUID": "c57d34c4-98e7-496f-8b97-f4b1975562a5",
              "isHook": false,
              "skipped": false
            },
            {
              "title": "CT008 - Cenário - Update no Board no Trello com id inválido - Teste Negativo",
              "fullTitle": "Funcionalidade de Board, que representa o quadro no Trello. CT008 - Cenário - Update no Board no Trello com id inválido - Teste Negativo",
              "timedOut": null,
              "duration": 122,
              "state": "passed",
              "speed": "fast",
              "pass": true,
              "fail": false,
              "pending": false,
              "context": "{\n  \"title\": \"cypress-mochawesome-reporter-videos-passed\",\n  \"value\": \"cypress/e2e/features/boards_tests.cy.ts\"\n}",
              "code": "var board_name = \"Automação Cypress - Trello\";\nvar description = \"Teste de Update no Board\";\ncy.update_board(0, board_name, description, API_TOKEN, API_KEY)\n    .then(response => {\n    expect(response.status).to.equal(400);\n    expect(response.body).to.equal(\"invalid id\");\n});",
              "err": {},
              "uuid": "3583e018-ae67-4e64-835d-1cb7b1562132",
              "parentUUID": "c57d34c4-98e7-496f-8b97-f4b1975562a5",
              "isHook": false,
              "skipped": false
            },
            {
              "title": "CT009 - Cenário - Deletar um Board no Trello - Teste Positivo",
              "fullTitle": "Funcionalidade de Board, que representa o quadro no Trello. CT009 - Cenário - Deletar um Board no Trello - Teste Positivo",
              "timedOut": null,
              "duration": 2179,
              "state": "passed",
              "speed": "fast",
              "pass": true,
              "fail": false,
              "pending": false,
              "context": "{\n  \"title\": \"cypress-mochawesome-reporter-videos-passed\",\n  \"value\": \"cypress/e2e/features/boards_tests.cy.ts\"\n}",
              "code": "cy.delete_board(board_id, API_TOKEN, API_KEY)\n    .then(response => {\n    expect(response.status).to.equal(200);\n});",
              "err": {},
              "uuid": "51e25a34-919f-40f5-8bd0-8b0ff939a3d3",
              "parentUUID": "c57d34c4-98e7-496f-8b97-f4b1975562a5",
              "isHook": false,
              "skipped": false
            },
            {
              "title": "CT010 - Cenário - Deletar um Board no Trello com um board_id inválido - Teste Negativo",
              "fullTitle": "Funcionalidade de Board, que representa o quadro no Trello. CT010 - Cenário - Deletar um Board no Trello com um board_id inválido - Teste Negativo",
              "timedOut": null,
              "duration": 110,
              "state": "passed",
              "speed": "fast",
              "pass": true,
              "fail": false,
              "pending": false,
              "context": "{\n  \"title\": \"cypress-mochawesome-reporter-videos-passed\",\n  \"value\": \"cypress/e2e/features/boards_tests.cy.ts\"\n}",
              "code": "cy.delete_board(0, API_TOKEN, API_KEY)\n    .then(response => {\n    expect(response.status).to.equal(400);\n    expect(response.body).to.equal(\"invalid id\");\n});",
              "err": {},
              "uuid": "695f286f-2a33-40a9-8136-c10de45cbf01",
              "parentUUID": "c57d34c4-98e7-496f-8b97-f4b1975562a5",
              "isHook": false,
              "skipped": false
            },
            {
              "title": "CT011 - Cenário - Deletar um Board no Trello com um API_TOKEN inválido - Teste Negativo",
              "fullTitle": "Funcionalidade de Board, que representa o quadro no Trello. CT011 - Cenário - Deletar um Board no Trello com um API_TOKEN inválido - Teste Negativo",
              "timedOut": null,
              "duration": 102,
              "state": "passed",
              "speed": "fast",
              "pass": true,
              "fail": false,
              "pending": false,
              "context": "{\n  \"title\": \"cypress-mochawesome-reporter-videos-passed\",\n  \"value\": \"cypress/e2e/features/boards_tests.cy.ts\"\n}",
              "code": "cy.delete_board(board_id, 0, API_KEY)\n    .then(response => {\n    expect(response.status).to.equal(401);\n    expect(response.body).to.equal(\"invalid app token\");\n});",
              "err": {},
              "uuid": "d0a60f39-5e7c-42c8-9052-83da5c6193bf",
              "parentUUID": "c57d34c4-98e7-496f-8b97-f4b1975562a5",
              "isHook": false,
              "skipped": false
            },
            {
              "title": "CT012 - Cenário - Deletar um Board no Trello com um API_KEY inválido - Teste Negativo",
              "fullTitle": "Funcionalidade de Board, que representa o quadro no Trello. CT012 - Cenário - Deletar um Board no Trello com um API_KEY inválido - Teste Negativo",
              "timedOut": null,
              "duration": 80,
              "state": "passed",
              "speed": "fast",
              "pass": true,
              "fail": false,
              "pending": false,
              "context": "{\n  \"title\": \"cypress-mochawesome-reporter-videos-passed\",\n  \"value\": \"cypress/e2e/features/boards_tests.cy.ts\"\n}",
              "code": "cy.delete_board(board_id, API_TOKEN, 0)\n    .then(response => {\n    expect(response.status).to.equal(401);\n    expect(response.body).to.equal(\"invalid key\");\n});",
              "err": {},
              "uuid": "682e85c7-153b-418e-925e-c9e5687a6994",
              "parentUUID": "c57d34c4-98e7-496f-8b97-f4b1975562a5",
              "isHook": false,
              "skipped": false
            }
          ],
          "suites": [],
          "passes": [
            "51bc3200-6ed9-4f9e-9220-620a1f04a599",
            "6eb66c4d-a7c9-42ea-ab69-fad8b2cb2971",
            "e2d97d0c-0d53-4719-8afb-c269262514a2",
            "dfc6391c-1cfe-4613-97ae-5f921fa2d32e",
            "3e30dc6c-cca0-4398-bac5-a69a29ee32c6",
            "31be0bb5-4454-47a4-8ac5-b74405e41bbc",
            "e0af434a-bd09-42f4-9539-476e6dbaadfb",
            "3583e018-ae67-4e64-835d-1cb7b1562132",
            "51e25a34-919f-40f5-8bd0-8b0ff939a3d3",
            "695f286f-2a33-40a9-8136-c10de45cbf01",
            "d0a60f39-5e7c-42c8-9052-83da5c6193bf",
            "682e85c7-153b-418e-925e-c9e5687a6994"
          ],
          "failures": [],
          "pending": [],
          "skipped": [],
          "duration": 3946,
          "root": false,
          "rootEmpty": false,
          "_timeout": 2000
        }
      ],
      "passes": [],
      "failures": [],
      "pending": [],
      "skipped": [],
      "duration": 0,
      "root": true,
      "rootEmpty": true,
      "_timeout": 2000
    }
  ],
  "meta": {
    "mocha": {
      "version": "7.0.1"
    },
    "mochawesome": {
      "options": {
        "quiet": false,
        "reportFilename": "mochawesomeReport_[datetime]-[name]",
        "saveHtml": false,
        "saveJson": true,
        "consoleReporter": "spec",
        "useInlineDiffs": false,
        "code": true
      },
      "version": "7.1.3"
    },
    "marge": {
      "options": {
        "overwrite": false,
        "html": false,
        "json": true,
        "reportFilename": "mochawesomeReport_[datetime]-[name]",
        "timestamp": "longDate"
      },
      "version": "6.2.0"
    }
  }
}