{
  "stats": {
    "suites": 1,
    "tests": 12,
    "passes": 12,
    "pending": 0,
    "failures": 0,
    "start": "2025-01-11T23:59:28.488Z",
    "end": "2025-01-11T23:59:30.559Z",
    "duration": 2071,
    "testsRegistered": 12,
    "passPercent": 100,
    "pendingPercent": 0,
    "other": 0,
    "hasOther": false,
    "skipped": 0,
    "hasSkipped": false
  },
  "results": [
    {
      "uuid": "1a2226e9-44d9-47e3-90ee-9ef80a132679",
      "title": "",
      "fullFile": "cypress/e2e/features/boards/card_tests.cy.ts",
      "file": "cypress/e2e/features/boards/card_tests.cy.ts",
      "beforeHooks": [],
      "afterHooks": [],
      "tests": [],
      "suites": [
        {
          "uuid": "e0c80bde-3fcf-4356-bc3c-c17edb99e943",
          "title": "Funcionalidade de Card",
          "fullFile": "",
          "file": "",
          "beforeHooks": [],
          "afterHooks": [],
          "tests": [
            {
              "title": "CT001 - Cenário - Criação de um novo Card no Board do Trello - Teste Positivo",
              "fullTitle": "Funcionalidade de Card CT001 - Cenário - Criação de um novo Card no Board do Trello - Teste Positivo",
              "timedOut": null,
              "duration": 524,
              "state": "passed",
              "speed": "fast",
              "pass": true,
              "fail": false,
              "pending": false,
              "context": "{\n  \"title\": \"cypress-mochawesome-reporter-videos-passed\",\n  \"value\": \"cypress/e2e/features/boards/card_tests.cy.ts\"\n}",
              "code": "cy.create_a_card(list_id, nome_card, API_TOKEN, API_KEY)\n    .then(response => {\n    card_id = response.body.id;\n    const idLength = card_id.toString().length;\n    expect(response.status).to.equal(200);\n    expect(response.body.name).to.equal(nome_card);\n    expect(response.body.idList).to.equal(list_id);\n    expect(response.body.idBoard).to.equal(BOARD_ID);\n    expect(idLength).to.eq(24); // Validar se o id do board tem 24 caracteres.\n    // Validar o schema dos dados de retorno do endpoint.\n    expect(response.body).to.be.jsonSchema(_support_schemas_create_card__WEBPACK_IMPORTED_MODULE_0__[\"default\"]);\n});",
              "err": {},
              "uuid": "6c2934ba-cc20-47d3-ae2a-425787b7acfa",
              "parentUUID": "e0c80bde-3fcf-4356-bc3c-c17edb99e943",
              "isHook": false,
              "skipped": false
            },
            {
              "title": "CT002 - Cenário - Criação de um novo Card no Board com list_id inválido - Teste Negativo",
              "fullTitle": "Funcionalidade de Card CT002 - Cenário - Criação de um novo Card no Board com list_id inválido - Teste Negativo",
              "timedOut": null,
              "duration": 100,
              "state": "passed",
              "speed": "fast",
              "pass": true,
              "fail": false,
              "pending": false,
              "context": "{\n  \"title\": \"cypress-mochawesome-reporter-videos-passed\",\n  \"value\": \"cypress/e2e/features/boards/card_tests.cy.ts\"\n}",
              "code": "cy.create_a_card(1, nome_card, API_TOKEN, API_KEY)\n    .then(response => {\n    expect(response.status).to.equal(400);\n    expect(response.body).to.equal(\"invalid value for idList\");\n});",
              "err": {},
              "uuid": "c9dc1290-9045-46c9-a59d-6fdee623f3ee",
              "parentUUID": "e0c80bde-3fcf-4356-bc3c-c17edb99e943",
              "isHook": false,
              "skipped": false
            },
            {
              "title": "CT003 - Cenário - Consulta Card criado no Trello - Teste Positivo",
              "fullTitle": "Funcionalidade de Card CT003 - Cenário - Consulta Card criado no Trello - Teste Positivo",
              "timedOut": null,
              "duration": 126,
              "state": "passed",
              "speed": "fast",
              "pass": true,
              "fail": false,
              "pending": false,
              "context": "{\n  \"title\": \"cypress-mochawesome-reporter-videos-passed\",\n  \"value\": \"cypress/e2e/features/boards/card_tests.cy.ts\"\n}",
              "code": "cy.get_card(card_id, API_TOKEN, API_KEY)\n    .then(response => {\n    expect(response.status).to.equal(200);\n    expect(response.body.name).to.equal(nome_card);\n    expect(response.body.id).to.eq(card_id); // Validar se o id do board tem 24 caracteres.\n    // Validar o schema dos dados de retorno do endpoint.\n    expect(response.body).to.be.jsonSchema(_support_schemas_get_card__WEBPACK_IMPORTED_MODULE_1__[\"default\"]);\n});",
              "err": {},
              "uuid": "1f42ef58-b4b1-4c12-81dc-20a6d1002a1e",
              "parentUUID": "e0c80bde-3fcf-4356-bc3c-c17edb99e943",
              "isHook": false,
              "skipped": false
            },
            {
              "title": "CT004 - Cenário - Consulta um Card criado no Trello com card_id invalido - Teste Negativo",
              "fullTitle": "Funcionalidade de Card CT004 - Cenário - Consulta um Card criado no Trello com card_id invalido - Teste Negativo",
              "timedOut": null,
              "duration": 93,
              "state": "passed",
              "speed": "fast",
              "pass": true,
              "fail": false,
              "pending": false,
              "context": "{\n  \"title\": \"cypress-mochawesome-reporter-videos-passed\",\n  \"value\": \"cypress/e2e/features/boards/card_tests.cy.ts\"\n}",
              "code": "cy.get_card(0, API_TOKEN, API_KEY)\n    .then(response => {\n    expect(response.status).to.equal(400);\n    expect(response.body).to.equal(\"invalid id\");\n});",
              "err": {},
              "uuid": "f0385f18-d3a3-49e8-b0bb-6e0d2d29a897",
              "parentUUID": "e0c80bde-3fcf-4356-bc3c-c17edb99e943",
              "isHook": false,
              "skipped": false
            },
            {
              "title": "CT005 - Cenário - Criação de um novo Card no Board com API_TOKEN inválido - Teste Negativo",
              "fullTitle": "Funcionalidade de Card CT005 - Cenário - Criação de um novo Card no Board com API_TOKEN inválido - Teste Negativo",
              "timedOut": null,
              "duration": 93,
              "state": "passed",
              "speed": "fast",
              "pass": true,
              "fail": false,
              "pending": false,
              "context": "{\n  \"title\": \"cypress-mochawesome-reporter-videos-passed\",\n  \"value\": \"cypress/e2e/features/boards/card_tests.cy.ts\"\n}",
              "code": "cy.create_a_card(list_id, nome_card, 12345, API_KEY)\n    .then(response => {\n    expect(response.status).to.equal(401);\n    expect(response.body).to.equal(\"invalid app token\");\n});",
              "err": {},
              "uuid": "61553080-ceaa-4389-b3ae-0aab5a6e8b8f",
              "parentUUID": "e0c80bde-3fcf-4356-bc3c-c17edb99e943",
              "isHook": false,
              "skipped": false
            },
            {
              "title": "CT006 - Cenário - Criação de um novo Card no Board com API_KEY inválido - Teste Negativo",
              "fullTitle": "Funcionalidade de Card CT006 - Cenário - Criação de um novo Card no Board com API_KEY inválido - Teste Negativo",
              "timedOut": null,
              "duration": 83,
              "state": "passed",
              "speed": "fast",
              "pass": true,
              "fail": false,
              "pending": false,
              "context": "{\n  \"title\": \"cypress-mochawesome-reporter-videos-passed\",\n  \"value\": \"cypress/e2e/features/boards/card_tests.cy.ts\"\n}",
              "code": "cy.create_a_card(list_id, nome_card, API_TOKEN, 12345)\n    .then(response => {\n    expect(response.status).to.equal(401);\n    expect(response.body).to.equal(\"invalid key\");\n});",
              "err": {},
              "uuid": "216498d0-06a9-491c-ac83-2eb73d1e3c17",
              "parentUUID": "e0c80bde-3fcf-4356-bc3c-c17edb99e943",
              "isHook": false,
              "skipped": false
            },
            {
              "title": "CT007 - Cenário - Atualizar um Card no Trello - Teste Positivo",
              "fullTitle": "Funcionalidade de Card CT007 - Cenário - Atualizar um Card no Trello - Teste Positivo",
              "timedOut": null,
              "duration": 195,
              "state": "passed",
              "speed": "fast",
              "pass": true,
              "fail": false,
              "pending": false,
              "context": "{\n  \"title\": \"cypress-mochawesome-reporter-videos-passed\",\n  \"value\": \"cypress/e2e/features/boards/card_tests.cy.ts\"\n}",
              "code": "cy.update_card(card_id, board_name, description, API_TOKEN, API_KEY)\n    .then(response => {\n    expect(response.status).to.equal(200);\n    expect(response.body.name).to.equal(board_name);\n    expect(response.body.desc).to.equal(description);\n    expect(response.body.id).to.eq(card_id); // Validar se o id do board tem 24 caracteres.\n    // Validar o schema dos dados de retorno do endpoint.\n    expect(response.body).to.be.jsonSchema(_support_schemas_get_card__WEBPACK_IMPORTED_MODULE_1__[\"default\"]);\n});",
              "err": {},
              "uuid": "f8cbe337-0923-4905-92ad-a5b8ad750c3b",
              "parentUUID": "e0c80bde-3fcf-4356-bc3c-c17edb99e943",
              "isHook": false,
              "skipped": false
            },
            {
              "title": "CT008 - Cenário - Update um Card no Trello com id inválido - Teste Negativo",
              "fullTitle": "Funcionalidade de Card CT008 - Cenário - Update um Card no Trello com id inválido - Teste Negativo",
              "timedOut": null,
              "duration": 91,
              "state": "passed",
              "speed": "fast",
              "pass": true,
              "fail": false,
              "pending": false,
              "context": "{\n  \"title\": \"cypress-mochawesome-reporter-videos-passed\",\n  \"value\": \"cypress/e2e/features/boards/card_tests.cy.ts\"\n}",
              "code": "cy.update_board(0, board_name, description, API_TOKEN, API_KEY)\n    .then(response => {\n    expect(response.status).to.equal(400);\n    expect(response.body).to.equal(\"invalid id\");\n});",
              "err": {},
              "uuid": "919dd21b-8985-4895-80a7-5072d7987e2d",
              "parentUUID": "e0c80bde-3fcf-4356-bc3c-c17edb99e943",
              "isHook": false,
              "skipped": false
            },
            {
              "title": "CT009 - Cenário - Exclusão de um Card no Board do Trello - Teste Positivo",
              "fullTitle": "Funcionalidade de Card CT009 - Cenário - Exclusão de um Card no Board do Trello - Teste Positivo",
              "timedOut": null,
              "duration": 445,
              "state": "passed",
              "speed": "fast",
              "pass": true,
              "fail": false,
              "pending": false,
              "context": "{\n  \"title\": \"cypress-mochawesome-reporter-videos-passed\",\n  \"value\": \"cypress/e2e/features/boards/card_tests.cy.ts\"\n}",
              "code": "cy.delete_card(card_id, API_TOKEN, API_KEY)\n    .then(response => {\n    expect(response.status).to.equal(200);\n});",
              "err": {},
              "uuid": "555a7dc9-99c4-4a6f-991f-51a58b29a7c0",
              "parentUUID": "e0c80bde-3fcf-4356-bc3c-c17edb99e943",
              "isHook": false,
              "skipped": false
            },
            {
              "title": "CT010 - Cenário - Exclusão de um Card no Board com card_id inexistente - Teste Negativo",
              "fullTitle": "Funcionalidade de Card CT010 - Cenário - Exclusão de um Card no Board com card_id inexistente - Teste Negativo",
              "timedOut": null,
              "duration": 103,
              "state": "passed",
              "speed": "fast",
              "pass": true,
              "fail": false,
              "pending": false,
              "context": "{\n  \"title\": \"cypress-mochawesome-reporter-videos-passed\",\n  \"value\": \"cypress/e2e/features/boards/card_tests.cy.ts\"\n}",
              "code": "cy.delete_card(1, API_TOKEN, API_KEY)\n    .then(response => {\n    expect(response.status).to.equal(400);\n    expect(response.body).to.equal(\"invalid id\");\n});",
              "err": {},
              "uuid": "f6b497fd-e568-40d6-b429-e7f455f870c7",
              "parentUUID": "e0c80bde-3fcf-4356-bc3c-c17edb99e943",
              "isHook": false,
              "skipped": false
            },
            {
              "title": "CT011 - Cenário - Exclusão de um Card no Board com API_TOKEN inválido - Teste Negativo",
              "fullTitle": "Funcionalidade de Card CT011 - Cenário - Exclusão de um Card no Board com API_TOKEN inválido - Teste Negativo",
              "timedOut": null,
              "duration": 84,
              "state": "passed",
              "speed": "fast",
              "pass": true,
              "fail": false,
              "pending": false,
              "context": "{\n  \"title\": \"cypress-mochawesome-reporter-videos-passed\",\n  \"value\": \"cypress/e2e/features/boards/card_tests.cy.ts\"\n}",
              "code": "cy.delete_card(1, 12345, API_KEY)\n    .then(response => {\n    expect(response.status).to.equal(401);\n    expect(response.body).to.equal(\"invalid app token\");\n});",
              "err": {},
              "uuid": "c7b9ae20-05bc-4767-9d8a-18d7b3e88666",
              "parentUUID": "e0c80bde-3fcf-4356-bc3c-c17edb99e943",
              "isHook": false,
              "skipped": false
            },
            {
              "title": "CT012 - Cenário - Exclusão de um Card no Board com API_KEY inválido - Teste Negativo",
              "fullTitle": "Funcionalidade de Card CT012 - Cenário - Exclusão de um Card no Board com API_KEY inválido - Teste Negativo",
              "timedOut": null,
              "duration": 83,
              "state": "passed",
              "speed": "fast",
              "pass": true,
              "fail": false,
              "pending": false,
              "context": "{\n  \"title\": \"cypress-mochawesome-reporter-videos-passed\",\n  \"value\": \"cypress/e2e/features/boards/card_tests.cy.ts\"\n}",
              "code": "cy.delete_card(1, API_TOKEN, 123)\n    .then(response => {\n    expect(response.status).to.equal(401);\n    expect(response.body).to.equal(\"invalid key\");\n});",
              "err": {},
              "uuid": "10cd070e-db8c-439f-8876-75ab72591aa6",
              "parentUUID": "e0c80bde-3fcf-4356-bc3c-c17edb99e943",
              "isHook": false,
              "skipped": false
            }
          ],
          "suites": [],
          "passes": [
            "6c2934ba-cc20-47d3-ae2a-425787b7acfa",
            "c9dc1290-9045-46c9-a59d-6fdee623f3ee",
            "1f42ef58-b4b1-4c12-81dc-20a6d1002a1e",
            "f0385f18-d3a3-49e8-b0bb-6e0d2d29a897",
            "61553080-ceaa-4389-b3ae-0aab5a6e8b8f",
            "216498d0-06a9-491c-ac83-2eb73d1e3c17",
            "f8cbe337-0923-4905-92ad-a5b8ad750c3b",
            "919dd21b-8985-4895-80a7-5072d7987e2d",
            "555a7dc9-99c4-4a6f-991f-51a58b29a7c0",
            "f6b497fd-e568-40d6-b429-e7f455f870c7",
            "c7b9ae20-05bc-4767-9d8a-18d7b3e88666",
            "10cd070e-db8c-439f-8876-75ab72591aa6"
          ],
          "failures": [],
          "pending": [],
          "skipped": [],
          "duration": 2020,
          "root": false,
          "rootEmpty": false,
          "_timeout": 2000
        }
      ],
      "passes": [],
      "failures": [],
      "pending": [],
      "skipped": [],
      "duration": 0,
      "root": true,
      "rootEmpty": true,
      "_timeout": 2000
    }
  ],
  "meta": {
    "mocha": {
      "version": "7.0.1"
    },
    "mochawesome": {
      "options": {
        "quiet": false,
        "reportFilename": "mochawesome",
        "saveHtml": false,
        "saveJson": true,
        "consoleReporter": "spec",
        "useInlineDiffs": false,
        "code": true
      },
      "version": "7.1.3"
    },
    "marge": {
      "options": {
        "overwrite": false,
        "html": false,
        "json": true
      },
      "version": "6.2.0"
    }
  }
}