{
  "stats": {
    "suites": 1,
    "tests": 2,
    "passes": 2,
    "pending": 0,
    "failures": 0,
    "start": "2025-01-06T23:26:39.075Z",
    "end": "2025-01-06T23:26:40.128Z",
    "duration": 1053,
    "testsRegistered": 2,
    "passPercent": 100,
    "pendingPercent": 0,
    "other": 0,
    "hasOther": false,
    "skipped": 0,
    "hasSkipped": false
  },
  "results": [
    {
      "uuid": "62afc323-50ff-4e66-9ee4-3986a53b35e8",
      "title": "",
      "fullFile": "cypress/e2e/features/boards/card_tests.cy.ts",
      "file": "cypress/e2e/features/boards/card_tests.cy.ts",
      "beforeHooks": [],
      "afterHooks": [],
      "tests": [],
      "suites": [
        {
          "uuid": "b0f7bd4d-110b-411d-9eeb-fbc539b87451",
          "title": "Feature Card",
          "fullFile": "",
          "file": "",
          "beforeHooks": [],
          "afterHooks": [],
          "tests": [
            {
              "title": "Validated new Card",
              "fullTitle": "Feature Card Validated new Card",
              "timedOut": null,
              "duration": 470,
              "state": "passed",
              "speed": "fast",
              "pass": true,
              "fail": false,
              "pending": false,
              "context": "{\n  \"title\": \"cypress-mochawesome-reporter-videos-passed\",\n  \"value\": \"cypress/e2e/features/boards/card_tests.cy.ts\"\n}",
              "code": "cy.create_a_new_list(board_id)\n    .then(response => {\n    expect(response.status).to.equal(200);\n    list_id = response.body.id;\n});\ncy.create_a_card(list_id)\n    .then(response => {\n    expect(response.status).to.equal(200);\n    card_id = response.body.id;\n});",
              "err": {},
              "uuid": "9b7ebf33-3f32-4f1d-86a3-5809df32e97d",
              "parentUUID": "b0f7bd4d-110b-411d-9eeb-fbc539b87451",
              "isHook": false,
              "skipped": false
            },
            {
              "title": "Validated delete Card",
              "fullTitle": "Feature Card Validated delete Card",
              "timedOut": null,
              "duration": 567,
              "state": "passed",
              "speed": "fast",
              "pass": true,
              "fail": false,
              "pending": false,
              "context": "{\n  \"title\": \"cypress-mochawesome-reporter-videos-passed\",\n  \"value\": \"cypress/e2e/features/boards/card_tests.cy.ts\"\n}",
              "code": "cy.open_boards();\ncy.delete_card(card_id)\n    .then(response => {\n    expect(response.status).to.equal(200);\n});",
              "err": {},
              "uuid": "6d90116a-6751-47dc-be32-5ee2cabb3908",
              "parentUUID": "b0f7bd4d-110b-411d-9eeb-fbc539b87451",
              "isHook": false,
              "skipped": false
            }
          ],
          "suites": [],
          "passes": [
            "9b7ebf33-3f32-4f1d-86a3-5809df32e97d",
            "6d90116a-6751-47dc-be32-5ee2cabb3908"
          ],
          "failures": [],
          "pending": [],
          "skipped": [],
          "duration": 1037,
          "root": false,
          "rootEmpty": false,
          "_timeout": 2000
        }
      ],
      "passes": [],
      "failures": [],
      "pending": [],
      "skipped": [],
      "duration": 0,
      "root": true,
      "rootEmpty": true,
      "_timeout": 2000
    }
  ],
  "meta": {
    "mocha": {
      "version": "7.0.1"
    },
    "mochawesome": {
      "options": {
        "quiet": false,
        "reportFilename": "mochawesome",
        "saveHtml": false,
        "saveJson": true,
        "consoleReporter": "spec",
        "useInlineDiffs": false,
        "code": true
      },
      "version": "7.1.3"
    },
    "marge": {
      "options": {
        "overwrite": false,
        "html": false,
        "json": true
      },
      "version": "6.2.0"
    }
  }
}