{
  "stats": {
    "suites": 1,
    "tests": 8,
    "passes": 8,
    "pending": 0,
    "failures": 0,
    "start": "2025-01-07T19:26:48.796Z",
    "end": "2025-01-07T19:26:51.087Z",
    "duration": 2291,
    "testsRegistered": 8,
    "passPercent": 100,
    "pendingPercent": 0,
    "other": 0,
    "hasOther": false,
    "skipped": 0,
    "hasSkipped": false
  },
  "results": [
    {
      "uuid": "2894bd94-cd6a-4a50-b2d4-997fbdf8d6e3",
      "title": "",
      "fullFile": "cypress/e2e/features/boards/card_tests.cy.ts",
      "file": "cypress/e2e/features/boards/card_tests.cy.ts",
      "beforeHooks": [],
      "afterHooks": [],
      "tests": [],
      "suites": [
        {
          "uuid": "98ef6ac8-066e-438c-8b51-d7d566fe3444",
          "title": "Funcionalidade de Card",
          "fullFile": "",
          "file": "",
          "beforeHooks": [],
          "afterHooks": [],
          "tests": [
            {
              "title": "CT001 - Cenário - Criação de um novo Card no Board do Trello - Teste Positivo",
              "fullTitle": "Funcionalidade de Card CT001 - Cenário - Criação de um novo Card no Board do Trello - Teste Positivo",
              "timedOut": null,
              "duration": 606,
              "state": "passed",
              "speed": "fast",
              "pass": true,
              "fail": false,
              "pending": false,
              "context": "{\n  \"title\": \"cypress-mochawesome-reporter-videos-passed\",\n  \"value\": \"cypress/e2e/features/boards/card_tests.cy.ts\"\n}",
              "code": "cy.create_a_card(list_id, API_TOKEN, API_KEY)\n    .then(response => {\n    expect(response.status).to.equal(200);\n    // Validar o schema dos dados de retorno do endpoint.\n    expect(response.body).to.be.jsonSchema(_support_schemas_create_card__WEBPACK_IMPORTED_MODULE_0__[\"default\"]);\n    card_id = response.body.id;\n});",
              "err": {},
              "uuid": "dd80d26e-d9c4-4f89-96ef-03e017d94a66",
              "parentUUID": "98ef6ac8-066e-438c-8b51-d7d566fe3444",
              "isHook": false,
              "skipped": false
            },
            {
              "title": "CT002 - Cenário - Criação de um novo Card no Board com list_id inválido - Teste Negativo",
              "fullTitle": "Funcionalidade de Card CT002 - Cenário - Criação de um novo Card no Board com list_id inválido - Teste Negativo",
              "timedOut": null,
              "duration": 97,
              "state": "passed",
              "speed": "fast",
              "pass": true,
              "fail": false,
              "pending": false,
              "context": "{\n  \"title\": \"cypress-mochawesome-reporter-videos-passed\",\n  \"value\": \"cypress/e2e/features/boards/card_tests.cy.ts\"\n}",
              "code": "cy.create_a_card(1, API_TOKEN, API_KEY)\n    .then(response => {\n    expect(response.status).to.equal(400);\n    expect(response.body).to.equal(\"invalid value for idList\");\n});",
              "err": {},
              "uuid": "b35ba239-978c-46af-96eb-09444f9e1c63",
              "parentUUID": "98ef6ac8-066e-438c-8b51-d7d566fe3444",
              "isHook": false,
              "skipped": false
            },
            {
              "title": "CT003 - Cenário - Criação de um novo Card no Board com API_TOKEN inválido - Teste Negativo",
              "fullTitle": "Funcionalidade de Card CT003 - Cenário - Criação de um novo Card no Board com API_TOKEN inválido - Teste Negativo",
              "timedOut": null,
              "duration": 101,
              "state": "passed",
              "speed": "fast",
              "pass": true,
              "fail": false,
              "pending": false,
              "context": "{\n  \"title\": \"cypress-mochawesome-reporter-videos-passed\",\n  \"value\": \"cypress/e2e/features/boards/card_tests.cy.ts\"\n}",
              "code": "cy.create_a_card(1, 12345, API_KEY)\n    .then(response => {\n    expect(response.status).to.equal(401);\n    expect(response.body).to.equal(\"invalid app token\");\n});",
              "err": {},
              "uuid": "ae85dc83-7064-4894-a60a-129e341ba2fd",
              "parentUUID": "98ef6ac8-066e-438c-8b51-d7d566fe3444",
              "isHook": false,
              "skipped": false
            },
            {
              "title": "CT004 - Cenário - Criação de um novo Card no Board com API_KEY inválido - Teste Negativo",
              "fullTitle": "Funcionalidade de Card CT004 - Cenário - Criação de um novo Card no Board com API_KEY inválido - Teste Negativo",
              "timedOut": null,
              "duration": 84,
              "state": "passed",
              "speed": "fast",
              "pass": true,
              "fail": false,
              "pending": false,
              "context": "{\n  \"title\": \"cypress-mochawesome-reporter-videos-passed\",\n  \"value\": \"cypress/e2e/features/boards/card_tests.cy.ts\"\n}",
              "code": "cy.create_a_card(1, API_TOKEN, 12345)\n    .then(response => {\n    expect(response.status).to.equal(401);\n    expect(response.body).to.equal(\"invalid key\");\n});",
              "err": {},
              "uuid": "28804aaf-5211-4bfc-a050-6aef0fc4ec00",
              "parentUUID": "98ef6ac8-066e-438c-8b51-d7d566fe3444",
              "isHook": false,
              "skipped": false
            },
            {
              "title": "CT005 - Cenário - Exclusão de um Card no Board do Trello - Teste Positivo",
              "fullTitle": "Funcionalidade de Card CT005 - Cenário - Exclusão de um Card no Board do Trello - Teste Positivo",
              "timedOut": null,
              "duration": 635,
              "state": "passed",
              "speed": "fast",
              "pass": true,
              "fail": false,
              "pending": false,
              "context": "{\n  \"title\": \"cypress-mochawesome-reporter-videos-passed\",\n  \"value\": \"cypress/e2e/features/boards/card_tests.cy.ts\"\n}",
              "code": "cy.open_boards();\ncy.delete_card(card_id, API_TOKEN, API_KEY)\n    .then(response => {\n    expect(response.status).to.equal(200);\n});",
              "err": {},
              "uuid": "30e3b42c-78d5-496d-a53a-cb93e6d11509",
              "parentUUID": "98ef6ac8-066e-438c-8b51-d7d566fe3444",
              "isHook": false,
              "skipped": false
            },
            {
              "title": "CT006 - Cenário - Exclusão de um Card no Board com card_id inexistente - Teste Negativo",
              "fullTitle": "Funcionalidade de Card CT006 - Cenário - Exclusão de um Card no Board com card_id inexistente - Teste Negativo",
              "timedOut": null,
              "duration": 268,
              "state": "passed",
              "speed": "fast",
              "pass": true,
              "fail": false,
              "pending": false,
              "context": "{\n  \"title\": \"cypress-mochawesome-reporter-videos-passed\",\n  \"value\": \"cypress/e2e/features/boards/card_tests.cy.ts\"\n}",
              "code": "cy.open_boards();\ncy.delete_card(1, API_TOKEN, API_KEY)\n    .then(response => {\n    expect(response.status).to.equal(400);\n    expect(response.body).to.equal(\"invalid id\");\n});",
              "err": {},
              "uuid": "444d4376-e7c9-4687-a705-eaa19a69157d",
              "parentUUID": "98ef6ac8-066e-438c-8b51-d7d566fe3444",
              "isHook": false,
              "skipped": false
            },
            {
              "title": "CT007 - Cenário - Exclusão de um Card no Board com API_TOKEN inválido - Teste Negativo",
              "fullTitle": "Funcionalidade de Card CT007 - Cenário - Exclusão de um Card no Board com API_TOKEN inválido - Teste Negativo",
              "timedOut": null,
              "duration": 214,
              "state": "passed",
              "speed": "fast",
              "pass": true,
              "fail": false,
              "pending": false,
              "context": "{\n  \"title\": \"cypress-mochawesome-reporter-videos-passed\",\n  \"value\": \"cypress/e2e/features/boards/card_tests.cy.ts\"\n}",
              "code": "cy.open_boards();\ncy.delete_card(1, 12345, API_KEY)\n    .then(response => {\n    expect(response.status).to.equal(401);\n    expect(response.body).to.equal(\"invalid app token\");\n});",
              "err": {},
              "uuid": "348fb559-c5d6-4dff-9f75-73ecccf8774e",
              "parentUUID": "98ef6ac8-066e-438c-8b51-d7d566fe3444",
              "isHook": false,
              "skipped": false
            },
            {
              "title": "CT008 - Cenário - Exclusão de um Card no Board com API_KEY inválido - Teste Negativo",
              "fullTitle": "Funcionalidade de Card CT008 - Cenário - Exclusão de um Card no Board com API_KEY inválido - Teste Negativo",
              "timedOut": null,
              "duration": 261,
              "state": "passed",
              "speed": "fast",
              "pass": true,
              "fail": false,
              "pending": false,
              "context": "{\n  \"title\": \"cypress-mochawesome-reporter-videos-passed\",\n  \"value\": \"cypress/e2e/features/boards/card_tests.cy.ts\"\n}",
              "code": "cy.open_boards();\ncy.delete_card(1, API_TOKEN, 123)\n    .then(response => {\n    expect(response.status).to.equal(401);\n    expect(response.body).to.equal(\"invalid key\");\n});",
              "err": {},
              "uuid": "5a0652d0-b09a-47f5-ba24-649f9014d36c",
              "parentUUID": "98ef6ac8-066e-438c-8b51-d7d566fe3444",
              "isHook": false,
              "skipped": false
            }
          ],
          "suites": [],
          "passes": [
            "dd80d26e-d9c4-4f89-96ef-03e017d94a66",
            "b35ba239-978c-46af-96eb-09444f9e1c63",
            "ae85dc83-7064-4894-a60a-129e341ba2fd",
            "28804aaf-5211-4bfc-a050-6aef0fc4ec00",
            "30e3b42c-78d5-496d-a53a-cb93e6d11509",
            "444d4376-e7c9-4687-a705-eaa19a69157d",
            "348fb559-c5d6-4dff-9f75-73ecccf8774e",
            "5a0652d0-b09a-47f5-ba24-649f9014d36c"
          ],
          "failures": [],
          "pending": [],
          "skipped": [],
          "duration": 2266,
          "root": false,
          "rootEmpty": false,
          "_timeout": 2000
        }
      ],
      "passes": [],
      "failures": [],
      "pending": [],
      "skipped": [],
      "duration": 0,
      "root": true,
      "rootEmpty": true,
      "_timeout": 2000
    }
  ],
  "meta": {
    "mocha": {
      "version": "7.0.1"
    },
    "mochawesome": {
      "options": {
        "quiet": false,
        "reportFilename": "mochawesome",
        "saveHtml": false,
        "saveJson": true,
        "consoleReporter": "spec",
        "useInlineDiffs": false,
        "code": true
      },
      "version": "7.1.3"
    },
    "marge": {
      "options": {
        "overwrite": false,
        "html": false,
        "json": true
      },
      "version": "6.2.0"
    }
  }
}